#
# A fatal error has been detected by the Java Runtime Environment:
#
#  SIGSEGV (0xb) at pc=0x00007fe477b4fa73, pid=16225, tid=16227
#
# JRE version: OpenJDK Runtime Environment (11.0.6+10) (build 11.0.6+10-post-Ubuntu-1ubuntu118.04.1)
# Java VM: OpenJDK 64-Bit Server VM (11.0.6+10-post-Ubuntu-1ubuntu118.04.1, mixed mode, sharing, tiered, compressed oops, g1 gc, linux-amd64)
# Problematic frame:
# C  [libglfw.so+0x7a73]
#
# Core dump will be written. Default location: Core dumps may be processed with "/usr/share/apport/apport %p %s %c %d %P" (or dumping to /home/artur/eclipse-workspaces/Jogo/firstJogo/core.16225)
#
# If you would like to submit a bug report, please visit:
#   https://bugs.launchpad.net/ubuntu/+source/openjdk-lts
# The crash happened outside the Java Virtual Machine in native code.
# See problematic frame for where to report the bug.
#

---------------  S U M M A R Y ------------

Command Line: -Dfile.encoding=UTF-8 com.firstJogo.main.Main

Host: Intel(R) Core(TM) i5-3337U CPU @ 1.80GHz, 4 cores, 5G, Ubuntu 18.04.4 LTS
Time: Fri Feb 28 13:27:22 2020 -03 elapsed time: 0 seconds (0d 0h 0m 0s)

---------------  T H R E A D  ---------------

Current thread (0x00007fe4d0015000):  JavaThread "main" [_thread_in_native, id=16227, stack(0x00007fe4d7b8f000,0x00007fe4d7c90000)]

Stack: [0x00007fe4d7b8f000,0x00007fe4d7c90000],  sp=0x00007fe4d7c8e280,  free space=1020k
Native frames: (J=compiled Java code, A=aot compiled Java code, j=interpreted, Vv=VM code, C=native code)
C  [libglfw.so+0x7a73]
j  org.lwjgl.glfw.GLFW.nglfwCreateWindow(IIJJJ)J+14
j  org.lwjgl.glfw.GLFW.glfwCreateWindow(IILjava/lang/CharSequence;JJ)J+37
j  com.firstJogo.main.Main.initvisual()V+51
j  com.firstJogo.main.Main.main([Ljava/lang/String;)V+0
v  ~StubRoutines::call_stub
V  [libjvm.so+0x8493b9]
V  [libjvm.so+0x8c5e4d]
V  [libjvm.so+0x8c831e]
C  [libjli.so+0x5856]
C  [libjli.so+0x92cd]

Java frames: (J=compiled Java code, j=interpreted, Vv=VM code)
j  org.lwjgl.system.JNI.invokePPPP(IIJJJJ)J+0
j  org.lwjgl.glfw.GLFW.nglfwCreateWindow(IIJJJ)J+14
j  org.lwjgl.glfw.GLFW.glfwCreateWindow(IILjava/lang/CharSequence;JJ)J+37
j  com.firstJogo.main.Main.initvisual()V+51
j  com.firstJogo.main.Main.main([Ljava/lang/String;)V+0
v  ~StubRoutines::call_stub

siginfo: si_signo: 11 (SIGSEGV), si_code: 1 (SEGV_MAPERR), si_addr: 0x00000000000001f9

Register to memory mapping:

RAX=0x0000000000000001 is an unknown value
RBX=0x00007fe477d8c260: <offset 0x0000000000244260> in /tmp/lwjglartur/3.2.3-build-13/libglfw.so at 0x00007fe477b48000
RCX=0x0000000000030001 is an unknown value
RDX=0x00007fe4d028e374 points into unknown readable memory: 4d 69 63 72
RSP=0x00007fe4d7c8e280 is pointing into the stack for thread: 0x00007fe4d0015000
RBP=0x00007fe4d7c8e758 is pointing into the stack for thread: 0x00007fe4d0015000
RSI=0x00007fe477d8c600: <offset 0x0000000000244600> in /tmp/lwjglartur/3.2.3-build-13/libglfw.so at 0x00007fe477b48000
RDI=0x00007fe4d7c8e2a0 is pointing into the stack for thread: 0x00007fe4d0015000
R8 =0x0000000000000001 is an unknown value
R9 =0x0000000000000001 is an unknown value
R10=0x00007fe4b87198c1 is at code_begin+897 in an Interpreter codelet
method entry point (kind = native)  [0x00007fe4b8719540, 0x00007fe4b8719f80]  2624 bytes
R11=0x00000000ab569ee8 points into unknown readable memory: 01 cc 77 6f 7d 00 00 00
R12=0x00000000000001e0 is an unknown value
R13=0x00000000000001e0 is an unknown value
R14=0x0 is NULL
R15=0x00007fe4d7c8e2a0 is pointing into the stack for thread: 0x00007fe4d0015000


Registers:
RAX=0x0000000000000001, RBX=0x00007fe477d8c260, RCX=0x0000000000030001, RDX=0x00007fe4d028e374
RSP=0x00007fe4d7c8e280, RBP=0x00007fe4d7c8e758, RSI=0x00007fe477d8c600, RDI=0x00007fe4d7c8e2a0
R8 =0x0000000000000001, R9 =0x0000000000000001, R10=0x00007fe4b87198c1, R11=0x00000000ab569ee8
R12=0x00000000000001e0, R13=0x00000000000001e0, R14=0x0000000000000000, R15=0x00007fe4d7c8e2a0
RIP=0x00007fe477b4fa73, EFLAGS=0x0000000000010202, CSGSFS=0x002b000000000033, ERR=0x0000000000000004
  TRAPNO=0x000000000000000e

Top of Stack: (sp=0x00007fe4d7c8e280)
0x00007fe4d7c8e280:   00007fe4d7c8e2a0 00007fe477b56989
0x00007fe4d7c8e290:   0000000000000000 00007fe4d7c8e330
0x00007fe4d7c8e2a0:   0003600100030001 0000000000000001
0x00007fe4d7c8e2b0:   0000000000000000 0000000000000000 

Instructions: (pc=0x00007fe477b4fa73)
0x00007fe477b4f973:   b8 c8 23 00 48 8d 3d aa c8 23 00 55 48 29 f8 48
0x00007fe477b4f983:   89 e5 48 83 f8 0e 77 02 5d c3 48 8b 05 44 b6 23
0x00007fe477b4f993:   00 48 85 c0 74 f2 5d ff e0 0f 1f 40 00 48 8d 05
0x00007fe477b4f9a3:   81 c8 23 00 48 8d 3d 7a c8 23 00 55 48 29 f8 48
0x00007fe477b4f9b3:   89 e5 48 c1 f8 03 48 89 c2 48 c1 ea 3f 48 01 d0
0x00007fe477b4f9c3:   48 d1 f8 75 02 5d c3 48 8b 15 1f b6 23 00 48 85
0x00007fe477b4f9d3:   d2 74 f2 5d 48 89 c6 ff e2 0f 1f 40 00 80 3d 59
0x00007fe477b4f9e3:   c8 23 00 00 75 27 48 83 3d 07 b6 23 00 00 55 48
0x00007fe477b4f9f3:   89 e5 74 0c 48 8b 3d 22 bb 23 00 e8 65 ff ff ff
0x00007fe477b4fa03:   e8 68 ff ff ff 5d c6 05 30 c8 23 00 01 f3 c3 0f
0x00007fe477b4fa13:   1f 40 00 66 2e 0f 1f 84 00 00 00 00 00 48 83 3d
0x00007fe477b4fa23:   98 b3 23 00 00 74 26 48 8b 05 b7 b5 23 00 48 85
0x00007fe477b4fa33:   c0 74 1a 55 48 8d 3d 82 b3 23 00 48 89 e5 ff d0
0x00007fe477b4fa43:   5d e9 57 ff ff ff 0f 1f 80 00 00 00 00 e9 4b ff
0x00007fe477b4fa53:   ff ff 66 2e 0f 1f 84 00 00 00 00 00 90 48 83 ec
0x00007fe477b4fa63:   08 48 8b 47 28 48 85 c0 74 10 8b 0f 85 c9 74 7d
0x00007fe477b4fa73:   8b 90 f8 01 00 00 85 d2 74 73 8b 57 04 8d 82 ff
0x00007fe477b4fa83:   9f fc ff 83 f8 02 0f 87 f1 00 00 00 8b 17 81 fa
0x00007fe477b4fa93:   01 00 03 00 74 04 85 d2 75 6b 81 fa 01 00 03 00
0x00007fe477b4faa3:   0f 84 17 01 00 00 81 fa 02 00 03 00 74 63 8b 57
0x00007fe477b4fab3:   20 85 d2 0f 85 9c 00 00 00 8b 57 24 b8 01 00 00
0x00007fe477b4fac3:   00 85 d2 74 38 8d 8a ff af fc ff 83 f9 01 76 2d
0x00007fe477b4fad3:   48 8d 35 e6 73 01 00 31 c0 bf 03 00 01 00 e8 fa
0x00007fe477b4fae3:   0e 00 00 31 c0 eb 16 66 0f 1f 44 00 00 31 c0 31
0x00007fe477b4faf3:   f6 bf 0a 00 01 00 e8 e2 0e 00 00 31 c0 48 83 c4
0x00007fe477b4fb03:   08 c3 0f 1f 00 81 fa 02 00 03 00 0f 85 8c 00 00
0x00007fe477b4fb13:   00 8b 57 08 8b 4f 0c 85 d2 7e 20 85 c9 78 1c 83
0x00007fe477b4fb23:   fa 01 0f 84 35 01 00 00 83 fa 02 66 90 0f 85 7b
0x00007fe477b4fb33:   ff ff ff 85 c9 0f 84 73 ff ff ff 48 8d 35 33 73
0x00007fe477b4fb43:   01 00 31 c0 bf 04 00 01 00 e8 8f 0e 00 00 31 c0
0x00007fe477b4fb53:   eb ab 0f 1f 00 8d 82 ff ef fc ff 83 f8 01 0f 86
0x00007fe477b4fb63:   55 ff ff ff 48 8d 35 2a 73 01 00 31 c0 bf 03 00 


Stack slot to memory mapping:
stack at sp + 0 slots: 0x00007fe4d7c8e2a0 is pointing into the stack for thread: 0x00007fe4d0015000
stack at sp + 1 slots: 0x00007fe477b56989: glfwCreateWindow+0x0000000000000139 in /tmp/lwjglartur/3.2.3-build-13/libglfw.so at 0x00007fe477b48000
stack at sp + 2 slots: 0x0 is NULL
stack at sp + 3 slots: 0x00007fe4d7c8e330 is pointing into the stack for thread: 0x00007fe4d0015000
stack at sp + 4 slots: 0x0003600100030001 is an unknown value
stack at sp + 5 slots: 0x0000000000000001 is an unknown value
stack at sp + 6 slots: 0x0 is NULL
stack at sp + 7 slots: 0x0 is NULL


---------------  P R O C E S S  ---------------

Threads class SMR info:
_java_thread_list=0x00007fe4d0138840, length=9, elements={
0x00007fe4d0015000, 0x00007fe4d00e4800, 0x00007fe4d00e6800, 0x00007fe4d00ed000,
0x00007fe4d00ef000, 0x00007fe4d00f1000, 0x00007fe4d00f3000, 0x00007fe4d0132000,
0x00007fe4d0137000
}

Java Threads: ( => current thread )
=>0x00007fe4d0015000 JavaThread "main" [_thread_in_native, id=16227, stack(0x00007fe4d7b8f000,0x00007fe4d7c90000)]
  0x00007fe4d00e4800 JavaThread "Reference Handler" daemon [_thread_blocked, id=16239, stack(0x00007fe4a96ff000,0x00007fe4a9800000)]
  0x00007fe4d00e6800 JavaThread "Finalizer" daemon [_thread_blocked, id=16240, stack(0x00007fe4a95fe000,0x00007fe4a96ff000)]
  0x00007fe4d00ed000 JavaThread "Signal Dispatcher" daemon [_thread_blocked, id=16242, stack(0x00007fe4a8b2e000,0x00007fe4a8c2f000)]
  0x00007fe4d00ef000 JavaThread "C2 CompilerThread0" daemon [_thread_blocked, id=16243, stack(0x00007fe4a8a2d000,0x00007fe4a8b2e000)]
  0x00007fe4d00f1000 JavaThread "C1 CompilerThread0" daemon [_thread_blocked, id=16244, stack(0x00007fe4a892c000,0x00007fe4a8a2d000)]
  0x00007fe4d00f3000 JavaThread "Sweeper thread" daemon [_thread_blocked, id=16245, stack(0x00007fe4a882b000,0x00007fe4a892c000)]
  0x00007fe4d0132000 JavaThread "Service Thread" daemon [_thread_blocked, id=16246, stack(0x00007fe4a872a000,0x00007fe4a882b000)]
  0x00007fe4d0137000 JavaThread "Common-Cleaner" daemon [_thread_blocked, id=16248, stack(0x00007fe4a8527000,0x00007fe4a8628000)]

Other Threads:
  0x00007fe4d00e1800 VMThread "VM Thread" [stack: 0x00007fe4b0095000,0x00007fe4b0195000] [id=16237]
  0x00007fe4d0134800 WatcherThread [stack: 0x00007fe4a862a000,0x00007fe4a872a000] [id=16247]
  0x00007fe4d002d800 GCTaskThread "GC Thread#0" [stack: 0x00007fe4b8434000,0x00007fe4b8534000] [id=16231]
  0x00007fe4d0053000 ConcurrentGCThread "G1 Main Marker" [stack: 0x00007fe4b097d000,0x00007fe4b0a7d000] [id=16232]
  0x00007fe4d0055000 ConcurrentGCThread "G1 Conc#0" [stack: 0x00007fe4b087b000,0x00007fe4b097b000] [id=16234]
  0x00007fe4d00b1000 ConcurrentGCThread "G1 Refine#0" [stack: 0x00007fe4b0375000,0x00007fe4b0475000] [id=16235]
  0x00007fe4d00b3000 ConcurrentGCThread "G1 Young RemSet Sampling" [stack: 0x00007fe4b0273000,0x00007fe4b0373000] [id=16236]

Threads with active compile tasks:

VM state:not at safepoint (normal execution)

VM Mutex/Monitor currently owned by a thread: None

Heap address: 0x00000000a5e00000, size: 1442 MB, Compressed Oops mode: 32-bit
Narrow klass base: 0x0000000800000000, Narrow klass shift: 3
Compressed class space size: 1073741824 Address: 0x0000000840000000

Heap:
 garbage-first heap   total 96256K, used 4804K [0x00000000a5e00000, 0x0000000100000000)
  region size 1024K, 5 young (5120K), 0 survivors (0K)
 Metaspace       used 2066K, capacity 5475K, committed 5632K, reserved 1056768K
  class space    used 163K, capacity 463K, committed 512K, reserved 1048576K
Heap Regions: E=young(eden), S=young(survivor), O=old, HS=humongous(starts), HC=humongous(continues), CS=collection set, F=free, A=archive, TAMS=top-at-mark-start (previous, next)
|   0|0x00000000a5e00000, 0x00000000a5e00000, 0x00000000a5f00000|  0%| F|  |TAMS 0x00000000a5e00000, 0x00000000a5e00000| Untracked 
|   1|0x00000000a5f00000, 0x00000000a5f00000, 0x00000000a6000000|  0%| F|  |TAMS 0x00000000a5f00000, 0x00000000a5f00000| Untracked 
|   2|0x00000000a6000000, 0x00000000a6000000, 0x00000000a6100000|  0%| F|  |TAMS 0x00000000a6000000, 0x00000000a6000000| Untracked 
|   3|0x00000000a6100000, 0x00000000a6100000, 0x00000000a6200000|  0%| F|  |TAMS 0x00000000a6100000, 0x00000000a6100000| Untracked 
|   4|0x00000000a6200000, 0x00000000a6200000, 0x00000000a6300000|  0%| F|  |TAMS 0x00000000a6200000, 0x00000000a6200000| Untracked 
|   5|0x00000000a6300000, 0x00000000a6300000, 0x00000000a6400000|  0%| F|  |TAMS 0x00000000a6300000, 0x00000000a6300000| Untracked 
|   6|0x00000000a6400000, 0x00000000a6400000, 0x00000000a6500000|  0%| F|  |TAMS 0x00000000a6400000, 0x00000000a6400000| Untracked 
|   7|0x00000000a6500000, 0x00000000a6500000, 0x00000000a6600000|  0%| F|  |TAMS 0x00000000a6500000, 0x00000000a6500000| Untracked 
|   8|0x00000000a6600000, 0x00000000a6600000, 0x00000000a6700000|  0%| F|  |TAMS 0x00000000a6600000, 0x00000000a6600000| Untracked 
|   9|0x00000000a6700000, 0x00000000a6700000, 0x00000000a6800000|  0%| F|  |TAMS 0x00000000a6700000, 0x00000000a6700000| Untracked 
|  10|0x00000000a6800000, 0x00000000a6800000, 0x00000000a6900000|  0%| F|  |TAMS 0x00000000a6800000, 0x00000000a6800000| Untracked 
|  11|0x00000000a6900000, 0x00000000a6900000, 0x00000000a6a00000|  0%| F|  |TAMS 0x00000000a6900000, 0x00000000a6900000| Untracked 
|  12|0x00000000a6a00000, 0x00000000a6a00000, 0x00000000a6b00000|  0%| F|  |TAMS 0x00000000a6a00000, 0x00000000a6a00000| Untracked 
|  13|0x00000000a6b00000, 0x00000000a6b00000, 0x00000000a6c00000|  0%| F|  |TAMS 0x00000000a6b00000, 0x00000000a6b00000| Untracked 
|  14|0x00000000a6c00000, 0x00000000a6c00000, 0x00000000a6d00000|  0%| F|  |TAMS 0x00000000a6c00000, 0x00000000a6c00000| Untracked 
|  15|0x00000000a6d00000, 0x00000000a6d00000, 0x00000000a6e00000|  0%| F|  |TAMS 0x00000000a6d00000, 0x00000000a6d00000| Untracked 
|  16|0x00000000a6e00000, 0x00000000a6e00000, 0x00000000a6f00000|  0%| F|  |TAMS 0x00000000a6e00000, 0x00000000a6e00000| Untracked 
|  17|0x00000000a6f00000, 0x00000000a6f00000, 0x00000000a7000000|  0%| F|  |TAMS 0x00000000a6f00000, 0x00000000a6f00000| Untracked 
|  18|0x00000000a7000000, 0x00000000a7000000, 0x00000000a7100000|  0%| F|  |TAMS 0x00000000a7000000, 0x00000000a7000000| Untracked 
|  19|0x00000000a7100000, 0x00000000a7100000, 0x00000000a7200000|  0%| F|  |TAMS 0x00000000a7100000, 0x00000000a7100000| Untracked 
|  20|0x00000000a7200000, 0x00000000a7200000, 0x00000000a7300000|  0%| F|  |TAMS 0x00000000a7200000, 0x00000000a7200000| Untracked 
|  21|0x00000000a7300000, 0x00000000a7300000, 0x00000000a7400000|  0%| F|  |TAMS 0x00000000a7300000, 0x00000000a7300000| Untracked 
|  22|0x00000000a7400000, 0x00000000a7400000, 0x00000000a7500000|  0%| F|  |TAMS 0x00000000a7400000, 0x00000000a7400000| Untracked 
|  23|0x00000000a7500000, 0x00000000a7500000, 0x00000000a7600000|  0%| F|  |TAMS 0x00000000a7500000, 0x00000000a7500000| Untracked 
|  24|0x00000000a7600000, 0x00000000a7600000, 0x00000000a7700000|  0%| F|  |TAMS 0x00000000a7600000, 0x00000000a7600000| Untracked 
|  25|0x00000000a7700000, 0x00000000a7700000, 0x00000000a7800000|  0%| F|  |TAMS 0x00000000a7700000, 0x00000000a7700000| Untracked 
|  26|0x00000000a7800000, 0x00000000a7800000, 0x00000000a7900000|  0%| F|  |TAMS 0x00000000a7800000, 0x00000000a7800000| Untracked 
|  27|0x00000000a7900000, 0x00000000a7900000, 0x00000000a7a00000|  0%| F|  |TAMS 0x00000000a7900000, 0x00000000a7900000| Untracked 
|  28|0x00000000a7a00000, 0x00000000a7a00000, 0x00000000a7b00000|  0%| F|  |TAMS 0x00000000a7a00000, 0x00000000a7a00000| Untracked 
|  29|0x00000000a7b00000, 0x00000000a7b00000, 0x00000000a7c00000|  0%| F|  |TAMS 0x00000000a7b00000, 0x00000000a7b00000| Untracked 
|  30|0x00000000a7c00000, 0x00000000a7c00000, 0x00000000a7d00000|  0%| F|  |TAMS 0x00000000a7c00000, 0x00000000a7c00000| Untracked 
|  31|0x00000000a7d00000, 0x00000000a7d00000, 0x00000000a7e00000|  0%| F|  |TAMS 0x00000000a7d00000, 0x00000000a7d00000| Untracked 
|  32|0x00000000a7e00000, 0x00000000a7e00000, 0x00000000a7f00000|  0%| F|  |TAMS 0x00000000a7e00000, 0x00000000a7e00000| Untracked 
|  33|0x00000000a7f00000, 0x00000000a7f00000, 0x00000000a8000000|  0%| F|  |TAMS 0x00000000a7f00000, 0x00000000a7f00000| Untracked 
|  34|0x00000000a8000000, 0x00000000a8000000, 0x00000000a8100000|  0%| F|  |TAMS 0x00000000a8000000, 0x00000000a8000000| Untracked 
|  35|0x00000000a8100000, 0x00000000a8100000, 0x00000000a8200000|  0%| F|  |TAMS 0x00000000a8100000, 0x00000000a8100000| Untracked 
|  36|0x00000000a8200000, 0x00000000a8200000, 0x00000000a8300000|  0%| F|  |TAMS 0x00000000a8200000, 0x00000000a8200000| Untracked 
|  37|0x00000000a8300000, 0x00000000a8300000, 0x00000000a8400000|  0%| F|  |TAMS 0x00000000a8300000, 0x00000000a8300000| Untracked 
|  38|0x00000000a8400000, 0x00000000a8400000, 0x00000000a8500000|  0%| F|  |TAMS 0x00000000a8400000, 0x00000000a8400000| Untracked 
|  39|0x00000000a8500000, 0x00000000a8500000, 0x00000000a8600000|  0%| F|  |TAMS 0x00000000a8500000, 0x00000000a8500000| Untracked 
|  40|0x00000000a8600000, 0x00000000a8600000, 0x00000000a8700000|  0%| F|  |TAMS 0x00000000a8600000, 0x00000000a8600000| Untracked 
|  41|0x00000000a8700000, 0x00000000a8700000, 0x00000000a8800000|  0%| F|  |TAMS 0x00000000a8700000, 0x00000000a8700000| Untracked 
|  42|0x00000000a8800000, 0x00000000a8800000, 0x00000000a8900000|  0%| F|  |TAMS 0x00000000a8800000, 0x00000000a8800000| Untracked 
|  43|0x00000000a8900000, 0x00000000a8900000, 0x00000000a8a00000|  0%| F|  |TAMS 0x00000000a8900000, 0x00000000a8900000| Untracked 
|  44|0x00000000a8a00000, 0x00000000a8a00000, 0x00000000a8b00000|  0%| F|  |TAMS 0x00000000a8a00000, 0x00000000a8a00000| Untracked 
|  45|0x00000000a8b00000, 0x00000000a8b00000, 0x00000000a8c00000|  0%| F|  |TAMS 0x00000000a8b00000, 0x00000000a8b00000| Untracked 
|  46|0x00000000a8c00000, 0x00000000a8c00000, 0x00000000a8d00000|  0%| F|  |TAMS 0x00000000a8c00000, 0x00000000a8c00000| Untracked 
|  47|0x00000000a8d00000, 0x00000000a8d00000, 0x00000000a8e00000|  0%| F|  |TAMS 0x00000000a8d00000, 0x00000000a8d00000| Untracked 
|  48|0x00000000a8e00000, 0x00000000a8e00000, 0x00000000a8f00000|  0%| F|  |TAMS 0x00000000a8e00000, 0x00000000a8e00000| Untracked 
|  49|0x00000000a8f00000, 0x00000000a8f00000, 0x00000000a9000000|  0%| F|  |TAMS 0x00000000a8f00000, 0x00000000a8f00000| Untracked 
|  50|0x00000000a9000000, 0x00000000a9000000, 0x00000000a9100000|  0%| F|  |TAMS 0x00000000a9000000, 0x00000000a9000000| Untracked 
|  51|0x00000000a9100000, 0x00000000a9100000, 0x00000000a9200000|  0%| F|  |TAMS 0x00000000a9100000, 0x00000000a9100000| Untracked 
|  52|0x00000000a9200000, 0x00000000a9200000, 0x00000000a9300000|  0%| F|  |TAMS 0x00000000a9200000, 0x00000000a9200000| Untracked 
|  53|0x00000000a9300000, 0x00000000a9300000, 0x00000000a9400000|  0%| F|  |TAMS 0x00000000a9300000, 0x00000000a9300000| Untracked 
|  54|0x00000000a9400000, 0x00000000a9400000, 0x00000000a9500000|  0%| F|  |TAMS 0x00000000a9400000, 0x00000000a9400000| Untracked 
|  55|0x00000000a9500000, 0x00000000a9500000, 0x00000000a9600000|  0%| F|  |TAMS 0x00000000a9500000, 0x00000000a9500000| Untracked 
|  56|0x00000000a9600000, 0x00000000a9600000, 0x00000000a9700000|  0%| F|  |TAMS 0x00000000a9600000, 0x00000000a9600000| Untracked 
|  57|0x00000000a9700000, 0x00000000a9700000, 0x00000000a9800000|  0%| F|  |TAMS 0x00000000a9700000, 0x00000000a9700000| Untracked 
|  58|0x00000000a9800000, 0x00000000a9800000, 0x00000000a9900000|  0%| F|  |TAMS 0x00000000a9800000, 0x00000000a9800000| Untracked 
|  59|0x00000000a9900000, 0x00000000a9900000, 0x00000000a9a00000|  0%| F|  |TAMS 0x00000000a9900000, 0x00000000a9900000| Untracked 
|  60|0x00000000a9a00000, 0x00000000a9a00000, 0x00000000a9b00000|  0%| F|  |TAMS 0x00000000a9a00000, 0x00000000a9a00000| Untracked 
|  61|0x00000000a9b00000, 0x00000000a9b00000, 0x00000000a9c00000|  0%| F|  |TAMS 0x00000000a9b00000, 0x00000000a9b00000| Untracked 
|  62|0x00000000a9c00000, 0x00000000a9c00000, 0x00000000a9d00000|  0%| F|  |TAMS 0x00000000a9c00000, 0x00000000a9c00000| Untracked 
|  63|0x00000000a9d00000, 0x00000000a9d00000, 0x00000000a9e00000|  0%| F|  |TAMS 0x00000000a9d00000, 0x00000000a9d00000| Untracked 
|  64|0x00000000a9e00000, 0x00000000a9e00000, 0x00000000a9f00000|  0%| F|  |TAMS 0x00000000a9e00000, 0x00000000a9e00000| Untracked 
|  65|0x00000000a9f00000, 0x00000000a9f00000, 0x00000000aa000000|  0%| F|  |TAMS 0x00000000a9f00000, 0x00000000a9f00000| Untracked 
|  66|0x00000000aa000000, 0x00000000aa000000, 0x00000000aa100000|  0%| F|  |TAMS 0x00000000aa000000, 0x00000000aa000000| Untracked 
|  67|0x00000000aa100000, 0x00000000aa100000, 0x00000000aa200000|  0%| F|  |TAMS 0x00000000aa100000, 0x00000000aa100000| Untracked 
|  68|0x00000000aa200000, 0x00000000aa200000, 0x00000000aa300000|  0%| F|  |TAMS 0x00000000aa200000, 0x00000000aa200000| Untracked 
|  69|0x00000000aa300000, 0x00000000aa300000, 0x00000000aa400000|  0%| F|  |TAMS 0x00000000aa300000, 0x00000000aa300000| Untracked 
|  70|0x00000000aa400000, 0x00000000aa400000, 0x00000000aa500000|  0%| F|  |TAMS 0x00000000aa400000, 0x00000000aa400000| Untracked 
|  71|0x00000000aa500000, 0x00000000aa500000, 0x00000000aa600000|  0%| F|  |TAMS 0x00000000aa500000, 0x00000000aa500000| Untracked 
|  72|0x00000000aa600000, 0x00000000aa600000, 0x00000000aa700000|  0%| F|  |TAMS 0x00000000aa600000, 0x00000000aa600000| Untracked 
|  73|0x00000000aa700000, 0x00000000aa700000, 0x00000000aa800000|  0%| F|  |TAMS 0x00000000aa700000, 0x00000000aa700000| Untracked 
|  74|0x00000000aa800000, 0x00000000aa800000, 0x00000000aa900000|  0%| F|  |TAMS 0x00000000aa800000, 0x00000000aa800000| Untracked 
|  75|0x00000000aa900000, 0x00000000aa900000, 0x00000000aaa00000|  0%| F|  |TAMS 0x00000000aa900000, 0x00000000aa900000| Untracked 
|  76|0x00000000aaa00000, 0x00000000aaa00000, 0x00000000aab00000|  0%| F|  |TAMS 0x00000000aaa00000, 0x00000000aaa00000| Untracked 
|  77|0x00000000aab00000, 0x00000000aab00000, 0x00000000aac00000|  0%| F|  |TAMS 0x00000000aab00000, 0x00000000aab00000| Untracked 
|  78|0x00000000aac00000, 0x00000000aac00000, 0x00000000aad00000|  0%| F|  |TAMS 0x00000000aac00000, 0x00000000aac00000| Untracked 
|  79|0x00000000aad00000, 0x00000000aad00000, 0x00000000aae00000|  0%| F|  |TAMS 0x00000000aad00000, 0x00000000aad00000| Untracked 
|  80|0x00000000aae00000, 0x00000000aae00000, 0x00000000aaf00000|  0%| F|  |TAMS 0x00000000aae00000, 0x00000000aae00000| Untracked 
|  81|0x00000000aaf00000, 0x00000000aaf00000, 0x00000000ab000000|  0%| F|  |TAMS 0x00000000aaf00000, 0x00000000aaf00000| Untracked 
|  82|0x00000000ab000000, 0x00000000ab000000, 0x00000000ab100000|  0%| F|  |TAMS 0x00000000ab000000, 0x00000000ab000000| Untracked 
|  83|0x00000000ab100000, 0x00000000ab100000, 0x00000000ab200000|  0%| F|  |TAMS 0x00000000ab100000, 0x00000000ab100000| Untracked 
|  84|0x00000000ab200000, 0x00000000ab200000, 0x00000000ab300000|  0%| F|  |TAMS 0x00000000ab200000, 0x00000000ab200000| Untracked 
|  85|0x00000000ab300000, 0x00000000ab300000, 0x00000000ab400000|  0%| F|  |TAMS 0x00000000ab300000, 0x00000000ab300000| Untracked 
|  86|0x00000000ab400000, 0x00000000ab400000, 0x00000000ab500000|  0%| F|  |TAMS 0x00000000ab400000, 0x00000000ab400000| Untracked 
|  87|0x00000000ab500000, 0x00000000ab591668, 0x00000000ab600000| 56%| E|  |TAMS 0x00000000ab500000, 0x00000000ab500000| Complete 
|  88|0x00000000ab600000, 0x00000000ab700000, 0x00000000ab700000|100%| E|CS|TAMS 0x00000000ab600000, 0x00000000ab600000| Complete 
|  89|0x00000000ab700000, 0x00000000ab800000, 0x00000000ab800000|100%| E|CS|TAMS 0x00000000ab700000, 0x00000000ab700000| Complete 
|  90|0x00000000ab800000, 0x00000000ab900000, 0x00000000ab900000|100%| E|CS|TAMS 0x00000000ab800000, 0x00000000ab800000| Complete 
|  91|0x00000000ab900000, 0x00000000aba00000, 0x00000000aba00000|100%| E|CS|TAMS 0x00000000ab900000, 0x00000000ab900000| Complete 
|1440|0x00000000ffe00000, 0x00000000ffe47000, 0x00000000fff00000| 27%|OA|  |TAMS 0x00000000ffe00000, 0x00000000ffe00000| Untracked 
|1441|0x00000000fff00000, 0x00000000fff6a000, 0x0000000100000000| 41%|CA|  |TAMS 0x00000000fff00000, 0x00000000fff00000| Untracked 

Card table byte_map: [0x00007fe4b3a5e000,0x00007fe4b3d2f000] _byte_map_base: 0x00007fe4b352f000

Marking Bits (Prev, Next): (CMBitMap*) 0x00007fe4d004c618, (CMBitMap*) 0x00007fe4d004c650
 Prev Bits: [0x00007fe4b2105000, 0x00007fe4b378d000)
 Next Bits: [0x00007fe4b0a7d000, 0x00007fe4b2105000)

Polling page: 0x00007fe4d7cab000

Metaspace:

Usage:
  Non-class:      4,89 MB capacity,     1,86 MB ( 38%) used,     3,03 MB ( 62%) free+waste,     5,00 KB ( <1%) overhead. 
      Class:    463,00 KB capacity,   163,79 KB ( 35%) used,   296,46 KB ( 64%) free+waste,     2,75 KB ( <1%) overhead. 
       Both:      5,35 MB capacity,     2,02 MB ( 38%) used,     3,32 MB ( 62%) free+waste,     7,75 KB ( <1%) overhead. 

Virtual space:
  Non-class space:        8,00 MB reserved,       5,00 MB ( 62%) committed 
      Class space:        1,00 GB reserved,     512,00 KB ( <1%) committed 
             Both:        1,01 GB reserved,       5,50 MB ( <1%) committed 

Chunk freelists:
   Non-Class:  44,00 KB
       Class:  0 bytes
        Both:  44,00 KB

MaxMetaspaceSize: unlimited
CompressedClassSpaceSize: 1,00 GB

CodeHeap 'non-profiled nmethods': size=120032Kb used=101Kb max_used=101Kb free=119930Kb
 bounds [0x00007fe4c01d2000, 0x00007fe4c0442000, 0x00007fe4c770a000]
CodeHeap 'profiled nmethods': size=120032Kb used=503Kb max_used=503Kb free=119528Kb
 bounds [0x00007fe4b8c9a000, 0x00007fe4b8f0a000, 0x00007fe4c01d2000]
CodeHeap 'non-nmethods': size=5696Kb used=1367Kb max_used=1367Kb free=4329Kb
 bounds [0x00007fe4b870a000, 0x00007fe4b897a000, 0x00007fe4b8c9a000]
 total_blobs=1281 nmethods=374 adapters=739
 compilation: enabled
              stopped_count=0, restarted_count=0
 full_count=0

Compilation events (20 events):
Event: 0,297 Thread 0x00007fe4d00f1000  361       1       java.lang.reflect.Field::getDeclaringClass (5 bytes)
Event: 0,297 Thread 0x00007fe4d00f1000 nmethod 361 0x00007fe4c01ea290 code [0x00007fe4c01ea440, 0x00007fe4c01ea570]
Event: 0,297 Thread 0x00007fe4d00f1000  363       3       java.lang.reflect.Field::setFieldAccessor (34 bytes)
Event: 0,298 Thread 0x00007fe4d00f1000 nmethod 363 0x00007fe4b8d14390 code [0x00007fe4b8d14580, 0x00007fe4b8d14a28]
Event: 0,298 Thread 0x00007fe4d00f1000  364       3       jdk.internal.reflect.MagicAccessorImpl::<init> (5 bytes)
Event: 0,298 Thread 0x00007fe4d00f1000 nmethod 364 0x00007fe4b8d14b10 code [0x00007fe4b8d14cc0, 0x00007fe4b8d14e90]
Event: 0,298 Thread 0x00007fe4d00f1000  366       3       java.lang.Integer::valueOf (32 bytes)
Event: 0,299 Thread 0x00007fe4d00f1000 nmethod 366 0x00007fe4b8d14f90 code [0x00007fe4b8d15160, 0x00007fe4b8d154d0]
Event: 0,299 Thread 0x00007fe4d00f1000  365   !   3       jdk.internal.reflect.ReflectionFactory::checkInitted (94 bytes)
Event: 0,300 Thread 0x00007fe4d00f1000 nmethod 365 0x00007fe4b8d15610 code [0x00007fe4b8d158e0, 0x00007fe4b8d16458]
Event: 0,300 Thread 0x00007fe4d00f1000  368       3       jdk.internal.misc.Unsafe::putByte (8 bytes)
Event: 0,300 Thread 0x00007fe4d00f1000 nmethod 368 0x00007fe4b8d16810 code [0x00007fe4b8d169c0, 0x00007fe4b8d16b50]
Event: 0,300 Thread 0x00007fe4d00f1000  370       3       sun.misc.Unsafe::putByte (9 bytes)
Event: 0,301 Thread 0x00007fe4d00f1000 nmethod 370 0x00007fe4b8d16c10 code [0x00007fe4b8d16dc0, 0x00007fe4b8d16fb0]
Event: 0,301 Thread 0x00007fe4d00f1000  371       3       sun.misc.Unsafe::putInt (11 bytes)
Event: 0,301 Thread 0x00007fe4d00f1000 nmethod 371 0x00007fe4b8d17090 code [0x00007fe4b8d17240, 0x00007fe4b8d173b0]
Event: 0,301 Thread 0x00007fe4d00f1000  373       3       org.lwjgl.system.MemoryUtil::encodeASCII (66 bytes)
Event: 0,302 Thread 0x00007fe4d00f1000 nmethod 373 0x00007fe4b8d17490 code [0x00007fe4b8d176a0, 0x00007fe4b8d17c98]
Event: 0,304 Thread 0x00007fe4d00f1000  374       1       java.security.CodeSource::getLocation (5 bytes)
Event: 0,304 Thread 0x00007fe4d00f1000 nmethod 374 0x00007fe4c01eb210 code [0x00007fe4c01eb3c0, 0x00007fe4c01eb4f0]

GC Heap History (0 events):
No events

Deoptimization events (4 events):
Event: 0,240 Thread 0x00007fe4d0015000 Uncommon trap: trap_request=0xffffff4d fr.pc=0x00007fe4c01d6f9c relative=0x000000000000007c
Event: 0,240 Thread 0x00007fe4d0015000 Uncommon trap: reason=unstable_if action=reinterpret pc=0x00007fe4c01d6f9c method=java.lang.String.isLatin1()Z @ 10 c2
Event: 0,240 Thread 0x00007fe4d0015000 DEOPT PACKING pc=0x00007fe4c01d6f9c sp=0x00007fe4d7c8c1c0
Event: 0,240 Thread 0x00007fe4d0015000 DEOPT UNPACKING pc=0x00007fe4b87329a5 sp=0x00007fe4d7c8c120 mode 2

Classes redefined (0 events):
No events

Internal exceptions (4 events):
Event: 0,174 Thread 0x00007fe4d0015000 Exception <a 'java/lang/NoSuchMethodError'{0x00000000ab738b90}: 'void java.lang.invoke.DelegatingMethodHandle$Holder.delegate(java.lang.Object, java.lang.Object, int, java.lang.Object)'> (0x00000000ab738b90) thrown at [/build/openjdk-lts-iuKaMP/openjdk-lt
Event: 0,176 Thread 0x00007fe4d0015000 Exception <a 'java/lang/NoSuchMethodError'{0x00000000ab740140}: 'java.lang.Object java.lang.invoke.DirectMethodHandle$Holder.invokeStaticInit(java.lang.Object, java.lang.Object, java.lang.Object)'> (0x00000000ab740140) thrown at [/build/openjdk-lts-iuKaMP
Event: 0,225 Thread 0x00007fe4d0015000 Exception <a 'sun/nio/fs/UnixException'{0x00000000ab7c1d80}> (0x00000000ab7c1d80) thrown at [/build/openjdk-lts-iuKaMP/openjdk-lts-11.0.6+10/src/hotspot/share/prims/jni.cpp, line 615]
Event: 0,289 Thread 0x00007fe4d0015000 Exception <a 'sun/nio/fs/UnixException'{0x00000000ab5229b8}> (0x00000000ab5229b8) thrown at [/build/openjdk-lts-iuKaMP/openjdk-lts-11.0.6+10/src/hotspot/share/prims/jni.cpp, line 615]

Events (20 events):
Event: 0,279 loading class org/lwjgl/system/StructBuffer
Event: 0,279 loading class org/lwjgl/system/StructBuffer done
Event: 0,289 loading class org/lwjgl/system/APIUtil$1
Event: 0,289 loading class org/lwjgl/system/APIUtil$1 done
Event: 0,289 loading class java/lang/NoSuchFieldError
Event: 0,290 loading class java/lang/NoSuchFieldError done
Event: 0,290 loading class org/lwjgl/system/linux/LinuxLibrary
Event: 0,290 loading class org/lwjgl/system/linux/LinuxLibrary done
Event: 0,290 loading class org/lwjgl/system/SharedLibrary$Default
Event: 0,290 loading class org/lwjgl/system/SharedLibrary$Default done
Event: 0,291 loading class org/lwjgl/system/linux/DynamicLinkLoader
Event: 0,291 loading class org/lwjgl/system/linux/DynamicLinkLoader done
Event: 0,294 loading class jdk/internal/reflect/UnsafeQualifiedStaticIntegerFieldAccessorImpl
Event: 0,294 loading class jdk/internal/reflect/UnsafeQualifiedStaticIntegerFieldAccessorImpl done
Event: 0,298 loading class org/lwjgl/glfw/GLFW$Functions
Event: 0,298 loading class org/lwjgl/glfw/GLFW$Functions done
Event: 0,302 loading class org/lwjgl/system/JNI
Event: 0,302 loading class org/lwjgl/system/JNI done
Event: 0,330 loading class org/lwjgl/glfw/EventLoop$OffScreen
Event: 0,330 loading class org/lwjgl/glfw/EventLoop$OffScreen done


Dynamic libraries:
a5e00000-aba00000 rw-p 00000000 00:00 0 
aba00000-ffe00000 ---p 00000000 00:00 0 
ffe00000-ffe47000 rw-p 01105000 08:03 7081445                            /usr/lib/jvm/java-11-openjdk-amd64/lib/server/classes.jsa
ffe47000-fff00000 rw-p 00000000 00:00 0 
fff00000-fff6a000 rw-p 0109b000 08:03 7081445                            /usr/lib/jvm/java-11-openjdk-amd64/lib/server/classes.jsa
fff6a000-100000000 rw-p 00000000 00:00 0 
800000000-800002000 rwxp 00001000 08:03 7081445                          /usr/lib/jvm/java-11-openjdk-amd64/lib/server/classes.jsa
800002000-8003b8000 rw-p 00003000 08:03 7081445                          /usr/lib/jvm/java-11-openjdk-amd64/lib/server/classes.jsa
8003b8000-800a8d000 r--p 003b9000 08:03 7081445                          /usr/lib/jvm/java-11-openjdk-amd64/lib/server/classes.jsa
800a8d000-800a8e000 rw-p 00a8e000 08:03 7081445                          /usr/lib/jvm/java-11-openjdk-amd64/lib/server/classes.jsa
800a8e000-80109a000 r--p 00a8f000 08:03 7081445                          /usr/lib/jvm/java-11-openjdk-amd64/lib/server/classes.jsa
840000000-840080000 rw-p 00000000 00:00 0 
840080000-880000000 ---p 00000000 00:00 0 
560ceafd0000-560ceafd1000 r-xp 00000000 08:03 7092002                    /usr/lib/jvm/java-11-openjdk-amd64/bin/java
560ceb1d1000-560ceb1d2000 r--p 00001000 08:03 7092002                    /usr/lib/jvm/java-11-openjdk-amd64/bin/java
560ceb1d2000-560ceb1d3000 rw-p 00002000 08:03 7092002                    /usr/lib/jvm/java-11-openjdk-amd64/bin/java
560ceb492000-560ceb4b3000 rw-p 00000000 00:00 0                          [heap]
7fe470000000-7fe470021000 rw-p 00000000 00:00 0 
7fe470021000-7fe474000000 ---p 00000000 00:00 0 
7fe475d77000-7fe475d78000 r-xp 00000000 08:03 7080033                    /usr/lib/x86_64-linux-gnu/libX11-xcb.so.1.0.0
7fe475d78000-7fe475f77000 ---p 00001000 08:03 7080033                    /usr/lib/x86_64-linux-gnu/libX11-xcb.so.1.0.0
7fe475f77000-7fe475f78000 r--p 00000000 08:03 7080033                    /usr/lib/x86_64-linux-gnu/libX11-xcb.so.1.0.0
7fe475f78000-7fe475f79000 rw-p 00001000 08:03 7080033                    /usr/lib/x86_64-linux-gnu/libX11-xcb.so.1.0.0
7fe475f79000-7fe475f7b000 r-xp 00000000 08:03 7085807                    /usr/lib/x86_64-linux-gnu/libXinerama.so.1.0.0
7fe475f7b000-7fe47617a000 ---p 00002000 08:03 7085807                    /usr/lib/x86_64-linux-gnu/libXinerama.so.1.0.0
7fe47617a000-7fe47617b000 r--p 00001000 08:03 7085807                    /usr/lib/x86_64-linux-gnu/libXinerama.so.1.0.0
7fe47617b000-7fe47617c000 rw-p 00002000 08:03 7085807                    /usr/lib/x86_64-linux-gnu/libXinerama.so.1.0.0
7fe47617c000-7fe476181000 r-xp 00000000 08:03 7085799                    /usr/lib/x86_64-linux-gnu/libXfixes.so.3.1.0
7fe476181000-7fe476380000 ---p 00005000 08:03 7085799                    /usr/lib/x86_64-linux-gnu/libXfixes.so.3.1.0
7fe476380000-7fe476381000 r--p 00004000 08:03 7085799                    /usr/lib/x86_64-linux-gnu/libXfixes.so.3.1.0
7fe476381000-7fe476382000 rw-p 00005000 08:03 7085799                    /usr/lib/x86_64-linux-gnu/libXfixes.so.3.1.0
7fe476382000-7fe47638b000 r-xp 00000000 08:03 7085791                    /usr/lib/x86_64-linux-gnu/libXcursor.so.1.0.2
7fe47638b000-7fe47658a000 ---p 00009000 08:03 7085791                    /usr/lib/x86_64-linux-gnu/libXcursor.so.1.0.2
7fe47658a000-7fe47658b000 r--p 00008000 08:03 7085791                    /usr/lib/x86_64-linux-gnu/libXcursor.so.1.0.2
7fe47658b000-7fe47658c000 rw-p 00009000 08:03 7085791                    /usr/lib/x86_64-linux-gnu/libXcursor.so.1.0.2
7fe47658c000-7fe476595000 r-xp 00000000 08:03 7085817                    /usr/lib/x86_64-linux-gnu/libXrender.so.1.3.0
7fe476595000-7fe476794000 ---p 00009000 08:03 7085817                    /usr/lib/x86_64-linux-gnu/libXrender.so.1.3.0
7fe476794000-7fe476795000 r--p 00008000 08:03 7085817                    /usr/lib/x86_64-linux-gnu/libXrender.so.1.3.0
7fe476795000-7fe476796000 rw-p 00009000 08:03 7085817                    /usr/lib/x86_64-linux-gnu/libXrender.so.1.3.0
7fe476796000-7fe4767a0000 r-xp 00000000 08:03 7085815                    /usr/lib/x86_64-linux-gnu/libXrandr.so.2.2.0
7fe4767a0000-7fe47699f000 ---p 0000a000 08:03 7085815                    /usr/lib/x86_64-linux-gnu/libXrandr.so.2.2.0
7fe47699f000-7fe4769a0000 r--p 00009000 08:03 7085815                    /usr/lib/x86_64-linux-gnu/libXrandr.so.2.2.0
7fe4769a0000-7fe4769a1000 rw-p 0000a000 08:03 7085815                    /usr/lib/x86_64-linux-gnu/libXrandr.so.2.2.0
7fe4769a1000-7fe4769b0000 r-xp 00000000 08:03 7085805                    /usr/lib/x86_64-linux-gnu/libXi.so.6.1.0
7fe4769b0000-7fe476baf000 ---p 0000f000 08:03 7085805                    /usr/lib/x86_64-linux-gnu/libXi.so.6.1.0
7fe476baf000-7fe476bb0000 r--p 0000e000 08:03 7085805                    /usr/lib/x86_64-linux-gnu/libXi.so.6.1.0
7fe476bb0000-7fe476bb1000 rw-p 0000f000 08:03 7085805                    /usr/lib/x86_64-linux-gnu/libXi.so.6.1.0
7fe476bb1000-7fe476bc2000 r-xp 00000000 08:03 7085797                    /usr/lib/x86_64-linux-gnu/libXext.so.6.4.0
7fe476bc2000-7fe476dc1000 ---p 00011000 08:03 7085797                    /usr/lib/x86_64-linux-gnu/libXext.so.6.4.0
7fe476dc1000-7fe476dc2000 r--p 00010000 08:03 7085797                    /usr/lib/x86_64-linux-gnu/libXext.so.6.4.0
7fe476dc2000-7fe476dc3000 rw-p 00011000 08:03 7085797                    /usr/lib/x86_64-linux-gnu/libXext.so.6.4.0
7fe476dc3000-7fe476dc8000 r-xp 00000000 08:03 7085833                    /usr/lib/x86_64-linux-gnu/libXxf86vm.so.1.0.0
7fe476dc8000-7fe476fc7000 ---p 00005000 08:03 7085833                    /usr/lib/x86_64-linux-gnu/libXxf86vm.so.1.0.0
7fe476fc7000-7fe476fc8000 r--p 00004000 08:03 7085833                    /usr/lib/x86_64-linux-gnu/libXxf86vm.so.1.0.0
7fe476fc8000-7fe476fc9000 rw-p 00005000 08:03 7085833                    /usr/lib/x86_64-linux-gnu/libXxf86vm.so.1.0.0
7fe476fc9000-7fe476fdc000 r-xp 00000000 08:03 2622493                    /lib/x86_64-linux-gnu/libbsd.so.0.8.7
7fe476fdc000-7fe4771db000 ---p 00013000 08:03 2622493                    /lib/x86_64-linux-gnu/libbsd.so.0.8.7
7fe4771db000-7fe4771dc000 r--p 00012000 08:03 2622493                    /lib/x86_64-linux-gnu/libbsd.so.0.8.7
7fe4771dc000-7fe4771dd000 rw-p 00013000 08:03 2622493                    /lib/x86_64-linux-gnu/libbsd.so.0.8.7
7fe4771dd000-7fe4771de000 rw-p 00000000 00:00 0 
7fe4771de000-7fe4771e3000 r-xp 00000000 08:03 7085795                    /usr/lib/x86_64-linux-gnu/libXdmcp.so.6.0.0
7fe4771e3000-7fe4773e2000 ---p 00005000 08:03 7085795                    /usr/lib/x86_64-linux-gnu/libXdmcp.so.6.0.0
7fe4773e2000-7fe4773e3000 r--p 00004000 08:03 7085795                    /usr/lib/x86_64-linux-gnu/libXdmcp.so.6.0.0
7fe4773e3000-7fe4773e4000 rw-p 00005000 08:03 7085795                    /usr/lib/x86_64-linux-gnu/libXdmcp.so.6.0.0
7fe4773e4000-7fe4773e6000 r-xp 00000000 08:03 7085784                    /usr/lib/x86_64-linux-gnu/libXau.so.6.0.0
7fe4773e6000-7fe4775e6000 ---p 00002000 08:03 7085784                    /usr/lib/x86_64-linux-gnu/libXau.so.6.0.0
7fe4775e6000-7fe4775e7000 r--p 00002000 08:03 7085784                    /usr/lib/x86_64-linux-gnu/libXau.so.6.0.0
7fe4775e7000-7fe4775e8000 rw-p 00003000 08:03 7085784                    /usr/lib/x86_64-linux-gnu/libXau.so.6.0.0
7fe4775e8000-7fe47760e000 r-xp 00000000 08:03 7078152                    /usr/lib/x86_64-linux-gnu/libxcb.so.1.1.0
7fe47760e000-7fe47780e000 ---p 00026000 08:03 7078152                    /usr/lib/x86_64-linux-gnu/libxcb.so.1.1.0
7fe47780e000-7fe47780f000 r--p 00026000 08:03 7078152                    /usr/lib/x86_64-linux-gnu/libxcb.so.1.1.0
7fe47780f000-7fe477810000 rw-p 00027000 08:03 7078152                    /usr/lib/x86_64-linux-gnu/libxcb.so.1.1.0
7fe477810000-7fe477943000 r-xp 00000000 08:03 7078250                    /usr/lib/x86_64-linux-gnu/libX11.so.6.3.0
7fe477943000-7fe477b43000 ---p 00133000 08:03 7078250                    /usr/lib/x86_64-linux-gnu/libX11.so.6.3.0
7fe477b43000-7fe477b44000 r--p 00133000 08:03 7078250                    /usr/lib/x86_64-linux-gnu/libX11.so.6.3.0
7fe477b44000-7fe477b48000 rw-p 00134000 08:03 7078250                    /usr/lib/x86_64-linux-gnu/libX11.so.6.3.0
7fe477b48000-7fe477b8b000 r-xp 00000000 08:03 7082363                    /tmp/lwjglartur/3.2.3-build-13/libglfw.so
7fe477b8b000-7fe477d8a000 ---p 00043000 08:03 7082363                    /tmp/lwjglartur/3.2.3-build-13/libglfw.so
7fe477d8a000-7fe477d8b000 r--p 00042000 08:03 7082363                    /tmp/lwjglartur/3.2.3-build-13/libglfw.so
7fe477d8b000-7fe477d8d000 rw-p 00043000 08:03 7082363                    /tmp/lwjglartur/3.2.3-build-13/libglfw.so
7fe477d8d000-7fe477dae000 rw-p 00000000 00:00 0 
7fe477dae000-7fe477dff000 r-xp 00000000 08:03 7082349                    /tmp/lwjglartur/3.2.3-build-13/liblwjgl.so
7fe477dff000-7fe477ffe000 ---p 00051000 08:03 7082349                    /tmp/lwjglartur/3.2.3-build-13/liblwjgl.so
7fe477ffe000-7fe477fff000 r--p 00050000 08:03 7082349                    /tmp/lwjglartur/3.2.3-build-13/liblwjgl.so
7fe477fff000-7fe478000000 rw-p 00051000 08:03 7082349                    /tmp/lwjglartur/3.2.3-build-13/liblwjgl.so
7fe478000000-7fe478021000 rw-p 00000000 00:00 0 
7fe478021000-7fe47c000000 ---p 00000000 00:00 0 
7fe47c000000-7fe47c021000 rw-p 00000000 00:00 0 
7fe47c021000-7fe480000000 ---p 00000000 00:00 0 
7fe480000000-7fe480078000 rw-p 00000000 00:00 0 
7fe480078000-7fe484000000 ---p 00000000 00:00 0 
7fe484000000-7fe484021000 rw-p 00000000 00:00 0 
7fe484021000-7fe488000000 ---p 00000000 00:00 0 
7fe488000000-7fe488021000 rw-p 00000000 00:00 0 
7fe488021000-7fe48c000000 ---p 00000000 00:00 0 
7fe48c000000-7fe48c0e2000 rw-p 00000000 00:00 0 
7fe48c0e2000-7fe490000000 ---p 00000000 00:00 0 
7fe490000000-7fe490021000 rw-p 00000000 00:00 0 
7fe490021000-7fe494000000 ---p 00000000 00:00 0 
7fe494000000-7fe494021000 rw-p 00000000 00:00 0 
7fe494021000-7fe498000000 ---p 00000000 00:00 0 
7fe498000000-7fe498021000 rw-p 00000000 00:00 0 
7fe498021000-7fe49c000000 ---p 00000000 00:00 0 
7fe49c000000-7fe49c021000 rw-p 00000000 00:00 0 
7fe49c021000-7fe4a0000000 ---p 00000000 00:00 0 
7fe4a0000000-7fe4a0021000 rw-p 00000000 00:00 0 
7fe4a0021000-7fe4a4000000 ---p 00000000 00:00 0 
7fe4a4000000-7fe4a4021000 rw-p 00000000 00:00 0 
7fe4a4021000-7fe4a8000000 ---p 00000000 00:00 0 
7fe4a80ff000-7fe4a8115000 r-xp 00000000 08:03 7098217                    /usr/lib/jvm/java-11-openjdk-amd64/lib/libnet.so
7fe4a8115000-7fe4a8314000 ---p 00016000 08:03 7098217                    /usr/lib/jvm/java-11-openjdk-amd64/lib/libnet.so
7fe4a8314000-7fe4a8315000 r--p 00015000 08:03 7098217                    /usr/lib/jvm/java-11-openjdk-amd64/lib/libnet.so
7fe4a8315000-7fe4a8316000 rw-p 00016000 08:03 7098217                    /usr/lib/jvm/java-11-openjdk-amd64/lib/libnet.so
7fe4a8316000-7fe4a8326000 r-xp 00000000 08:03 7098218                    /usr/lib/jvm/java-11-openjdk-amd64/lib/libnio.so
7fe4a8326000-7fe4a8525000 ---p 00010000 08:03 7098218                    /usr/lib/jvm/java-11-openjdk-amd64/lib/libnio.so
7fe4a8525000-7fe4a8526000 r--p 0000f000 08:03 7098218                    /usr/lib/jvm/java-11-openjdk-amd64/lib/libnio.so
7fe4a8526000-7fe4a8527000 rw-p 00010000 08:03 7098218                    /usr/lib/jvm/java-11-openjdk-amd64/lib/libnio.so
7fe4a8527000-7fe4a852b000 ---p 00000000 00:00 0 
7fe4a852b000-7fe4a8628000 rw-p 00000000 00:00 0 
7fe4a8628000-7fe4a8629000 ---p 00000000 00:00 0 
7fe4a8629000-7fe4a872a000 rw-p 00000000 00:00 0 
7fe4a872a000-7fe4a872e000 ---p 00000000 00:00 0 
7fe4a872e000-7fe4a882b000 rw-p 00000000 00:00 0 
7fe4a882b000-7fe4a882f000 ---p 00000000 00:00 0 
7fe4a882f000-7fe4a892c000 rw-p 00000000 00:00 0 
7fe4a892c000-7fe4a8930000 ---p 00000000 00:00 0 
7fe4a8930000-7fe4a8a2d000 rw-p 00000000 00:00 0 
7fe4a8a2d000-7fe4a8a31000 ---p 00000000 00:00 0 
7fe4a8a31000-7fe4a8b2e000 rw-p 00000000 00:00 0 
7fe4a8b2e000-7fe4a8b32000 ---p 00000000 00:00 0 
7fe4a8b32000-7fe4a8c2f000 rw-p 00000000 00:00 0 
7fe4a8c2f000-7fe4a95fe000 r--p 00000000 08:03 7084688                    /usr/lib/locale/locale-archive
7fe4a95fe000-7fe4a9602000 ---p 00000000 00:00 0 
7fe4a9602000-7fe4a96ff000 rw-p 00000000 00:00 0 
7fe4a96ff000-7fe4a9703000 ---p 00000000 00:00 0 
7fe4a9703000-7fe4a9d00000 rw-p 00000000 00:00 0 
7fe4a9d00000-7fe4aa000000 ---p 00000000 00:00 0 
7fe4aa000000-7fe4ac000000 rw-p 00000000 00:00 0 
7fe4ac000000-7fe4ac021000 rw-p 00000000 00:00 0 
7fe4ac021000-7fe4b0000000 ---p 00000000 00:00 0 
7fe4b0093000-7fe4b0094000 ---p 00000000 00:00 0 
7fe4b0094000-7fe4b0271000 rw-p 00000000 00:00 0 
7fe4b0271000-7fe4b0272000 ---p 00000000 00:00 0 
7fe4b0272000-7fe4b0373000 rw-p 00000000 00:00 0 
7fe4b0373000-7fe4b0374000 ---p 00000000 00:00 0 
7fe4b0374000-7fe4b0879000 rw-p 00000000 00:00 0 
7fe4b0879000-7fe4b087a000 ---p 00000000 00:00 0 
7fe4b087a000-7fe4b097b000 rw-p 00000000 00:00 0 
7fe4b097b000-7fe4b097c000 ---p 00000000 00:00 0 
7fe4b097c000-7fe4b0bed000 rw-p 00000000 00:00 0 
7fe4b0bed000-7fe4b20fd000 ---p 00000000 00:00 0 
7fe4b20fd000-7fe4b2275000 rw-p 00000000 00:00 0 
7fe4b2275000-7fe4b3785000 ---p 00000000 00:00 0 
7fe4b3785000-7fe4b37bb000 rw-p 00000000 00:00 0 
7fe4b37bb000-7fe4b3a5d000 ---p 00000000 00:00 0 
7fe4b3a5d000-7fe4b3a8c000 rw-p 00000000 00:00 0 
7fe4b3a8c000-7fe4b3d2e000 ---p 00000000 00:00 0 
7fe4b3d2e000-7fe4b3d5d000 rw-p 00000000 00:00 0 
7fe4b3d5d000-7fe4b3fff000 ---p 00000000 00:00 0 
7fe4b3fff000-7fe4b4000000 rw-p 00000000 00:00 0 
7fe4b4000000-7fe4b4021000 rw-p 00000000 00:00 0 
7fe4b4021000-7fe4b8000000 ---p 00000000 00:00 0 
7fe4b802e000-7fe4b8432000 rw-p 00000000 00:00 0 
7fe4b8432000-7fe4b8433000 ---p 00000000 00:00 0 
7fe4b8433000-7fe4b8539000 rw-p 00000000 00:00 0 
7fe4b8539000-7fe4b861f000 ---p 00000000 00:00 0 
7fe4b861f000-7fe4b8624000 rw-p 00000000 00:00 0 
7fe4b8624000-7fe4b870a000 ---p 00000000 00:00 0 
7fe4b870a000-7fe4b897a000 rwxp 00000000 00:00 0 
7fe4b897a000-7fe4b8c9a000 ---p 00000000 00:00 0 
7fe4b8c9a000-7fe4b8f0a000 rwxp 00000000 00:00 0 
7fe4b8f0a000-7fe4c01d2000 ---p 00000000 00:00 0 
7fe4c01d2000-7fe4c0442000 rwxp 00000000 00:00 0 
7fe4c0442000-7fe4c770a000 ---p 00000000 00:00 0 
7fe4c770a000-7fe4cfdfa000 r--s 00000000 08:03 7098227                    /usr/lib/jvm/java-11-openjdk-amd64/lib/modules
7fe4cfdfa000-7fe4cfdff000 r-xp 00000000 08:03 7098209                    /usr/lib/jvm/java-11-openjdk-amd64/lib/libjimage.so
7fe4cfdff000-7fe4cfffe000 ---p 00005000 08:03 7098209                    /usr/lib/jvm/java-11-openjdk-amd64/lib/libjimage.so
7fe4cfffe000-7fe4cffff000 r--p 00004000 08:03 7098209                    /usr/lib/jvm/java-11-openjdk-amd64/lib/libjimage.so
7fe4cffff000-7fe4d0000000 rw-p 00005000 08:03 7098209                    /usr/lib/jvm/java-11-openjdk-amd64/lib/libjimage.so
7fe4d0000000-7fe4d0308000 rw-p 00000000 00:00 0 
7fe4d0308000-7fe4d4000000 ---p 00000000 00:00 0 
7fe4d4056000-7fe4d405d000 r-xp 00000000 08:03 7098226                    /usr/lib/jvm/java-11-openjdk-amd64/lib/libzip.so
7fe4d405d000-7fe4d425c000 ---p 00007000 08:03 7098226                    /usr/lib/jvm/java-11-openjdk-amd64/lib/libzip.so
7fe4d425c000-7fe4d425d000 r--p 00006000 08:03 7098226                    /usr/lib/jvm/java-11-openjdk-amd64/lib/libzip.so
7fe4d425d000-7fe4d425e000 rw-p 00007000 08:03 7098226                    /usr/lib/jvm/java-11-openjdk-amd64/lib/libzip.so
7fe4d425e000-7fe4d4269000 r-xp 00000000 08:03 2626366                    /lib/x86_64-linux-gnu/libnss_files-2.27.so
7fe4d4269000-7fe4d4468000 ---p 0000b000 08:03 2626366                    /lib/x86_64-linux-gnu/libnss_files-2.27.so
7fe4d4468000-7fe4d4469000 r--p 0000a000 08:03 2626366                    /lib/x86_64-linux-gnu/libnss_files-2.27.so
7fe4d4469000-7fe4d446a000 rw-p 0000b000 08:03 2626366                    /lib/x86_64-linux-gnu/libnss_files-2.27.so
7fe4d446a000-7fe4d4470000 rw-p 00000000 00:00 0 
7fe4d4470000-7fe4d4487000 r-xp 00000000 08:03 2626360                    /lib/x86_64-linux-gnu/libnsl-2.27.so
7fe4d4487000-7fe4d4686000 ---p 00017000 08:03 2626360                    /lib/x86_64-linux-gnu/libnsl-2.27.so
7fe4d4686000-7fe4d4687000 r--p 00016000 08:03 2626360                    /lib/x86_64-linux-gnu/libnsl-2.27.so
7fe4d4687000-7fe4d4688000 rw-p 00017000 08:03 2626360                    /lib/x86_64-linux-gnu/libnsl-2.27.so
7fe4d4688000-7fe4d468a000 rw-p 00000000 00:00 0 
7fe4d468a000-7fe4d4695000 r-xp 00000000 08:03 2626377                    /lib/x86_64-linux-gnu/libnss_nis-2.27.so
7fe4d4695000-7fe4d4894000 ---p 0000b000 08:03 2626377                    /lib/x86_64-linux-gnu/libnss_nis-2.27.so
7fe4d4894000-7fe4d4895000 r--p 0000a000 08:03 2626377                    /lib/x86_64-linux-gnu/libnss_nis-2.27.so
7fe4d4895000-7fe4d4896000 rw-p 0000b000 08:03 2626377                    /lib/x86_64-linux-gnu/libnss_nis-2.27.so
7fe4d4896000-7fe4d489e000 r-xp 00000000 08:03 2626362                    /lib/x86_64-linux-gnu/libnss_compat-2.27.so
7fe4d489e000-7fe4d4a9e000 ---p 00008000 08:03 2626362                    /lib/x86_64-linux-gnu/libnss_compat-2.27.so
7fe4d4a9e000-7fe4d4a9f000 r--p 00008000 08:03 2626362                    /lib/x86_64-linux-gnu/libnss_compat-2.27.so
7fe4d4a9f000-7fe4d4aa0000 rw-p 00009000 08:03 2626362                    /lib/x86_64-linux-gnu/libnss_compat-2.27.so
7fe4d4aa0000-7fe4d4ac9000 r-xp 00000000 08:03 7098205                    /usr/lib/jvm/java-11-openjdk-amd64/lib/libjava.so
7fe4d4ac9000-7fe4d4cc8000 ---p 00029000 08:03 7098205                    /usr/lib/jvm/java-11-openjdk-amd64/lib/libjava.so
7fe4d4cc8000-7fe4d4cc9000 r--p 00028000 08:03 7098205                    /usr/lib/jvm/java-11-openjdk-amd64/lib/libjava.so
7fe4d4cc9000-7fe4d4ccb000 rw-p 00029000 08:03 7098205                    /usr/lib/jvm/java-11-openjdk-amd64/lib/libjava.so
7fe4d4ccb000-7fe4d4cd8000 r-xp 00000000 08:03 7098225                    /usr/lib/jvm/java-11-openjdk-amd64/lib/libverify.so
7fe4d4cd8000-7fe4d4ed7000 ---p 0000d000 08:03 7098225                    /usr/lib/jvm/java-11-openjdk-amd64/lib/libverify.so
7fe4d4ed7000-7fe4d4ed9000 r--p 0000c000 08:03 7098225                    /usr/lib/jvm/java-11-openjdk-amd64/lib/libverify.so
7fe4d4ed9000-7fe4d4eda000 rw-p 0000e000 08:03 7098225                    /usr/lib/jvm/java-11-openjdk-amd64/lib/libverify.so
7fe4d4eda000-7fe4d4ee1000 r-xp 00000000 08:03 2626417                    /lib/x86_64-linux-gnu/librt-2.27.so
7fe4d4ee1000-7fe4d50e0000 ---p 00007000 08:03 2626417                    /lib/x86_64-linux-gnu/librt-2.27.so
7fe4d50e0000-7fe4d50e1000 r--p 00006000 08:03 2626417                    /lib/x86_64-linux-gnu/librt-2.27.so
7fe4d50e1000-7fe4d50e2000 rw-p 00007000 08:03 2626417                    /lib/x86_64-linux-gnu/librt-2.27.so
7fe4d50e2000-7fe4d50f9000 r-xp 00000000 08:03 2626273                    /lib/x86_64-linux-gnu/libgcc_s.so.1
7fe4d50f9000-7fe4d52f8000 ---p 00017000 08:03 2626273                    /lib/x86_64-linux-gnu/libgcc_s.so.1
7fe4d52f8000-7fe4d52f9000 r--p 00016000 08:03 2626273                    /lib/x86_64-linux-gnu/libgcc_s.so.1
7fe4d52f9000-7fe4d52fa000 rw-p 00017000 08:03 2626273                    /lib/x86_64-linux-gnu/libgcc_s.so.1
7fe4d52fa000-7fe4d5497000 r-xp 00000000 08:03 2626339                    /lib/x86_64-linux-gnu/libm-2.27.so
7fe4d5497000-7fe4d5696000 ---p 0019d000 08:03 2626339                    /lib/x86_64-linux-gnu/libm-2.27.so
7fe4d5696000-7fe4d5697000 r--p 0019c000 08:03 2626339                    /lib/x86_64-linux-gnu/libm-2.27.so
7fe4d5697000-7fe4d5698000 rw-p 0019d000 08:03 2626339                    /lib/x86_64-linux-gnu/libm-2.27.so
7fe4d5698000-7fe4d5811000 r-xp 00000000 08:03 7085948                    /usr/lib/x86_64-linux-gnu/libstdc++.so.6.0.25
7fe4d5811000-7fe4d5a11000 ---p 00179000 08:03 7085948                    /usr/lib/x86_64-linux-gnu/libstdc++.so.6.0.25
7fe4d5a11000-7fe4d5a1b000 r--p 00179000 08:03 7085948                    /usr/lib/x86_64-linux-gnu/libstdc++.so.6.0.25
7fe4d5a1b000-7fe4d5a1d000 rw-p 00183000 08:03 7085948                    /usr/lib/x86_64-linux-gnu/libstdc++.so.6.0.25
7fe4d5a1d000-7fe4d5a21000 rw-p 00000000 00:00 0 
7fe4d5a21000-7fe4d6afa000 r-xp 00000000 08:03 7098230                    /usr/lib/jvm/java-11-openjdk-amd64/lib/server/libjvm.so
7fe4d6afa000-7fe4d6cf9000 ---p 010d9000 08:03 7098230                    /usr/lib/jvm/java-11-openjdk-amd64/lib/server/libjvm.so
7fe4d6cf9000-7fe4d6db6000 r--p 010d8000 08:03 7098230                    /usr/lib/jvm/java-11-openjdk-amd64/lib/server/libjvm.so
7fe4d6db6000-7fe4d6df0000 rw-p 01195000 08:03 7098230                    /usr/lib/jvm/java-11-openjdk-amd64/lib/server/libjvm.so
7fe4d6df0000-7fe4d6e46000 rw-p 00000000 00:00 0 
7fe4d6e46000-7fe4d6e60000 r-xp 00000000 08:03 2626409                    /lib/x86_64-linux-gnu/libpthread-2.27.so
7fe4d6e60000-7fe4d705f000 ---p 0001a000 08:03 2626409                    /lib/x86_64-linux-gnu/libpthread-2.27.so
7fe4d705f000-7fe4d7060000 r--p 00019000 08:03 2626409                    /lib/x86_64-linux-gnu/libpthread-2.27.so
7fe4d7060000-7fe4d7061000 rw-p 0001a000 08:03 2626409                    /lib/x86_64-linux-gnu/libpthread-2.27.so
7fe4d7061000-7fe4d7065000 rw-p 00000000 00:00 0 
7fe4d7065000-7fe4d7068000 r-xp 00000000 08:03 2626299                    /lib/x86_64-linux-gnu/libdl-2.27.so
7fe4d7068000-7fe4d7267000 ---p 00003000 08:03 2626299                    /lib/x86_64-linux-gnu/libdl-2.27.so
7fe4d7267000-7fe4d7268000 r--p 00002000 08:03 2626299                    /lib/x86_64-linux-gnu/libdl-2.27.so
7fe4d7268000-7fe4d7269000 rw-p 00003000 08:03 2626299                    /lib/x86_64-linux-gnu/libdl-2.27.so
7fe4d7269000-7fe4d7285000 r-xp 00000000 08:03 2626448                    /lib/x86_64-linux-gnu/libz.so.1.2.11
7fe4d7285000-7fe4d7484000 ---p 0001c000 08:03 2626448                    /lib/x86_64-linux-gnu/libz.so.1.2.11
7fe4d7484000-7fe4d7485000 r--p 0001b000 08:03 2626448                    /lib/x86_64-linux-gnu/libz.so.1.2.11
7fe4d7485000-7fe4d7486000 rw-p 0001c000 08:03 2626448                    /lib/x86_64-linux-gnu/libz.so.1.2.11
7fe4d7486000-7fe4d766d000 r-xp 00000000 08:03 2626276                    /lib/x86_64-linux-gnu/libc-2.27.so
7fe4d766d000-7fe4d786d000 ---p 001e7000 08:03 2626276                    /lib/x86_64-linux-gnu/libc-2.27.so
7fe4d786d000-7fe4d7871000 r--p 001e7000 08:03 2626276                    /lib/x86_64-linux-gnu/libc-2.27.so
7fe4d7871000-7fe4d7873000 rw-p 001eb000 08:03 2626276                    /lib/x86_64-linux-gnu/libc-2.27.so
7fe4d7873000-7fe4d7877000 rw-p 00000000 00:00 0 
7fe4d7877000-7fe4d7887000 r-xp 00000000 08:03 7098189                    /usr/lib/jvm/java-11-openjdk-amd64/lib/jli/libjli.so
7fe4d7887000-7fe4d7a86000 ---p 00010000 08:03 7098189                    /usr/lib/jvm/java-11-openjdk-amd64/lib/jli/libjli.so
7fe4d7a86000-7fe4d7a87000 r--p 0000f000 08:03 7098189                    /usr/lib/jvm/java-11-openjdk-amd64/lib/jli/libjli.so
7fe4d7a87000-7fe4d7a88000 rw-p 00010000 08:03 7098189                    /usr/lib/jvm/java-11-openjdk-amd64/lib/jli/libjli.so
7fe4d7a88000-7fe4d7aaf000 r-xp 00000000 08:03 2626248                    /lib/x86_64-linux-gnu/ld-2.27.so
7fe4d7abd000-7fe4d7ac4000 r--s 00000000 08:03 7344616                    /usr/lib/x86_64-linux-gnu/gconv/gconv-modules.cache
7fe4d7ac4000-7fe4d7b8f000 rw-p 00000000 00:00 0 
7fe4d7b8f000-7fe4d7b93000 ---p 00000000 00:00 0 
7fe4d7b93000-7fe4d7c92000 rw-p 00000000 00:00 0 
7fe4d7c94000-7fe4d7c95000 r-xp 00000000 00:00 0 
7fe4d7c95000-7fe4d7c9a000 rw-p 00000000 00:00 0 
7fe4d7c9a000-7fe4d7ca1000 ---p 00000000 00:00 0 
7fe4d7ca1000-7fe4d7ca3000 r--s 00007000 08:03 7605536                    /usr/share/java/java-atk-wrapper.jar
7fe4d7ca3000-7fe4d7cab000 rw-s 00000000 08:03 7081308                    /tmp/hsperfdata_artur/16225
7fe4d7cab000-7fe4d7cac000 ---p 00000000 00:00 0 
7fe4d7cac000-7fe4d7cad000 r--p 00000000 00:00 0 
7fe4d7cad000-7fe4d7caf000 rw-p 00000000 00:00 0 
7fe4d7caf000-7fe4d7cb0000 r--p 00027000 08:03 2626248                    /lib/x86_64-linux-gnu/ld-2.27.so
7fe4d7cb0000-7fe4d7cb1000 rw-p 00028000 08:03 2626248                    /lib/x86_64-linux-gnu/ld-2.27.so
7fe4d7cb1000-7fe4d7cb2000 rw-p 00000000 00:00 0 
7ffc0d062000-7ffc0d083000 rw-p 00000000 00:00 0                          [stack]
7ffc0d141000-7ffc0d144000 r--p 00000000 00:00 0                          [vvar]
7ffc0d144000-7ffc0d145000 r-xp 00000000 00:00 0                          [vdso]
ffffffffff600000-ffffffffff601000 --xp 00000000 00:00 0                  [vsyscall]


VM Arguments:
jvm_args: -Dfile.encoding=UTF-8 
java_command: com.firstJogo.main.Main
java_class_path (initial): /home/artur/eclipse-workspaces/Jogo/firstJogo/bin:/home/artur/Downloads/lwjgl/lwjgl.jar:/home/artur/Downloads/lwjgl/lwjgl-assimp.jar:/home/artur/Downloads/lwjgl/lwjgl-assimp-javadoc.jar:/home/artur/Downloads/lwjgl/lwjgl-assimp-natives-linux.jar:/home/artur/Downloads/lwjgl/lwjgl-assimp-sources.jar:/home/artur/Downloads/lwjgl/lwjgl-glfw.jar:/home/artur/Downloads/lwjgl/lwjgl-glfw-javadoc.jar:/home/artur/Downloads/lwjgl/lwjgl-glfw-natives-linux.jar:/home/artur/Downloads/lwjgl/lwjgl-glfw-sources.jar:/home/artur/Downloads/lwjgl/lwjgl-natives-linux.jar:/home/artur/Downloads/lwjgl/lwjgl-openal.jar:/home/artur/Downloads/lwjgl/lwjgl-openal-javadoc.jar:/home/artur/Downloads/lwjgl/lwjgl-openal-natives-linux.jar:/home/artur/Downloads/lwjgl/lwjgl-openal-sources.jar:/home/artur/Downloads/lwjgl/lwjgl-opengl.jar:/home/artur/Downloads/lwjgl/lwjgl-opengl-javadoc.jar:/home/artur/Downloads/lwjgl/lwjgl-opengl-natives-linux.jar:/home/artur/Downloads/lwjgl/lwjgl-opengl-sources.jar:/home/artur/Downloads/lwjgl/lwjgl-stb.jar:/home/artur/Downloads/lwjgl/lwjgl-stb-javadoc.jar:/home/artur/Downloads/lwjgl/lwjgl-stb-natives-linux.jar:/home/artur/Downloads/lwjgl/lwjgl-stb-sources.jar
Launcher Type: SUN_STANDARD

[Global flags]
     intx CICompilerCount                          = 3                                         {product} {ergonomic}
     uint ConcGCThreads                            = 1                                         {product} {ergonomic}
     uint G1ConcRefinementThreads                  = 4                                         {product} {ergonomic}
   size_t G1HeapRegionSize                         = 1048576                                   {product} {ergonomic}
    uintx GCDrainStackTargetSize                   = 64                                        {product} {ergonomic}
   size_t InitialHeapSize                          = 96468992                                  {product} {ergonomic}
   size_t MarkStackSize                            = 4194304                                   {product} {ergonomic}
   size_t MaxHeapSize                              = 1512046592                                {product} {ergonomic}
   size_t MaxNewSize                               = 907018240                                 {product} {ergonomic}
   size_t MinHeapDeltaBytes                        = 1048576                                   {product} {ergonomic}
    uintx NonNMethodCodeHeapSize                   = 5830732                                {pd product} {ergonomic}
    uintx NonProfiledCodeHeapSize                  = 122913754                              {pd product} {ergonomic}
    uintx ProfiledCodeHeapSize                     = 122913754                              {pd product} {ergonomic}
    uintx ReservedCodeCacheSize                    = 251658240                              {pd product} {ergonomic}
     bool SegmentedCodeCache                       = true                                      {product} {ergonomic}
     bool UseCompressedClassPointers               = true                                 {lp64_product} {ergonomic}
     bool UseCompressedOops                        = true                                 {lp64_product} {ergonomic}
     bool UseG1GC                                  = true                                      {product} {ergonomic}

Logging:
Log output configuration:
 #0: stdout all=warning uptime,level,tags
 #1: stderr all=off uptime,level,tags

Environment Variables:
PATH=/home/artur/.local/bin:/usr/local/sbin:/usr/local/bin:/usr/sbin:/usr/bin:/sbin:/bin:/usr/games:/usr/local/games:/snap/bin
USERNAME=artur
SHELL=/bin/bash
DISPLAY=:0

Signal Handlers:
SIGSEGV: [libjvm.so+0xdf1470], sa_mask[0]=11111111011111111101111111111110, sa_flags=SA_RESTART|SA_SIGINFO
SIGBUS: [libjvm.so+0xdf1470], sa_mask[0]=11111111011111111101111111111110, sa_flags=SA_RESTART|SA_SIGINFO
SIGFPE: [libjvm.so+0xdf1470], sa_mask[0]=11111111011111111101111111111110, sa_flags=SA_RESTART|SA_SIGINFO
SIGPIPE: [libjvm.so+0xbc5560], sa_mask[0]=11111111011111111101111111111110, sa_flags=SA_RESTART|SA_SIGINFO
SIGXFSZ: [libjvm.so+0xbc5560], sa_mask[0]=11111111011111111101111111111110, sa_flags=SA_RESTART|SA_SIGINFO
SIGILL: [libjvm.so+0xdf1470], sa_mask[0]=11111111011111111101111111111110, sa_flags=SA_RESTART|SA_SIGINFO
SIGUSR2: [libjvm.so+0xbc5400], sa_mask[0]=00100000000000000000000000000000, sa_flags=SA_RESTART|SA_SIGINFO
SIGHUP: [libjvm.so+0xbc5760], sa_mask[0]=11111111011111111101111111111110, sa_flags=SA_RESTART|SA_SIGINFO
SIGINT: [libjvm.so+0xbc5760], sa_mask[0]=11111111011111111101111111111110, sa_flags=SA_RESTART|SA_SIGINFO
SIGTERM: [libjvm.so+0xbc5760], sa_mask[0]=11111111011111111101111111111110, sa_flags=SA_RESTART|SA_SIGINFO
SIGQUIT: [libjvm.so+0xbc5760], sa_mask[0]=11111111011111111101111111111110, sa_flags=SA_RESTART|SA_SIGINFO


---------------  S Y S T E M  ---------------

OS:DISTRIB_ID=Ubuntu
DISTRIB_RELEASE=18.04
DISTRIB_CODENAME=bionic
DISTRIB_DESCRIPTION="Ubuntu 18.04.4 LTS"
uname:Linux 5.3.0-28-generic #30~18.04.1-Ubuntu SMP Fri Jan 17 06:14:09 UTC 2020 x86_64
libc:glibc 2.27 NPTL 2.27 
rlimit: STACK 8192k, CORE 0k, NPROC 22869, NOFILE 1048576, AS infinity, DATA infinity, FSIZE infinity
load average:5,83 2,39 1,60

/proc/meminfo:
MemTotal:        5903108 kB
MemFree:          296096 kB
MemAvailable:    1877548 kB
Buffers:          377212 kB
Cached:          1652896 kB
SwapCached:        70028 kB
Active:          3966992 kB
Inactive:        1189992 kB
Active(anon):    2919528 kB
Inactive(anon):   537848 kB
Active(file):    1047464 kB
Inactive(file):   652144 kB
Unevictable:       52272 kB
Mlocked:             128 kB
SwapTotal:      28649464 kB
SwapFree:       28568568 kB
Dirty:             23156 kB
Writeback:             0 kB
AnonPages:       3108972 kB
Mapped:           979480 kB
Shmem:            330496 kB
KReclaimable:     180464 kB
Slab:             242752 kB
SReclaimable:     180464 kB
SUnreclaim:        62288 kB
KernelStack:       18256 kB
PageTables:        68640 kB
NFS_Unstable:          0 kB
Bounce:                0 kB
WritebackTmp:          0 kB
CommitLimit:    31601016 kB
Committed_AS:   10110016 kB
VmallocTotal:   34359738367 kB
VmallocUsed:       39500 kB
VmallocChunk:          0 kB
Percpu:             2976 kB
HardwareCorrupted:     0 kB
AnonHugePages:         0 kB
ShmemHugePages:        0 kB
ShmemPmdMapped:        0 kB
CmaTotal:              0 kB
CmaFree:               0 kB
HugePages_Total:       0
HugePages_Free:        0
HugePages_Rsvd:        0
HugePages_Surp:        0
Hugepagesize:       2048 kB
Hugetlb:               0 kB
DirectMap4k:      235260 kB
DirectMap2M:     5869568 kB


/proc/sys/kernel/threads-max (system-wide limit on the number of threads):
45738


/proc/sys/vm/max_map_count (maximum number of memory map areas a process may have):
65530


/proc/sys/kernel/pid_max (system-wide limit on number of process identifiers):
32768



container (cgroup) information:
container_type: cgroupv1
cpu_cpuset_cpus: 0-3
cpu_memory_nodes: 0
active_processor_count: 4
cpu_quota: -1
cpu_period: 100000
cpu_shares: -1
memory_limit_in_bytes: -1
memory_and_swap_limit_in_bytes: -2
memory_soft_limit_in_bytes: -1
memory_usage_in_bytes: 5334028288
memory_max_usage_in_bytes: 48328704

Steal ticks since vm start: 0
Steal ticks percentage since vm start:  0,000

CPU:total 4 (initial active 4) (2 cores per cpu, 2 threads per core) family 6 model 58 stepping 9, cmov, cx8, fxsr, mmx, sse, sse2, sse3, ssse3, sse4.1, sse4.2, popcnt, avx, aes, clmul, erms, ht, tsc, tscinvbit, tscinv
CPU Model and flags from /proc/cpuinfo:
model name	: Intel(R) Core(TM) i5-3337U CPU @ 1.80GHz
flags		: fpu vme de pse tsc msr pae mce cx8 apic sep mtrr pge mca cmov pat pse36 clflush dts acpi mmx fxsr sse sse2 ss ht tm pbe syscall nx rdtscp lm constant_tsc arch_perfmon pebs bts rep_good nopl xtopology nonstop_tsc cpuid aperfmperf pni pclmulqdq dtes64 monitor ds_cpl vmx est tm2 ssse3 cx16 xtpr pdcm pcid sse4_1 sse4_2 x2apic popcnt tsc_deadline_timer aes xsave avx f16c rdrand lahf_lm cpuid_fault epb pti ssbd ibrs ibpb stibp tpr_shadow vnmi flexpriority ept vpid fsgsbase smep erms xsaveopt dtherm ida arat pln pts md_clear flush_l1d

Memory: 4k page, physical 5903108k(296096k free), swap 28649464k(28568568k free)

vm_info: OpenJDK 64-Bit Server VM (11.0.6+10-post-Ubuntu-1ubuntu118.04.1) for linux-amd64 JRE (11.0.6+10-post-Ubuntu-1ubuntu118.04.1), built on Jan 15 2020 15:14:00 by "unknown" with gcc 7.4.0

END.
