#
# A fatal error has been detected by the Java Runtime Environment:
#
#  SIGSEGV (0xb) at pc=0x00007faff2f76800, pid=11776, tid=11781
#
# JRE version: OpenJDK Runtime Environment (11.0.6+10) (build 11.0.6+10-post-Ubuntu-1ubuntu118.04.1)
# Java VM: OpenJDK 64-Bit Server VM (11.0.6+10-post-Ubuntu-1ubuntu118.04.1, mixed mode, sharing, tiered, compressed oops, g1 gc, linux-amd64)
# Problematic frame:
# C  [libglfw.so+0x14800]
#
# Core dump will be written. Default location: Core dumps may be processed with "/usr/share/apport/apport %p %s %c %d %P" (or dumping to /home/artur/eclipse-workspaces/Jogo/firstJogo/core.11776)
#
# If you would like to submit a bug report, please visit:
#   https://bugs.launchpad.net/ubuntu/+source/openjdk-lts
# The crash happened outside the Java Virtual Machine in native code.
# See problematic frame for where to report the bug.
#

---------------  S U M M A R Y ------------

Command Line: -Dfile.encoding=UTF-8 com.firstJogo.main.Main

Host: Intel(R) Core(TM) i5-3337U CPU @ 1.80GHz, 4 cores, 5G, Ubuntu 18.04.4 LTS
Time: Tue Mar  3 14:09:26 2020 -03 elapsed time: 0 seconds (0d 0h 0m 0s)

---------------  T H R E A D  ---------------

Current thread (0x00007fb034015000):  JavaThread "main" [_thread_in_native, id=11781, stack(0x00007fb03ae3d000,0x00007fb03af3e000)]

Stack: [0x00007fb03ae3d000,0x00007fb03af3e000],  sp=0x00007fb03af3bf60,  free space=1019k
Native frames: (J=compiled Java code, A=aot compiled Java code, j=interpreted, Vv=VM code, C=native code)
C  [libglfw.so+0x14800]

Java frames: (J=compiled Java code, j=interpreted, Vv=VM code)
j  org.lwjgl.system.JNI.invokePPPP(IIJJJJ)J+0
j  org.lwjgl.glfw.GLFW.nglfwCreateWindow(IIJJJ)J+14
j  org.lwjgl.glfw.GLFW.glfwCreateWindow(IILjava/lang/CharSequence;JJ)J+37
j  com.firstJogo.visual.Janela.<init>(Ljava/lang/String;Z)V+58
j  com.firstJogo.main.Main.initvisual()V+10
j  com.firstJogo.main.Main.main([Ljava/lang/String;)V+0
v  ~StubRoutines::call_stub

siginfo: si_signo: 11 (SIGSEGV), si_code: 1 (SEGV_MAPERR), si_addr: 0x00000000000000a1

Register to memory mapping:

RAX=0x0000000000000001 is an unknown value
RBX=0x00007faff31a6260: <offset 0x0000000000244260> in /tmp/lwjglartur/3.2.3-build-13/libglfw.so at 0x00007faff2f62000
RCX=0x0 is NULL
RDX=0x00000000000001e6 is an unknown value
RSP=0x00007fb03af3bf60 is pointing into the stack for thread: 0x00007fb034015000
RBP=0x00007fb0342d3670 points into unknown readable memory: 00 00 00 00 00 00 00 00
RSI=0x0000000000000001 is an unknown value
RDI=0x00007fb0342d3670 points into unknown readable memory: 00 00 00 00 00 00 00 00
R8 =0x0 is NULL
R9 =0x000000000000000f is an unknown value
R10=0x00007fb0340008d0 points into unknown readable memory: 04 06 00 02 06 00 01 00
R11=0x0 is NULL
R12=0x00007fb03af3c140 is pointing into the stack for thread: 0x00007fb034015000
R13=0x00007fb03af3c220 is pointing into the stack for thread: 0x00007fb034015000
R14=0x00007fb0342edc10 points into unknown readable memory: 00 00 00 00 b0 7f 00 00
R15=0x00007faff31a6260: <offset 0x0000000000244260> in /tmp/lwjglartur/3.2.3-build-13/libglfw.so at 0x00007faff2f62000


Registers:
RAX=0x0000000000000001, RBX=0x00007faff31a6260, RCX=0x0000000000000000, RDX=0x00000000000001e6
RSP=0x00007fb03af3bf60, RBP=0x00007fb0342d3670, RSI=0x0000000000000001, RDI=0x00007fb0342d3670
R8 =0x0000000000000000, R9 =0x000000000000000f, R10=0x00007fb0340008d0, R11=0x0000000000000000
R12=0x00007fb03af3c140, R13=0x00007fb03af3c220, R14=0x00007fb0342edc10, R15=0x00007faff31a6260
RIP=0x00007faff2f76800, EFLAGS=0x0000000000010202, CSGSFS=0x002b000000000033, ERR=0x0000000000000004
  TRAPNO=0x000000000000000e

Top of Stack: (sp=0x00007fb03af3bf60)
0x00007fb03af3bf60:   000000000000013f 0000000000000001
0x00007fb03af3bf70:   0000000000000001 00000000ffffffff
0x00007fb03af3bf80:   0000000000000000 00007fb000000000
0x00007fb03af3bf90:   0000000002000008 0000000000000000 

Instructions: (pc=0x00007faff2f76800)
0x00007faff2f76700:   89 34 24 41 b8 08 00 00 00 e8 c2 2e ff ff 48 8b
0x00007faff2f76710:   55 40 48 8b 45 30 4c 8b 6d 38 e9 27 fd ff ff e8
0x00007faff2f76720:   ac 2a ff ff 66 90 66 2e 0f 1f 84 00 00 00 00 00
0x00007faff2f76730:   55 48 89 fd 53 48 81 ec 58 01 00 00 48 8d 1d 1d
0x00007faff2f76740:   fb 22 00 64 48 8b 04 25 28 00 00 00 48 89 84 24
0x00007faff2f76750:   48 01 00 00 31 c0 48 8b 47 40 48 85 c0 0f 84 0d
0x00007faff2f76760:   02 00 00 8b b3 a0 06 02 00 85 f6 0f 85 7f 00 00
0x00007faff2f76770:   00 48 8b 93 50 04 02 00 48 85 d2 74 10 48 8b b3
0x00007faff2f76780:   60 04 02 00 48 85 f6 0f 85 53 01 00 00 48 8b b5
0x00007faff2f76790:   48 03 00 00 48 8b bb c0 fe 01 00 48 8d 4c 24 10
0x00007faff2f767a0:   ba 00 02 00 00 c7 44 24 68 01 00 00 00 e8 2e 2b
0x00007faff2f767b0:   ff ff c7 85 58 03 00 00 01 00 00 00 8b 8d 64 03
0x00007faff2f767c0:   00 00 85 c9 0f 84 c6 00 00 00 48 8b 84 24 48 01
0x00007faff2f767d0:   00 00 64 48 33 04 25 28 00 00 00 0f 85 b7 02 00
0x00007faff2f767e0:   00 48 81 c4 58 01 00 00 5b 5d c3 0f 1f 44 00 00
0x00007faff2f767f0:   48 8b 93 88 04 02 00 48 85 d2 0f 84 71 ff ff ff
0x00007faff2f76800:   48 63 b0 a0 00 00 00 4c 8b 87 48 03 00 00 48 8d
0x00007faff2f76810:   bc 24 80 00 00 00 31 c0 b9 18 00 00 00 f3 48 ab
0x00007faff2f76820:   48 8b bb c0 fe 01 00 4c 89 84 24 a0 00 00 00 4c
0x00007faff2f76830:   8d 84 24 80 00 00 00 48 89 b4 24 b8 00 00 00 48
0x00007faff2f76840:   89 b4 24 c0 00 00 00 b9 00 00 18 00 48 89 b4 24
0x00007faff2f76850:   c8 00 00 00 48 89 b4 24 d0 00 00 00 48 8b b3 d0
0x00007faff2f76860:   fe 01 00 48 89 94 24 a8 00 00 00 31 d2 c7 84 24
0x00007faff2f76870:   80 00 00 00 21 00 00 00 c7 84 24 b0 00 00 00 20
0x00007faff2f76880:   00 00 00 e8 f8 26 ff ff e9 e4 fe ff ff 0f 1f 00
0x00007faff2f76890:   48 8b 93 80 04 02 00 48 8b b5 48 03 00 00 48 8d
0x00007faff2f768a0:   44 24 10 48 8b bb c0 fe 01 00 45 31 c9 c7 44 24
0x00007faff2f768b0:   08 01 00 00 00 48 89 04 24 41 b8 20 00 00 00 b9
0x00007faff2f768c0:   06 00 00 00 48 c7 44 24 10 01 00 00 00 e8 fe 2c
0x00007faff2f768d0:   ff ff e9 f3 fe ff ff 66 0f 1f 84 00 00 00 00 00
0x00007faff2f768e0:   4c 8b 85 48 03 00 00 48 8d bc 24 80 00 00 00 31
0x00007faff2f768f0:   c0 b9 18 00 00 00 f3 48 ab 48 89 b4 24 c0 00 00 


Stack slot to memory mapping:
stack at sp + 0 slots: 0x000000000000013f is an unknown value
stack at sp + 1 slots: 0x0000000000000001 is an unknown value
stack at sp + 2 slots: 0x0000000000000001 is an unknown value
stack at sp + 3 slots: 0x00000000ffffffff is an unallocated location in the heap
stack at sp + 4 slots: 0x0 is NULL
stack at sp + 5 slots: 0x00007fb000000000 points into unknown readable memory: 20 00 00 00 b0 7f 00 00
stack at sp + 6 slots: 0x0000000002000008 is an unknown value
stack at sp + 7 slots: 0x0 is NULL


---------------  P R O C E S S  ---------------

Threads class SMR info:
_java_thread_list=0x00007fb034128cb0, length=9, elements={
0x00007fb034015000, 0x00007fb0340e4800, 0x00007fb0340e6800, 0x00007fb0340ed000,
0x00007fb0340ef000, 0x00007fb0340f1000, 0x00007fb0340f3000, 0x00007fb034122800,
0x00007fb034127800
}

Java Threads: ( => current thread )
=>0x00007fb034015000 JavaThread "main" [_thread_in_native, id=11781, stack(0x00007fb03ae3d000,0x00007fb03af3e000)]
  0x00007fb0340e4800 JavaThread "Reference Handler" daemon [_thread_blocked, id=11788, stack(0x00007fb01810a000,0x00007fb01820b000)]
  0x00007fb0340e6800 JavaThread "Finalizer" daemon [_thread_blocked, id=11789, stack(0x00007fb018009000,0x00007fb01810a000)]
  0x00007fb0340ed000 JavaThread "Signal Dispatcher" daemon [_thread_blocked, id=11790, stack(0x00007fb010877000,0x00007fb010978000)]
  0x00007fb0340ef000 JavaThread "C2 CompilerThread0" daemon [_thread_blocked, id=11791, stack(0x00007fb010776000,0x00007fb010877000)]
  0x00007fb0340f1000 JavaThread "C1 CompilerThread0" daemon [_thread_blocked, id=11792, stack(0x00007fb010675000,0x00007fb010776000)]
  0x00007fb0340f3000 JavaThread "Sweeper thread" daemon [_thread_blocked, id=11793, stack(0x00007fb010574000,0x00007fb010675000)]
  0x00007fb034122800 JavaThread "Service Thread" daemon [_thread_blocked, id=11794, stack(0x00007fb010473000,0x00007fb010574000)]
  0x00007fb034127800 JavaThread "Common-Cleaner" daemon [_thread_blocked, id=11796, stack(0x00007fb010270000,0x00007fb010371000)]

Other Threads:
  0x00007fb0340e1800 VMThread "VM Thread" [stack: 0x00007fb01820d000,0x00007fb01830d000] [id=11787]
  0x00007fb034125000 WatcherThread [stack: 0x00007fb010373000,0x00007fb010473000] [id=11795]
  0x00007fb03402d800 GCTaskThread "GC Thread#0" [stack: 0x00007fb01b69b000,0x00007fb01b79b000] [id=11782]
  0x00007fb034053000 ConcurrentGCThread "G1 Main Marker" [stack: 0x00007fb01929a000,0x00007fb01939a000] [id=11783]
  0x00007fb034055000 ConcurrentGCThread "G1 Conc#0" [stack: 0x00007fb019198000,0x00007fb019298000] [id=11784]
  0x00007fb0340b1000 ConcurrentGCThread "G1 Refine#0" [stack: 0x00007fb018c92000,0x00007fb018d92000] [id=11785]
  0x00007fb0340b3000 ConcurrentGCThread "G1 Young RemSet Sampling" [stack: 0x00007fb018b90000,0x00007fb018c90000] [id=11786]

Threads with active compile tasks:

VM state:not at safepoint (normal execution)

VM Mutex/Monitor currently owned by a thread: None

Heap address: 0x00000000a5e00000, size: 1442 MB, Compressed Oops mode: 32-bit
Narrow klass base: 0x0000000800000000, Narrow klass shift: 3
Compressed class space size: 1073741824 Address: 0x0000000840000000

Heap:
 garbage-first heap   total 96256K, used 4804K [0x00000000a5e00000, 0x0000000100000000)
  region size 1024K, 5 young (5120K), 0 survivors (0K)
 Metaspace       used 1948K, capacity 5408K, committed 5632K, reserved 1056768K
  class space    used 149K, capacity 462K, committed 512K, reserved 1048576K
Heap Regions: E=young(eden), S=young(survivor), O=old, HS=humongous(starts), HC=humongous(continues), CS=collection set, F=free, A=archive, TAMS=top-at-mark-start (previous, next)
|   0|0x00000000a5e00000, 0x00000000a5e00000, 0x00000000a5f00000|  0%| F|  |TAMS 0x00000000a5e00000, 0x00000000a5e00000| Untracked 
|   1|0x00000000a5f00000, 0x00000000a5f00000, 0x00000000a6000000|  0%| F|  |TAMS 0x00000000a5f00000, 0x00000000a5f00000| Untracked 
|   2|0x00000000a6000000, 0x00000000a6000000, 0x00000000a6100000|  0%| F|  |TAMS 0x00000000a6000000, 0x00000000a6000000| Untracked 
|   3|0x00000000a6100000, 0x00000000a6100000, 0x00000000a6200000|  0%| F|  |TAMS 0x00000000a6100000, 0x00000000a6100000| Untracked 
|   4|0x00000000a6200000, 0x00000000a6200000, 0x00000000a6300000|  0%| F|  |TAMS 0x00000000a6200000, 0x00000000a6200000| Untracked 
|   5|0x00000000a6300000, 0x00000000a6300000, 0x00000000a6400000|  0%| F|  |TAMS 0x00000000a6300000, 0x00000000a6300000| Untracked 
|   6|0x00000000a6400000, 0x00000000a6400000, 0x00000000a6500000|  0%| F|  |TAMS 0x00000000a6400000, 0x00000000a6400000| Untracked 
|   7|0x00000000a6500000, 0x00000000a6500000, 0x00000000a6600000|  0%| F|  |TAMS 0x00000000a6500000, 0x00000000a6500000| Untracked 
|   8|0x00000000a6600000, 0x00000000a6600000, 0x00000000a6700000|  0%| F|  |TAMS 0x00000000a6600000, 0x00000000a6600000| Untracked 
|   9|0x00000000a6700000, 0x00000000a6700000, 0x00000000a6800000|  0%| F|  |TAMS 0x00000000a6700000, 0x00000000a6700000| Untracked 
|  10|0x00000000a6800000, 0x00000000a6800000, 0x00000000a6900000|  0%| F|  |TAMS 0x00000000a6800000, 0x00000000a6800000| Untracked 
|  11|0x00000000a6900000, 0x00000000a6900000, 0x00000000a6a00000|  0%| F|  |TAMS 0x00000000a6900000, 0x00000000a6900000| Untracked 
|  12|0x00000000a6a00000, 0x00000000a6a00000, 0x00000000a6b00000|  0%| F|  |TAMS 0x00000000a6a00000, 0x00000000a6a00000| Untracked 
|  13|0x00000000a6b00000, 0x00000000a6b00000, 0x00000000a6c00000|  0%| F|  |TAMS 0x00000000a6b00000, 0x00000000a6b00000| Untracked 
|  14|0x00000000a6c00000, 0x00000000a6c00000, 0x00000000a6d00000|  0%| F|  |TAMS 0x00000000a6c00000, 0x00000000a6c00000| Untracked 
|  15|0x00000000a6d00000, 0x00000000a6d00000, 0x00000000a6e00000|  0%| F|  |TAMS 0x00000000a6d00000, 0x00000000a6d00000| Untracked 
|  16|0x00000000a6e00000, 0x00000000a6e00000, 0x00000000a6f00000|  0%| F|  |TAMS 0x00000000a6e00000, 0x00000000a6e00000| Untracked 
|  17|0x00000000a6f00000, 0x00000000a6f00000, 0x00000000a7000000|  0%| F|  |TAMS 0x00000000a6f00000, 0x00000000a6f00000| Untracked 
|  18|0x00000000a7000000, 0x00000000a7000000, 0x00000000a7100000|  0%| F|  |TAMS 0x00000000a7000000, 0x00000000a7000000| Untracked 
|  19|0x00000000a7100000, 0x00000000a7100000, 0x00000000a7200000|  0%| F|  |TAMS 0x00000000a7100000, 0x00000000a7100000| Untracked 
|  20|0x00000000a7200000, 0x00000000a7200000, 0x00000000a7300000|  0%| F|  |TAMS 0x00000000a7200000, 0x00000000a7200000| Untracked 
|  21|0x00000000a7300000, 0x00000000a7300000, 0x00000000a7400000|  0%| F|  |TAMS 0x00000000a7300000, 0x00000000a7300000| Untracked 
|  22|0x00000000a7400000, 0x00000000a7400000, 0x00000000a7500000|  0%| F|  |TAMS 0x00000000a7400000, 0x00000000a7400000| Untracked 
|  23|0x00000000a7500000, 0x00000000a7500000, 0x00000000a7600000|  0%| F|  |TAMS 0x00000000a7500000, 0x00000000a7500000| Untracked 
|  24|0x00000000a7600000, 0x00000000a7600000, 0x00000000a7700000|  0%| F|  |TAMS 0x00000000a7600000, 0x00000000a7600000| Untracked 
|  25|0x00000000a7700000, 0x00000000a7700000, 0x00000000a7800000|  0%| F|  |TAMS 0x00000000a7700000, 0x00000000a7700000| Untracked 
|  26|0x00000000a7800000, 0x00000000a7800000, 0x00000000a7900000|  0%| F|  |TAMS 0x00000000a7800000, 0x00000000a7800000| Untracked 
|  27|0x00000000a7900000, 0x00000000a7900000, 0x00000000a7a00000|  0%| F|  |TAMS 0x00000000a7900000, 0x00000000a7900000| Untracked 
|  28|0x00000000a7a00000, 0x00000000a7a00000, 0x00000000a7b00000|  0%| F|  |TAMS 0x00000000a7a00000, 0x00000000a7a00000| Untracked 
|  29|0x00000000a7b00000, 0x00000000a7b00000, 0x00000000a7c00000|  0%| F|  |TAMS 0x00000000a7b00000, 0x00000000a7b00000| Untracked 
|  30|0x00000000a7c00000, 0x00000000a7c00000, 0x00000000a7d00000|  0%| F|  |TAMS 0x00000000a7c00000, 0x00000000a7c00000| Untracked 
|  31|0x00000000a7d00000, 0x00000000a7d00000, 0x00000000a7e00000|  0%| F|  |TAMS 0x00000000a7d00000, 0x00000000a7d00000| Untracked 
|  32|0x00000000a7e00000, 0x00000000a7e00000, 0x00000000a7f00000|  0%| F|  |TAMS 0x00000000a7e00000, 0x00000000a7e00000| Untracked 
|  33|0x00000000a7f00000, 0x00000000a7f00000, 0x00000000a8000000|  0%| F|  |TAMS 0x00000000a7f00000, 0x00000000a7f00000| Untracked 
|  34|0x00000000a8000000, 0x00000000a8000000, 0x00000000a8100000|  0%| F|  |TAMS 0x00000000a8000000, 0x00000000a8000000| Untracked 
|  35|0x00000000a8100000, 0x00000000a8100000, 0x00000000a8200000|  0%| F|  |TAMS 0x00000000a8100000, 0x00000000a8100000| Untracked 
|  36|0x00000000a8200000, 0x00000000a8200000, 0x00000000a8300000|  0%| F|  |TAMS 0x00000000a8200000, 0x00000000a8200000| Untracked 
|  37|0x00000000a8300000, 0x00000000a8300000, 0x00000000a8400000|  0%| F|  |TAMS 0x00000000a8300000, 0x00000000a8300000| Untracked 
|  38|0x00000000a8400000, 0x00000000a8400000, 0x00000000a8500000|  0%| F|  |TAMS 0x00000000a8400000, 0x00000000a8400000| Untracked 
|  39|0x00000000a8500000, 0x00000000a8500000, 0x00000000a8600000|  0%| F|  |TAMS 0x00000000a8500000, 0x00000000a8500000| Untracked 
|  40|0x00000000a8600000, 0x00000000a8600000, 0x00000000a8700000|  0%| F|  |TAMS 0x00000000a8600000, 0x00000000a8600000| Untracked 
|  41|0x00000000a8700000, 0x00000000a8700000, 0x00000000a8800000|  0%| F|  |TAMS 0x00000000a8700000, 0x00000000a8700000| Untracked 
|  42|0x00000000a8800000, 0x00000000a8800000, 0x00000000a8900000|  0%| F|  |TAMS 0x00000000a8800000, 0x00000000a8800000| Untracked 
|  43|0x00000000a8900000, 0x00000000a8900000, 0x00000000a8a00000|  0%| F|  |TAMS 0x00000000a8900000, 0x00000000a8900000| Untracked 
|  44|0x00000000a8a00000, 0x00000000a8a00000, 0x00000000a8b00000|  0%| F|  |TAMS 0x00000000a8a00000, 0x00000000a8a00000| Untracked 
|  45|0x00000000a8b00000, 0x00000000a8b00000, 0x00000000a8c00000|  0%| F|  |TAMS 0x00000000a8b00000, 0x00000000a8b00000| Untracked 
|  46|0x00000000a8c00000, 0x00000000a8c00000, 0x00000000a8d00000|  0%| F|  |TAMS 0x00000000a8c00000, 0x00000000a8c00000| Untracked 
|  47|0x00000000a8d00000, 0x00000000a8d00000, 0x00000000a8e00000|  0%| F|  |TAMS 0x00000000a8d00000, 0x00000000a8d00000| Untracked 
|  48|0x00000000a8e00000, 0x00000000a8e00000, 0x00000000a8f00000|  0%| F|  |TAMS 0x00000000a8e00000, 0x00000000a8e00000| Untracked 
|  49|0x00000000a8f00000, 0x00000000a8f00000, 0x00000000a9000000|  0%| F|  |TAMS 0x00000000a8f00000, 0x00000000a8f00000| Untracked 
|  50|0x00000000a9000000, 0x00000000a9000000, 0x00000000a9100000|  0%| F|  |TAMS 0x00000000a9000000, 0x00000000a9000000| Untracked 
|  51|0x00000000a9100000, 0x00000000a9100000, 0x00000000a9200000|  0%| F|  |TAMS 0x00000000a9100000, 0x00000000a9100000| Untracked 
|  52|0x00000000a9200000, 0x00000000a9200000, 0x00000000a9300000|  0%| F|  |TAMS 0x00000000a9200000, 0x00000000a9200000| Untracked 
|  53|0x00000000a9300000, 0x00000000a9300000, 0x00000000a9400000|  0%| F|  |TAMS 0x00000000a9300000, 0x00000000a9300000| Untracked 
|  54|0x00000000a9400000, 0x00000000a9400000, 0x00000000a9500000|  0%| F|  |TAMS 0x00000000a9400000, 0x00000000a9400000| Untracked 
|  55|0x00000000a9500000, 0x00000000a9500000, 0x00000000a9600000|  0%| F|  |TAMS 0x00000000a9500000, 0x00000000a9500000| Untracked 
|  56|0x00000000a9600000, 0x00000000a9600000, 0x00000000a9700000|  0%| F|  |TAMS 0x00000000a9600000, 0x00000000a9600000| Untracked 
|  57|0x00000000a9700000, 0x00000000a9700000, 0x00000000a9800000|  0%| F|  |TAMS 0x00000000a9700000, 0x00000000a9700000| Untracked 
|  58|0x00000000a9800000, 0x00000000a9800000, 0x00000000a9900000|  0%| F|  |TAMS 0x00000000a9800000, 0x00000000a9800000| Untracked 
|  59|0x00000000a9900000, 0x00000000a9900000, 0x00000000a9a00000|  0%| F|  |TAMS 0x00000000a9900000, 0x00000000a9900000| Untracked 
|  60|0x00000000a9a00000, 0x00000000a9a00000, 0x00000000a9b00000|  0%| F|  |TAMS 0x00000000a9a00000, 0x00000000a9a00000| Untracked 
|  61|0x00000000a9b00000, 0x00000000a9b00000, 0x00000000a9c00000|  0%| F|  |TAMS 0x00000000a9b00000, 0x00000000a9b00000| Untracked 
|  62|0x00000000a9c00000, 0x00000000a9c00000, 0x00000000a9d00000|  0%| F|  |TAMS 0x00000000a9c00000, 0x00000000a9c00000| Untracked 
|  63|0x00000000a9d00000, 0x00000000a9d00000, 0x00000000a9e00000|  0%| F|  |TAMS 0x00000000a9d00000, 0x00000000a9d00000| Untracked 
|  64|0x00000000a9e00000, 0x00000000a9e00000, 0x00000000a9f00000|  0%| F|  |TAMS 0x00000000a9e00000, 0x00000000a9e00000| Untracked 
|  65|0x00000000a9f00000, 0x00000000a9f00000, 0x00000000aa000000|  0%| F|  |TAMS 0x00000000a9f00000, 0x00000000a9f00000| Untracked 
|  66|0x00000000aa000000, 0x00000000aa000000, 0x00000000aa100000|  0%| F|  |TAMS 0x00000000aa000000, 0x00000000aa000000| Untracked 
|  67|0x00000000aa100000, 0x00000000aa100000, 0x00000000aa200000|  0%| F|  |TAMS 0x00000000aa100000, 0x00000000aa100000| Untracked 
|  68|0x00000000aa200000, 0x00000000aa200000, 0x00000000aa300000|  0%| F|  |TAMS 0x00000000aa200000, 0x00000000aa200000| Untracked 
|  69|0x00000000aa300000, 0x00000000aa300000, 0x00000000aa400000|  0%| F|  |TAMS 0x00000000aa300000, 0x00000000aa300000| Untracked 
|  70|0x00000000aa400000, 0x00000000aa400000, 0x00000000aa500000|  0%| F|  |TAMS 0x00000000aa400000, 0x00000000aa400000| Untracked 
|  71|0x00000000aa500000, 0x00000000aa500000, 0x00000000aa600000|  0%| F|  |TAMS 0x00000000aa500000, 0x00000000aa500000| Untracked 
|  72|0x00000000aa600000, 0x00000000aa600000, 0x00000000aa700000|  0%| F|  |TAMS 0x00000000aa600000, 0x00000000aa600000| Untracked 
|  73|0x00000000aa700000, 0x00000000aa700000, 0x00000000aa800000|  0%| F|  |TAMS 0x00000000aa700000, 0x00000000aa700000| Untracked 
|  74|0x00000000aa800000, 0x00000000aa800000, 0x00000000aa900000|  0%| F|  |TAMS 0x00000000aa800000, 0x00000000aa800000| Untracked 
|  75|0x00000000aa900000, 0x00000000aa900000, 0x00000000aaa00000|  0%| F|  |TAMS 0x00000000aa900000, 0x00000000aa900000| Untracked 
|  76|0x00000000aaa00000, 0x00000000aaa00000, 0x00000000aab00000|  0%| F|  |TAMS 0x00000000aaa00000, 0x00000000aaa00000| Untracked 
|  77|0x00000000aab00000, 0x00000000aab00000, 0x00000000aac00000|  0%| F|  |TAMS 0x00000000aab00000, 0x00000000aab00000| Untracked 
|  78|0x00000000aac00000, 0x00000000aac00000, 0x00000000aad00000|  0%| F|  |TAMS 0x00000000aac00000, 0x00000000aac00000| Untracked 
|  79|0x00000000aad00000, 0x00000000aad00000, 0x00000000aae00000|  0%| F|  |TAMS 0x00000000aad00000, 0x00000000aad00000| Untracked 
|  80|0x00000000aae00000, 0x00000000aae00000, 0x00000000aaf00000|  0%| F|  |TAMS 0x00000000aae00000, 0x00000000aae00000| Untracked 
|  81|0x00000000aaf00000, 0x00000000aaf00000, 0x00000000ab000000|  0%| F|  |TAMS 0x00000000aaf00000, 0x00000000aaf00000| Untracked 
|  82|0x00000000ab000000, 0x00000000ab000000, 0x00000000ab100000|  0%| F|  |TAMS 0x00000000ab000000, 0x00000000ab000000| Untracked 
|  83|0x00000000ab100000, 0x00000000ab100000, 0x00000000ab200000|  0%| F|  |TAMS 0x00000000ab100000, 0x00000000ab100000| Untracked 
|  84|0x00000000ab200000, 0x00000000ab200000, 0x00000000ab300000|  0%| F|  |TAMS 0x00000000ab200000, 0x00000000ab200000| Untracked 
|  85|0x00000000ab300000, 0x00000000ab300000, 0x00000000ab400000|  0%| F|  |TAMS 0x00000000ab300000, 0x00000000ab300000| Untracked 
|  86|0x00000000ab400000, 0x00000000ab400000, 0x00000000ab500000|  0%| F|  |TAMS 0x00000000ab400000, 0x00000000ab400000| Untracked 
|  87|0x00000000ab500000, 0x00000000ab5508f8, 0x00000000ab600000| 31%| E|  |TAMS 0x00000000ab500000, 0x00000000ab500000| Complete 
|  88|0x00000000ab600000, 0x00000000ab700000, 0x00000000ab700000|100%| E|CS|TAMS 0x00000000ab600000, 0x00000000ab600000| Complete 
|  89|0x00000000ab700000, 0x00000000ab800000, 0x00000000ab800000|100%| E|CS|TAMS 0x00000000ab700000, 0x00000000ab700000| Complete 
|  90|0x00000000ab800000, 0x00000000ab900000, 0x00000000ab900000|100%| E|CS|TAMS 0x00000000ab800000, 0x00000000ab800000| Complete 
|  91|0x00000000ab900000, 0x00000000aba00000, 0x00000000aba00000|100%| E|CS|TAMS 0x00000000ab900000, 0x00000000ab900000| Complete 
|1440|0x00000000ffe00000, 0x00000000ffe47000, 0x00000000fff00000| 27%|OA|  |TAMS 0x00000000ffe00000, 0x00000000ffe00000| Untracked 
|1441|0x00000000fff00000, 0x00000000fff6a000, 0x0000000100000000| 41%|CA|  |TAMS 0x00000000fff00000, 0x00000000fff00000| Untracked 

Card table byte_map: [0x00007fb01acf3000,0x00007fb01afc4000] _byte_map_base: 0x00007fb01a7c4000

Marking Bits (Prev, Next): (CMBitMap*) 0x00007fb03404c618, (CMBitMap*) 0x00007fb03404c650
 Prev Bits: [0x00007fb01939a000, 0x00007fb01aa22000)
 Next Bits: [0x00007fb012978000, 0x00007fb014000000)

Polling page: 0x00007fb03af59000

Metaspace:

Usage:
  Non-class:      4,83 MB capacity,     1,76 MB ( 36%) used,     3,07 MB ( 64%) free+waste,     4,81 KB ( <1%) overhead. 
      Class:    462,00 KB capacity,   149,07 KB ( 32%) used,   310,24 KB ( 67%) free+waste,     2,69 KB ( <1%) overhead. 
       Both:      5,28 MB capacity,     1,90 MB ( 36%) used,     3,37 MB ( 64%) free+waste,     7,50 KB ( <1%) overhead. 

Virtual space:
  Non-class space:        8,00 MB reserved,       5,00 MB ( 62%) committed 
      Class space:        1,00 GB reserved,     512,00 KB ( <1%) committed 
             Both:        1,01 GB reserved,       5,50 MB ( <1%) committed 

Chunk freelists:
   Non-Class:  54,00 KB
       Class:  0 bytes
        Both:  54,00 KB

MaxMetaspaceSize: unlimited
CompressedClassSpaceSize: 1,00 GB

CodeHeap 'non-profiled nmethods': size=120032Kb used=94Kb max_used=94Kb free=119937Kb
 bounds [0x00007fb02334e000, 0x00007fb0235be000, 0x00007fb02a886000]
CodeHeap 'profiled nmethods': size=120032Kb used=472Kb max_used=472Kb free=119559Kb
 bounds [0x00007fb01be16000, 0x00007fb01c086000, 0x00007fb02334e000]
CodeHeap 'non-nmethods': size=5696Kb used=1366Kb max_used=1366Kb free=4329Kb
 bounds [0x00007fb01b886000, 0x00007fb01baf6000, 0x00007fb01be16000]
 total_blobs=1262 nmethods=351 adapters=739
 compilation: enabled
              stopped_count=0, restarted_count=0
 full_count=0

Compilation events (20 events):
Event: 0,272 Thread 0x00007fb0340f1000 nmethod 337 0x00007fb01be87290 code [0x00007fb01be87480, 0x00007fb01be879e8]
Event: 0,272 Thread 0x00007fb0340f1000  338       3       java.nio.DirectByteBufferR::<init> (19 bytes)
Event: 0,272 Thread 0x00007fb0340ef000 nmethod 340 0x00007fb023364e10 code [0x00007fb023364fc0, 0x00007fb023365148]
Event: 0,273 Thread 0x00007fb0340f1000 nmethod 338 0x00007fb01be87b90 code [0x00007fb01be87d80, 0x00007fb01be88258]
Event: 0,273 Thread 0x00007fb0340f1000  342       3       jdk.internal.misc.Unsafe::putByte (8 bytes)
Event: 0,273 Thread 0x00007fb0340f1000 nmethod 342 0x00007fb01be88490 code [0x00007fb01be88640, 0x00007fb01be887d0]
Event: 0,273 Thread 0x00007fb0340f1000  344       3       sun.misc.Unsafe::putByte (9 bytes)
Event: 0,273 Thread 0x00007fb0340f1000 nmethod 344 0x00007fb01be88890 code [0x00007fb01be88a40, 0x00007fb01be88c30]
Event: 0,274 Thread 0x00007fb0340f1000  345       3       sun.misc.Unsafe::putInt (11 bytes)
Event: 0,274 Thread 0x00007fb0340f1000 nmethod 345 0x00007fb01be88d10 code [0x00007fb01be88ec0, 0x00007fb01be89030]
Event: 0,274 Thread 0x00007fb0340f1000  347       3       org.lwjgl.system.MemoryUtil::encodeASCII (66 bytes)
Event: 0,275 Thread 0x00007fb0340f1000 nmethod 347 0x00007fb01be89110 code [0x00007fb01be89320, 0x00007fb01be89918]
Event: 0,275 Thread 0x00007fb0340f1000  348       1       jdk.internal.loader.URLClassPath$Loader::getBaseURL (5 bytes)
Event: 0,275 Thread 0x00007fb0340f1000 nmethod 348 0x00007fb023365710 code [0x00007fb0233658c0, 0x00007fb0233659f0]
Event: 0,292 Thread 0x00007fb0340f1000  349       3       java.net.URL::isBuiltinStreamHandler (32 bytes)
Event: 0,294 Thread 0x00007fb0340f1000 nmethod 349 0x00007fb01be89b90 code [0x00007fb01be89e60, 0x00007fb01be8ae38]
Event: 0,294 Thread 0x00007fb0340f1000  351       3       java.util.Objects::checkIndex (7 bytes)
Event: 0,295 Thread 0x00007fb0340f1000 nmethod 351 0x00007fb01be8b390 code [0x00007fb01be8b5a0, 0x00007fb01be8bca8]
Event: 0,295 Thread 0x00007fb0340f1000  350       3       java.net.URL::isBuiltinStreamHandler (7 bytes)
Event: 0,295 Thread 0x00007fb0340f1000 nmethod 350 0x00007fb01be8be90 code [0x00007fb01be8c060, 0x00007fb01be8c288]

GC Heap History (0 events):
No events

Deoptimization events (4 events):
Event: 0,224 Thread 0x00007fb034015000 Uncommon trap: trap_request=0xffffff4d fr.pc=0x00007fb023352b1c relative=0x000000000000007c
Event: 0,224 Thread 0x00007fb034015000 Uncommon trap: reason=unstable_if action=reinterpret pc=0x00007fb023352b1c method=java.lang.String.isLatin1()Z @ 10 c2
Event: 0,224 Thread 0x00007fb034015000 DEOPT PACKING pc=0x00007fb023352b1c sp=0x00007fb03af3b380
Event: 0,224 Thread 0x00007fb034015000 DEOPT UNPACKING pc=0x00007fb01b8ae9a5 sp=0x00007fb03af3b2e0 mode 2

Classes redefined (0 events):
No events

Internal exceptions (4 events):
Event: 0,171 Thread 0x00007fb034015000 Exception <a 'java/lang/NoSuchMethodError'{0x00000000ab70d460}: 'void java.lang.invoke.DelegatingMethodHandle$Holder.delegate(java.lang.Object, java.lang.Object, int, java.lang.Object)'> (0x00000000ab70d460) thrown at [/build/openjdk-lts-iuKaMP/openjdk-lt
Event: 0,174 Thread 0x00007fb034015000 Exception <a 'java/lang/NoSuchMethodError'{0x00000000ab714a10}: 'java.lang.Object java.lang.invoke.DirectMethodHandle$Holder.invokeStaticInit(java.lang.Object, java.lang.Object, java.lang.Object)'> (0x00000000ab714a10) thrown at [/build/openjdk-lts-iuKaMP
Event: 0,211 Thread 0x00007fb034015000 Exception <a 'sun/nio/fs/UnixException'{0x00000000ab796c50}> (0x00000000ab796c50) thrown at [/build/openjdk-lts-iuKaMP/openjdk-lts-11.0.6+10/src/hotspot/share/prims/jni.cpp, line 615]
Event: 0,246 Thread 0x00007fb034015000 Exception <a 'sun/nio/fs/UnixException'{0x00000000ab656d50}> (0x00000000ab656d50) thrown at [/build/openjdk-lts-iuKaMP/openjdk-lts-11.0.6+10/src/hotspot/share/prims/jni.cpp, line 615]

Events (20 events):
Event: 0,262 loading class org/lwjgl/system/MemoryStack
Event: 0,262 loading class org/lwjgl/system/MemoryStack done
Event: 0,263 loading class java/lang/IndexOutOfBoundsException
Event: 0,263 loading class java/lang/IndexOutOfBoundsException done
Event: 0,264 loading class org/lwjgl/system/MemoryStack$DebugMemoryStack
Event: 0,264 loading class org/lwjgl/system/MemoryStack$DebugMemoryStack done
Event: 0,264 loading class org/lwjgl/system/MemoryStack
Event: 0,264 loading class org/lwjgl/system/MemoryStack done
Event: 0,265 loading class org/lwjgl/system/MemoryStack
Event: 0,265 loading class org/lwjgl/system/MemoryStack done
Event: 0,265 loading class org/lwjgl/BufferUtils
Event: 0,265 loading class org/lwjgl/BufferUtils done
Event: 0,266 loading class org/lwjgl/system/linux/DynamicLinkLoader
Event: 0,266 loading class org/lwjgl/system/linux/DynamicLinkLoader done
Event: 0,270 loading class org/lwjgl/glfw/GLFW$Functions
Event: 0,270 loading class org/lwjgl/glfw/GLFW$Functions done
Event: 0,274 loading class org/lwjgl/system/JNI
Event: 0,274 loading class org/lwjgl/system/JNI done
Event: 0,292 loading class org/lwjgl/glfw/EventLoop$OffScreen
Event: 0,292 loading class org/lwjgl/glfw/EventLoop$OffScreen done


Dynamic libraries:
a5e00000-aba00000 rw-p 00000000 00:00 0 
aba00000-ffe00000 ---p 00000000 00:00 0 
ffe00000-ffe47000 rw-p 01105000 08:03 7081445                            /usr/lib/jvm/java-11-openjdk-amd64/lib/server/classes.jsa
ffe47000-fff00000 rw-p 00000000 00:00 0 
fff00000-fff6a000 rw-p 0109b000 08:03 7081445                            /usr/lib/jvm/java-11-openjdk-amd64/lib/server/classes.jsa
fff6a000-100000000 rw-p 00000000 00:00 0 
800000000-800002000 rwxp 00001000 08:03 7081445                          /usr/lib/jvm/java-11-openjdk-amd64/lib/server/classes.jsa
800002000-8003b8000 rw-p 00003000 08:03 7081445                          /usr/lib/jvm/java-11-openjdk-amd64/lib/server/classes.jsa
8003b8000-800a8d000 r--p 003b9000 08:03 7081445                          /usr/lib/jvm/java-11-openjdk-amd64/lib/server/classes.jsa
800a8d000-800a8e000 rw-p 00a8e000 08:03 7081445                          /usr/lib/jvm/java-11-openjdk-amd64/lib/server/classes.jsa
800a8e000-80109a000 r--p 00a8f000 08:03 7081445                          /usr/lib/jvm/java-11-openjdk-amd64/lib/server/classes.jsa
840000000-840080000 rw-p 00000000 00:00 0 
840080000-880000000 ---p 00000000 00:00 0 
55b4d40dd000-55b4d40de000 r-xp 00000000 08:03 7092002                    /usr/lib/jvm/java-11-openjdk-amd64/bin/java
55b4d42de000-55b4d42df000 r--p 00001000 08:03 7092002                    /usr/lib/jvm/java-11-openjdk-amd64/bin/java
55b4d42df000-55b4d42e0000 rw-p 00002000 08:03 7092002                    /usr/lib/jvm/java-11-openjdk-amd64/bin/java
55b4d4348000-55b4d4369000 rw-p 00000000 00:00 0                          [heap]
7fafcbd14000-7fafcc000000 rw-p 00000000 00:00 0 
7fafcc000000-7fafcc021000 rw-p 00000000 00:00 0 
7fafcc021000-7fafd0000000 ---p 00000000 00:00 0 
7fafd0217000-7fafd12dc000 rw-p 00000000 00:00 0 
7fafd12dc000-7fafd12dd000 ---p 00000000 00:00 0 
7fafd12dd000-7fafd1add000 rw-p 00000000 00:00 0 
7fafd1add000-7fafd1ae5000 r-xp 00000000 08:03 7086630                    /usr/lib/x86_64-linux-gnu/libpciaccess.so.0.11.1
7fafd1ae5000-7fafd1ce4000 ---p 00008000 08:03 7086630                    /usr/lib/x86_64-linux-gnu/libpciaccess.so.0.11.1
7fafd1ce4000-7fafd1ce5000 r--p 00007000 08:03 7086630                    /usr/lib/x86_64-linux-gnu/libpciaccess.so.0.11.1
7fafd1ce5000-7fafd1ce6000 rw-p 00008000 08:03 7086630                    /usr/lib/x86_64-linux-gnu/libpciaccess.so.0.11.1
7fafd1ce6000-7fafd1ced000 r-xp 00000000 08:03 7080076                    /usr/lib/x86_64-linux-gnu/libdrm_nouveau.so.2.0.0
7fafd1ced000-7fafd1eec000 ---p 00007000 08:03 7080076                    /usr/lib/x86_64-linux-gnu/libdrm_nouveau.so.2.0.0
7fafd1eec000-7fafd1eed000 r--p 00006000 08:03 7080076                    /usr/lib/x86_64-linux-gnu/libdrm_nouveau.so.2.0.0
7fafd1eed000-7fafd1eee000 rw-p 00007000 08:03 7080076                    /usr/lib/x86_64-linux-gnu/libdrm_nouveau.so.2.0.0
7fafd1eee000-7fafd1ef9000 r-xp 00000000 08:03 7080072                    /usr/lib/x86_64-linux-gnu/libdrm_radeon.so.1.0.1
7fafd1ef9000-7fafd20f8000 ---p 0000b000 08:03 7080072                    /usr/lib/x86_64-linux-gnu/libdrm_radeon.so.1.0.1
7fafd20f8000-7fafd20f9000 r--p 0000a000 08:03 7080072                    /usr/lib/x86_64-linux-gnu/libdrm_radeon.so.1.0.1
7fafd20f9000-7fafd20fa000 rw-p 0000b000 08:03 7080072                    /usr/lib/x86_64-linux-gnu/libdrm_radeon.so.1.0.1
7fafd20fa000-7fafd211c000 r-xp 00000000 08:03 7080871                    /usr/lib/x86_64-linux-gnu/libdrm_intel.so.1.0.0
7fafd211c000-7fafd231b000 ---p 00022000 08:03 7080871                    /usr/lib/x86_64-linux-gnu/libdrm_intel.so.1.0.0
7fafd231b000-7fafd231c000 r--p 00021000 08:03 7080871                    /usr/lib/x86_64-linux-gnu/libdrm_intel.so.1.0.0
7fafd231c000-7fafd231d000 rw-p 00022000 08:03 7080871                    /usr/lib/x86_64-linux-gnu/libdrm_intel.so.1.0.0
7fafd231d000-7fafd2e07000 r-xp 00000000 08:03 7342211                    /usr/lib/x86_64-linux-gnu/dri/i965_dri.so
7fafd2e07000-7fafd3007000 ---p 00aea000 08:03 7342211                    /usr/lib/x86_64-linux-gnu/dri/i965_dri.so
7fafd3007000-7fafd309c000 r--p 00aea000 08:03 7342211                    /usr/lib/x86_64-linux-gnu/dri/i965_dri.so
7fafd309c000-7fafd30e3000 rw-p 00b7f000 08:03 7342211                    /usr/lib/x86_64-linux-gnu/dri/i965_dri.so
7fafd30e3000-7fafd31b6000 rw-p 00000000 00:00 0 
7fafd31b6000-7fafd31b7000 r-xp 00000000 08:03 7087013                    /usr/lib/x86_64-linux-gnu/libxshmfence.so.1.0.0
7fafd31b7000-7fafd33b6000 ---p 00001000 08:03 7087013                    /usr/lib/x86_64-linux-gnu/libxshmfence.so.1.0.0
7fafd33b6000-7fafd33b7000 r--p 00000000 08:03 7087013                    /usr/lib/x86_64-linux-gnu/libxshmfence.so.1.0.0
7fafd33b7000-7fafd33b8000 rw-p 00001000 08:03 7087013                    /usr/lib/x86_64-linux-gnu/libxshmfence.so.1.0.0
7fafd33b8000-7fafd33bd000 r-xp 00000000 08:03 7080057                    /usr/lib/x86_64-linux-gnu/libxcb-sync.so.1.0.0
7fafd33bd000-7fafd35bd000 ---p 00005000 08:03 7080057                    /usr/lib/x86_64-linux-gnu/libxcb-sync.so.1.0.0
7fafd35bd000-7fafd35be000 r--p 00005000 08:03 7080057                    /usr/lib/x86_64-linux-gnu/libxcb-sync.so.1.0.0
7fafd35be000-7fafd35bf000 rw-p 00006000 08:03 7080057                    /usr/lib/x86_64-linux-gnu/libxcb-sync.so.1.0.0
7fafd35bf000-7fafd35c1000 r-xp 00000000 08:03 7080046                    /usr/lib/x86_64-linux-gnu/libxcb-present.so.0.0.0
7fafd35c1000-7fafd37c0000 ---p 00002000 08:03 7080046                    /usr/lib/x86_64-linux-gnu/libxcb-present.so.0.0.0
7fafd37c0000-7fafd37c1000 r--p 00001000 08:03 7080046                    /usr/lib/x86_64-linux-gnu/libxcb-present.so.0.0.0
7fafd37c1000-7fafd37c2000 rw-p 00002000 08:03 7080046                    /usr/lib/x86_64-linux-gnu/libxcb-present.so.0.0.0
7fafd37c2000-7fafd37c5000 r-xp 00000000 08:03 7080042                    /usr/lib/x86_64-linux-gnu/libxcb-dri3.so.0.0.0
7fafd37c5000-7fafd39c4000 ---p 00003000 08:03 7080042                    /usr/lib/x86_64-linux-gnu/libxcb-dri3.so.0.0.0
7fafd39c4000-7fafd39c5000 r--p 00002000 08:03 7080042                    /usr/lib/x86_64-linux-gnu/libxcb-dri3.so.0.0.0
7fafd39c5000-7fafd39c6000 rw-p 00003000 08:03 7080042                    /usr/lib/x86_64-linux-gnu/libxcb-dri3.so.0.0.0
7fafd39c6000-7fafd39f5000 r-xp 00000000 08:03 2626193                    /lib/x86_64-linux-gnu/libexpat.so.1.6.7
7fafd39f5000-7fafd3bf5000 ---p 0002f000 08:03 2626193                    /lib/x86_64-linux-gnu/libexpat.so.1.6.7
7fafd3bf5000-7fafd3bf7000 r--p 0002f000 08:03 2626193                    /lib/x86_64-linux-gnu/libexpat.so.1.6.7
7fafd3bf7000-7fafd3bf8000 rw-p 00031000 08:03 2626193                    /lib/x86_64-linux-gnu/libexpat.so.1.6.7
7fafd3bf8000-7fafd3bfa000 r-xp 00000000 08:03 7085793                    /usr/lib/x86_64-linux-gnu/libXdamage.so.1.1.0
7fafd3bfa000-7fafd3df9000 ---p 00002000 08:03 7085793                    /usr/lib/x86_64-linux-gnu/libXdamage.so.1.1.0
7fafd3df9000-7fafd3dfa000 r--p 00001000 08:03 7085793                    /usr/lib/x86_64-linux-gnu/libXdamage.so.1.1.0
7fafd3dfa000-7fafd3dfb000 rw-p 00002000 08:03 7085793                    /usr/lib/x86_64-linux-gnu/libXdamage.so.1.1.0
7fafd3dfb000-7fafd3dff000 r-xp 00000000 08:03 7080039                    /usr/lib/x86_64-linux-gnu/libxcb-dri2.so.0.0.0
7fafd3dff000-7fafd3ffe000 ---p 00004000 08:03 7080039                    /usr/lib/x86_64-linux-gnu/libxcb-dri2.so.0.0.0
7fafd3ffe000-7fafd3fff000 r--p 00003000 08:03 7080039                    /usr/lib/x86_64-linux-gnu/libxcb-dri2.so.0.0.0
7fafd3fff000-7fafd4000000 rw-p 00004000 08:03 7080039                    /usr/lib/x86_64-linux-gnu/libxcb-dri2.so.0.0.0
7fafd4000000-7fafd4021000 rw-p 00000000 00:00 0 
7fafd4021000-7fafd8000000 ---p 00000000 00:00 0 
7fafd8000000-7fafd8021000 rw-p 00000000 00:00 0 
7fafd8021000-7fafdc000000 ---p 00000000 00:00 0 
7fafdc000000-7fafdc021000 rw-p 00000000 00:00 0 
7fafdc021000-7fafe0000000 ---p 00000000 00:00 0 
7fafe0000000-7fafe0021000 rw-p 00000000 00:00 0 
7fafe0021000-7fafe4000000 ---p 00000000 00:00 0 
7fafe4000000-7fafe40e8000 rw-p 00000000 00:00 0 
7fafe40e8000-7fafe8000000 ---p 00000000 00:00 0 
7fafe8000000-7fafe806f000 rw-p 00000000 00:00 0 
7fafe806f000-7fafec000000 ---p 00000000 00:00 0 
7fafec000000-7fafec021000 rw-p 00000000 00:00 0 
7fafec021000-7faff0000000 ---p 00000000 00:00 0 
7faff0004000-7faff0145000 rw-s 00000000 08:03 9962764                    /home/artur/.cache/mesa_shader_cache/index
7faff0145000-7faff015d000 r-xp 00000000 08:03 7080044                    /usr/lib/x86_64-linux-gnu/libxcb-glx.so.0.0.0
7faff015d000-7faff035d000 ---p 00018000 08:03 7080044                    /usr/lib/x86_64-linux-gnu/libxcb-glx.so.0.0.0
7faff035d000-7faff035f000 r--p 00018000 08:03 7080044                    /usr/lib/x86_64-linux-gnu/libxcb-glx.so.0.0.0
7faff035f000-7faff0360000 rw-p 0001a000 08:03 7080044                    /usr/lib/x86_64-linux-gnu/libxcb-glx.so.0.0.0
7faff0360000-7faff0370000 r-xp 00000000 08:03 7084478                    /usr/lib/x86_64-linux-gnu/libdrm.so.2.4.0
7faff0370000-7faff056f000 ---p 00010000 08:03 7084478                    /usr/lib/x86_64-linux-gnu/libdrm.so.2.4.0
7faff056f000-7faff0570000 r--p 0000f000 08:03 7084478                    /usr/lib/x86_64-linux-gnu/libdrm.so.2.4.0
7faff0570000-7faff0571000 rw-p 00010000 08:03 7084478                    /usr/lib/x86_64-linux-gnu/libdrm.so.2.4.0
7faff0571000-7faff05a0000 r-xp 00000000 08:03 7081000                    /usr/lib/x86_64-linux-gnu/libglapi.so.0.0.0
7faff05a0000-7faff07a0000 ---p 0002f000 08:03 7081000                    /usr/lib/x86_64-linux-gnu/libglapi.so.0.0.0
7faff07a0000-7faff07a4000 r--p 0002f000 08:03 7081000                    /usr/lib/x86_64-linux-gnu/libglapi.so.0.0.0
7faff07a4000-7faff07a5000 rw-p 00033000 08:03 7081000                    /usr/lib/x86_64-linux-gnu/libglapi.so.0.0.0
7faff07a5000-7faff07a6000 rw-p 00000000 00:00 0 
7faff07a6000-7faff0819000 r-xp 00000000 08:03 7084898                    /usr/lib/x86_64-linux-gnu/libGLX_mesa.so.0.0.0
7faff0819000-7faff0a19000 ---p 00073000 08:03 7084898                    /usr/lib/x86_64-linux-gnu/libGLX_mesa.so.0.0.0
7faff0a19000-7faff0a1c000 r--p 00073000 08:03 7084898                    /usr/lib/x86_64-linux-gnu/libGLX_mesa.so.0.0.0
7faff0a1c000-7faff0a1d000 rw-p 00076000 08:03 7084898                    /usr/lib/x86_64-linux-gnu/libGLX_mesa.so.0.0.0
7faff0a1d000-7faff0a1e000 rw-p 00000000 00:00 0 
7faff0a1e000-7faff0a8c000 r-xp 00000000 08:03 7080795                    /usr/lib/x86_64-linux-gnu/libGLdispatch.so.0.0.0
7faff0a8c000-7faff0c8b000 ---p 0006e000 08:03 7080795                    /usr/lib/x86_64-linux-gnu/libGLdispatch.so.0.0.0
7faff0c8b000-7faff0cb3000 r--p 0006d000 08:03 7080795                    /usr/lib/x86_64-linux-gnu/libGLdispatch.so.0.0.0
7faff0cb3000-7faff0cb4000 rw-p 00095000 08:03 7080795                    /usr/lib/x86_64-linux-gnu/libGLdispatch.so.0.0.0
7faff0cb4000-7faff0cd4000 rw-p 00000000 00:00 0 
7faff0cd4000-7faff0ce4000 r-xp 00000000 08:03 7080079                    /usr/lib/x86_64-linux-gnu/libGLX.so.0.0.0
7faff0ce4000-7faff0ee3000 ---p 00010000 08:03 7080079                    /usr/lib/x86_64-linux-gnu/libGLX.so.0.0.0
7faff0ee3000-7faff0ee4000 r--p 0000f000 08:03 7080079                    /usr/lib/x86_64-linux-gnu/libGLX.so.0.0.0
7faff0ee4000-7faff0ee5000 rw-p 00010000 08:03 7080079                    /usr/lib/x86_64-linux-gnu/libGLX.so.0.0.0
7faff0ee5000-7faff0f05000 rw-p 00000000 00:00 0 
7faff0f05000-7faff0f76000 r-xp 00000000 08:03 7080017                    /usr/lib/x86_64-linux-gnu/libGL.so.1.0.0
7faff0f76000-7faff1175000 ---p 00071000 08:03 7080017                    /usr/lib/x86_64-linux-gnu/libGL.so.1.0.0
7faff1175000-7faff118f000 r--p 00070000 08:03 7080017                    /usr/lib/x86_64-linux-gnu/libGL.so.1.0.0
7faff118f000-7faff1190000 rw-p 0008a000 08:03 7080017                    /usr/lib/x86_64-linux-gnu/libGL.so.1.0.0
7faff1190000-7faff1191000 rw-p 00000000 00:00 0 
7faff1191000-7faff1192000 r-xp 00000000 08:03 7080033                    /usr/lib/x86_64-linux-gnu/libX11-xcb.so.1.0.0
7faff1192000-7faff1391000 ---p 00001000 08:03 7080033                    /usr/lib/x86_64-linux-gnu/libX11-xcb.so.1.0.0
7faff1391000-7faff1392000 r--p 00000000 08:03 7080033                    /usr/lib/x86_64-linux-gnu/libX11-xcb.so.1.0.0
7faff1392000-7faff1393000 rw-p 00001000 08:03 7080033                    /usr/lib/x86_64-linux-gnu/libX11-xcb.so.1.0.0
7faff1393000-7faff1395000 r-xp 00000000 08:03 7085807                    /usr/lib/x86_64-linux-gnu/libXinerama.so.1.0.0
7faff1395000-7faff1594000 ---p 00002000 08:03 7085807                    /usr/lib/x86_64-linux-gnu/libXinerama.so.1.0.0
7faff1594000-7faff1595000 r--p 00001000 08:03 7085807                    /usr/lib/x86_64-linux-gnu/libXinerama.so.1.0.0
7faff1595000-7faff1596000 rw-p 00002000 08:03 7085807                    /usr/lib/x86_64-linux-gnu/libXinerama.so.1.0.0
7faff1596000-7faff159b000 r-xp 00000000 08:03 7085799                    /usr/lib/x86_64-linux-gnu/libXfixes.so.3.1.0
7faff159b000-7faff179a000 ---p 00005000 08:03 7085799                    /usr/lib/x86_64-linux-gnu/libXfixes.so.3.1.0
7faff179a000-7faff179b000 r--p 00004000 08:03 7085799                    /usr/lib/x86_64-linux-gnu/libXfixes.so.3.1.0
7faff179b000-7faff179c000 rw-p 00005000 08:03 7085799                    /usr/lib/x86_64-linux-gnu/libXfixes.so.3.1.0
7faff179c000-7faff17a5000 r-xp 00000000 08:03 7085791                    /usr/lib/x86_64-linux-gnu/libXcursor.so.1.0.2
7faff17a5000-7faff19a4000 ---p 00009000 08:03 7085791                    /usr/lib/x86_64-linux-gnu/libXcursor.so.1.0.2
7faff19a4000-7faff19a5000 r--p 00008000 08:03 7085791                    /usr/lib/x86_64-linux-gnu/libXcursor.so.1.0.2
7faff19a5000-7faff19a6000 rw-p 00009000 08:03 7085791                    /usr/lib/x86_64-linux-gnu/libXcursor.so.1.0.2
7faff19a6000-7faff19af000 r-xp 00000000 08:03 7085817                    /usr/lib/x86_64-linux-gnu/libXrender.so.1.3.0
7faff19af000-7faff1bae000 ---p 00009000 08:03 7085817                    /usr/lib/x86_64-linux-gnu/libXrender.so.1.3.0
7faff1bae000-7faff1baf000 r--p 00008000 08:03 7085817                    /usr/lib/x86_64-linux-gnu/libXrender.so.1.3.0
7faff1baf000-7faff1bb0000 rw-p 00009000 08:03 7085817                    /usr/lib/x86_64-linux-gnu/libXrender.so.1.3.0
7faff1bb0000-7faff1bba000 r-xp 00000000 08:03 7085815                    /usr/lib/x86_64-linux-gnu/libXrandr.so.2.2.0
7faff1bba000-7faff1db9000 ---p 0000a000 08:03 7085815                    /usr/lib/x86_64-linux-gnu/libXrandr.so.2.2.0
7faff1db9000-7faff1dba000 r--p 00009000 08:03 7085815                    /usr/lib/x86_64-linux-gnu/libXrandr.so.2.2.0
7faff1dba000-7faff1dbb000 rw-p 0000a000 08:03 7085815                    /usr/lib/x86_64-linux-gnu/libXrandr.so.2.2.0
7faff1dbb000-7faff1dca000 r-xp 00000000 08:03 7085805                    /usr/lib/x86_64-linux-gnu/libXi.so.6.1.0
7faff1dca000-7faff1fc9000 ---p 0000f000 08:03 7085805                    /usr/lib/x86_64-linux-gnu/libXi.so.6.1.0
7faff1fc9000-7faff1fca000 r--p 0000e000 08:03 7085805                    /usr/lib/x86_64-linux-gnu/libXi.so.6.1.0
7faff1fca000-7faff1fcb000 rw-p 0000f000 08:03 7085805                    /usr/lib/x86_64-linux-gnu/libXi.so.6.1.0
7faff1fcb000-7faff1fdc000 r-xp 00000000 08:03 7085797                    /usr/lib/x86_64-linux-gnu/libXext.so.6.4.0
7faff1fdc000-7faff21db000 ---p 00011000 08:03 7085797                    /usr/lib/x86_64-linux-gnu/libXext.so.6.4.0
7faff21db000-7faff21dc000 r--p 00010000 08:03 7085797                    /usr/lib/x86_64-linux-gnu/libXext.so.6.4.0
7faff21dc000-7faff21dd000 rw-p 00011000 08:03 7085797                    /usr/lib/x86_64-linux-gnu/libXext.so.6.4.0
7faff21dd000-7faff21e2000 r-xp 00000000 08:03 7085833                    /usr/lib/x86_64-linux-gnu/libXxf86vm.so.1.0.0
7faff21e2000-7faff23e1000 ---p 00005000 08:03 7085833                    /usr/lib/x86_64-linux-gnu/libXxf86vm.so.1.0.0
7faff23e1000-7faff23e2000 r--p 00004000 08:03 7085833                    /usr/lib/x86_64-linux-gnu/libXxf86vm.so.1.0.0
7faff23e2000-7faff23e3000 rw-p 00005000 08:03 7085833                    /usr/lib/x86_64-linux-gnu/libXxf86vm.so.1.0.0
7faff23e3000-7faff23f6000 r-xp 00000000 08:03 2622493                    /lib/x86_64-linux-gnu/libbsd.so.0.8.7
7faff23f6000-7faff25f5000 ---p 00013000 08:03 2622493                    /lib/x86_64-linux-gnu/libbsd.so.0.8.7
7faff25f5000-7faff25f6000 r--p 00012000 08:03 2622493                    /lib/x86_64-linux-gnu/libbsd.so.0.8.7
7faff25f6000-7faff25f7000 rw-p 00013000 08:03 2622493                    /lib/x86_64-linux-gnu/libbsd.so.0.8.7
7faff25f7000-7faff25f8000 rw-p 00000000 00:00 0 
7faff25f8000-7faff25fd000 r-xp 00000000 08:03 7085795                    /usr/lib/x86_64-linux-gnu/libXdmcp.so.6.0.0
7faff25fd000-7faff27fc000 ---p 00005000 08:03 7085795                    /usr/lib/x86_64-linux-gnu/libXdmcp.so.6.0.0
7faff27fc000-7faff27fd000 r--p 00004000 08:03 7085795                    /usr/lib/x86_64-linux-gnu/libXdmcp.so.6.0.0
7faff27fd000-7faff27fe000 rw-p 00005000 08:03 7085795                    /usr/lib/x86_64-linux-gnu/libXdmcp.so.6.0.0
7faff27fe000-7faff2800000 r-xp 00000000 08:03 7085784                    /usr/lib/x86_64-linux-gnu/libXau.so.6.0.0
7faff2800000-7faff2a00000 ---p 00002000 08:03 7085784                    /usr/lib/x86_64-linux-gnu/libXau.so.6.0.0
7faff2a00000-7faff2a01000 r--p 00002000 08:03 7085784                    /usr/lib/x86_64-linux-gnu/libXau.so.6.0.0
7faff2a01000-7faff2a02000 rw-p 00003000 08:03 7085784                    /usr/lib/x86_64-linux-gnu/libXau.so.6.0.0
7faff2a02000-7faff2a28000 r-xp 00000000 08:03 7078152                    /usr/lib/x86_64-linux-gnu/libxcb.so.1.1.0
7faff2a28000-7faff2c28000 ---p 00026000 08:03 7078152                    /usr/lib/x86_64-linux-gnu/libxcb.so.1.1.0
7faff2c28000-7faff2c29000 r--p 00026000 08:03 7078152                    /usr/lib/x86_64-linux-gnu/libxcb.so.1.1.0
7faff2c29000-7faff2c2a000 rw-p 00027000 08:03 7078152                    /usr/lib/x86_64-linux-gnu/libxcb.so.1.1.0
7faff2c2a000-7faff2d5d000 r-xp 00000000 08:03 7078250                    /usr/lib/x86_64-linux-gnu/libX11.so.6.3.0
7faff2d5d000-7faff2f5d000 ---p 00133000 08:03 7078250                    /usr/lib/x86_64-linux-gnu/libX11.so.6.3.0
7faff2f5d000-7faff2f5e000 r--p 00133000 08:03 7078250                    /usr/lib/x86_64-linux-gnu/libX11.so.6.3.0
7faff2f5e000-7faff2f62000 rw-p 00134000 08:03 7078250                    /usr/lib/x86_64-linux-gnu/libX11.so.6.3.0
7faff2f62000-7faff2fa5000 r-xp 00000000 08:03 7082363                    /tmp/lwjglartur/3.2.3-build-13/libglfw.so
7faff2fa5000-7faff31a4000 ---p 00043000 08:03 7082363                    /tmp/lwjglartur/3.2.3-build-13/libglfw.so
7faff31a4000-7faff31a5000 r--p 00042000 08:03 7082363                    /tmp/lwjglartur/3.2.3-build-13/libglfw.so
7faff31a5000-7faff31a7000 rw-p 00043000 08:03 7082363                    /tmp/lwjglartur/3.2.3-build-13/libglfw.so
7faff31a7000-7faff31c8000 rw-p 00000000 00:00 0 
7faff31c8000-7faff3219000 r-xp 00000000 08:03 7082119                    /tmp/lwjglartur/3.2.3-build-13/liblwjgl.so
7faff3219000-7faff3418000 ---p 00051000 08:03 7082119                    /tmp/lwjglartur/3.2.3-build-13/liblwjgl.so
7faff3418000-7faff3419000 r--p 00050000 08:03 7082119                    /tmp/lwjglartur/3.2.3-build-13/liblwjgl.so
7faff3419000-7faff341a000 rw-p 00051000 08:03 7082119                    /tmp/lwjglartur/3.2.3-build-13/liblwjgl.so
7faff341a000-7faff3430000 r-xp 00000000 08:03 7098217                    /usr/lib/jvm/java-11-openjdk-amd64/lib/libnet.so
7faff3430000-7faff362f000 ---p 00016000 08:03 7098217                    /usr/lib/jvm/java-11-openjdk-amd64/lib/libnet.so
7faff362f000-7faff3630000 r--p 00015000 08:03 7098217                    /usr/lib/jvm/java-11-openjdk-amd64/lib/libnet.so
7faff3630000-7faff3631000 rw-p 00016000 08:03 7098217                    /usr/lib/jvm/java-11-openjdk-amd64/lib/libnet.so
7faff3631000-7faff4000000 r--p 00000000 08:03 7084688                    /usr/lib/locale/locale-archive
7faff4000000-7faff4021000 rw-p 00000000 00:00 0 
7faff4021000-7faff8000000 ---p 00000000 00:00 0 
7faff8000000-7faff8021000 rw-p 00000000 00:00 0 
7faff8021000-7faffc000000 ---p 00000000 00:00 0 
7faffc000000-7faffc021000 rw-p 00000000 00:00 0 
7faffc021000-7fb000000000 ---p 00000000 00:00 0 
7fb000000000-7fb000021000 rw-p 00000000 00:00 0 
7fb000021000-7fb004000000 ---p 00000000 00:00 0 
7fb004000000-7fb004021000 rw-p 00000000 00:00 0 
7fb004021000-7fb008000000 ---p 00000000 00:00 0 
7fb008000000-7fb008021000 rw-p 00000000 00:00 0 
7fb008021000-7fb00c000000 ---p 00000000 00:00 0 
7fb00c000000-7fb00c021000 rw-p 00000000 00:00 0 
7fb00c021000-7fb010000000 ---p 00000000 00:00 0 
7fb01005f000-7fb01006f000 r-xp 00000000 08:03 7098218                    /usr/lib/jvm/java-11-openjdk-amd64/lib/libnio.so
7fb01006f000-7fb01026e000 ---p 00010000 08:03 7098218                    /usr/lib/jvm/java-11-openjdk-amd64/lib/libnio.so
7fb01026e000-7fb01026f000 r--p 0000f000 08:03 7098218                    /usr/lib/jvm/java-11-openjdk-amd64/lib/libnio.so
7fb01026f000-7fb010270000 rw-p 00010000 08:03 7098218                    /usr/lib/jvm/java-11-openjdk-amd64/lib/libnio.so
7fb010270000-7fb010274000 ---p 00000000 00:00 0 
7fb010274000-7fb010371000 rw-p 00000000 00:00 0 
7fb010371000-7fb010372000 ---p 00000000 00:00 0 
7fb010372000-7fb010473000 rw-p 00000000 00:00 0 
7fb010473000-7fb010477000 ---p 00000000 00:00 0 
7fb010477000-7fb010574000 rw-p 00000000 00:00 0 
7fb010574000-7fb010578000 ---p 00000000 00:00 0 
7fb010578000-7fb010675000 rw-p 00000000 00:00 0 
7fb010675000-7fb010679000 ---p 00000000 00:00 0 
7fb010679000-7fb010776000 rw-p 00000000 00:00 0 
7fb010776000-7fb01077a000 ---p 00000000 00:00 0 
7fb01077a000-7fb010877000 rw-p 00000000 00:00 0 
7fb010877000-7fb01087b000 ---p 00000000 00:00 0 
7fb01087b000-7fb012ae8000 rw-p 00000000 00:00 0 
7fb012ae8000-7fb013ff8000 ---p 00000000 00:00 0 
7fb013ff8000-7fb014000000 rw-p 00000000 00:00 0 
7fb014000000-7fb014021000 rw-p 00000000 00:00 0 
7fb014021000-7fb018000000 ---p 00000000 00:00 0 
7fb018009000-7fb01800d000 ---p 00000000 00:00 0 
7fb01800d000-7fb01810a000 rw-p 00000000 00:00 0 
7fb01810a000-7fb01810e000 ---p 00000000 00:00 0 
7fb01810e000-7fb01820b000 rw-p 00000000 00:00 0 
7fb01820b000-7fb01820c000 ---p 00000000 00:00 0 
7fb01820c000-7fb01888e000 rw-p 00000000 00:00 0 
7fb01888e000-7fb018b8e000 ---p 00000000 00:00 0 
7fb018b8e000-7fb018b8f000 ---p 00000000 00:00 0 
7fb018b8f000-7fb018c90000 rw-p 00000000 00:00 0 
7fb018c90000-7fb018c91000 ---p 00000000 00:00 0 
7fb018c91000-7fb019196000 rw-p 00000000 00:00 0 
7fb019196000-7fb019197000 ---p 00000000 00:00 0 
7fb019197000-7fb019298000 rw-p 00000000 00:00 0 
7fb019298000-7fb019299000 ---p 00000000 00:00 0 
7fb019299000-7fb01950a000 rw-p 00000000 00:00 0 
7fb01950a000-7fb01aa1a000 ---p 00000000 00:00 0 
7fb01aa1a000-7fb01aa50000 rw-p 00000000 00:00 0 
7fb01aa50000-7fb01acf2000 ---p 00000000 00:00 0 
7fb01acf2000-7fb01ad21000 rw-p 00000000 00:00 0 
7fb01ad21000-7fb01afc3000 ---p 00000000 00:00 0 
7fb01afc3000-7fb01aff2000 rw-p 00000000 00:00 0 
7fb01aff2000-7fb01b294000 ---p 00000000 00:00 0 
7fb01b294000-7fb01b699000 rw-p 00000000 00:00 0 
7fb01b699000-7fb01b69a000 ---p 00000000 00:00 0 
7fb01b69a000-7fb01b7a0000 rw-p 00000000 00:00 0 
7fb01b7a0000-7fb01b886000 ---p 00000000 00:00 0 
7fb01b886000-7fb01baf6000 rwxp 00000000 00:00 0 
7fb01baf6000-7fb01be16000 ---p 00000000 00:00 0 
7fb01be16000-7fb01c086000 rwxp 00000000 00:00 0 
7fb01c086000-7fb02334e000 ---p 00000000 00:00 0 
7fb02334e000-7fb0235be000 rwxp 00000000 00:00 0 
7fb0235be000-7fb02a886000 ---p 00000000 00:00 0 
7fb02a886000-7fb032f76000 r--s 00000000 08:03 7098227                    /usr/lib/jvm/java-11-openjdk-amd64/lib/modules
7fb032f76000-7fb032f7b000 r-xp 00000000 08:03 7098209                    /usr/lib/jvm/java-11-openjdk-amd64/lib/libjimage.so
7fb032f7b000-7fb03317a000 ---p 00005000 08:03 7098209                    /usr/lib/jvm/java-11-openjdk-amd64/lib/libjimage.so
7fb03317a000-7fb03317b000 r--p 00004000 08:03 7098209                    /usr/lib/jvm/java-11-openjdk-amd64/lib/libjimage.so
7fb03317b000-7fb03317c000 rw-p 00005000 08:03 7098209                    /usr/lib/jvm/java-11-openjdk-amd64/lib/libjimage.so
7fb03317c000-7fb033183000 r-xp 00000000 08:03 7098226                    /usr/lib/jvm/java-11-openjdk-amd64/lib/libzip.so
7fb033183000-7fb033382000 ---p 00007000 08:03 7098226                    /usr/lib/jvm/java-11-openjdk-amd64/lib/libzip.so
7fb033382000-7fb033383000 r--p 00006000 08:03 7098226                    /usr/lib/jvm/java-11-openjdk-amd64/lib/libzip.so
7fb033383000-7fb033384000 rw-p 00007000 08:03 7098226                    /usr/lib/jvm/java-11-openjdk-amd64/lib/libzip.so
7fb033384000-7fb03338f000 r-xp 00000000 08:03 2626366                    /lib/x86_64-linux-gnu/libnss_files-2.27.so
7fb03338f000-7fb03358e000 ---p 0000b000 08:03 2626366                    /lib/x86_64-linux-gnu/libnss_files-2.27.so
7fb03358e000-7fb03358f000 r--p 0000a000 08:03 2626366                    /lib/x86_64-linux-gnu/libnss_files-2.27.so
7fb03358f000-7fb033590000 rw-p 0000b000 08:03 2626366                    /lib/x86_64-linux-gnu/libnss_files-2.27.so
7fb033590000-7fb033596000 rw-p 00000000 00:00 0 
7fb033596000-7fb0335ad000 r-xp 00000000 08:03 2626360                    /lib/x86_64-linux-gnu/libnsl-2.27.so
7fb0335ad000-7fb0337ac000 ---p 00017000 08:03 2626360                    /lib/x86_64-linux-gnu/libnsl-2.27.so
7fb0337ac000-7fb0337ad000 r--p 00016000 08:03 2626360                    /lib/x86_64-linux-gnu/libnsl-2.27.so
7fb0337ad000-7fb0337ae000 rw-p 00017000 08:03 2626360                    /lib/x86_64-linux-gnu/libnsl-2.27.so
7fb0337ae000-7fb0337b0000 rw-p 00000000 00:00 0 
7fb0337b0000-7fb0337bb000 r-xp 00000000 08:03 2626377                    /lib/x86_64-linux-gnu/libnss_nis-2.27.so
7fb0337bb000-7fb0339ba000 ---p 0000b000 08:03 2626377                    /lib/x86_64-linux-gnu/libnss_nis-2.27.so
7fb0339ba000-7fb0339bb000 r--p 0000a000 08:03 2626377                    /lib/x86_64-linux-gnu/libnss_nis-2.27.so
7fb0339bb000-7fb0339bc000 rw-p 0000b000 08:03 2626377                    /lib/x86_64-linux-gnu/libnss_nis-2.27.so
7fb0339bc000-7fb0339c4000 r-xp 00000000 08:03 2626362                    /lib/x86_64-linux-gnu/libnss_compat-2.27.so
7fb0339c4000-7fb033bc4000 ---p 00008000 08:03 2626362                    /lib/x86_64-linux-gnu/libnss_compat-2.27.so
7fb033bc4000-7fb033bc5000 r--p 00008000 08:03 2626362                    /lib/x86_64-linux-gnu/libnss_compat-2.27.so
7fb033bc5000-7fb033bc6000 rw-p 00009000 08:03 2626362                    /lib/x86_64-linux-gnu/libnss_compat-2.27.so
7fb033bc6000-7fb033bef000 r-xp 00000000 08:03 7098205                    /usr/lib/jvm/java-11-openjdk-amd64/lib/libjava.so
7fb033bef000-7fb033dee000 ---p 00029000 08:03 7098205                    /usr/lib/jvm/java-11-openjdk-amd64/lib/libjava.so
7fb033dee000-7fb033def000 r--p 00028000 08:03 7098205                    /usr/lib/jvm/java-11-openjdk-amd64/lib/libjava.so
7fb033def000-7fb033df1000 rw-p 00029000 08:03 7098205                    /usr/lib/jvm/java-11-openjdk-amd64/lib/libjava.so
7fb033df1000-7fb033dfe000 r-xp 00000000 08:03 7098225                    /usr/lib/jvm/java-11-openjdk-amd64/lib/libverify.so
7fb033dfe000-7fb033ffd000 ---p 0000d000 08:03 7098225                    /usr/lib/jvm/java-11-openjdk-amd64/lib/libverify.so
7fb033ffd000-7fb033fff000 r--p 0000c000 08:03 7098225                    /usr/lib/jvm/java-11-openjdk-amd64/lib/libverify.so
7fb033fff000-7fb034000000 rw-p 0000e000 08:03 7098225                    /usr/lib/jvm/java-11-openjdk-amd64/lib/libverify.so
7fb034000000-7fb0345e9000 rw-p 00000000 00:00 0 
7fb0345e9000-7fb038000000 ---p 00000000 00:00 0 
7fb038042000-7fb0380a2000 rw-p 00000000 00:00 0 
7fb0380a2000-7fb038188000 ---p 00000000 00:00 0 
7fb038188000-7fb03818f000 r-xp 00000000 08:03 2626417                    /lib/x86_64-linux-gnu/librt-2.27.so
7fb03818f000-7fb03838e000 ---p 00007000 08:03 2626417                    /lib/x86_64-linux-gnu/librt-2.27.so
7fb03838e000-7fb03838f000 r--p 00006000 08:03 2626417                    /lib/x86_64-linux-gnu/librt-2.27.so
7fb03838f000-7fb038390000 rw-p 00007000 08:03 2626417                    /lib/x86_64-linux-gnu/librt-2.27.so
7fb038390000-7fb0383a7000 r-xp 00000000 08:03 2626273                    /lib/x86_64-linux-gnu/libgcc_s.so.1
7fb0383a7000-7fb0385a6000 ---p 00017000 08:03 2626273                    /lib/x86_64-linux-gnu/libgcc_s.so.1
7fb0385a6000-7fb0385a7000 r--p 00016000 08:03 2626273                    /lib/x86_64-linux-gnu/libgcc_s.so.1
7fb0385a7000-7fb0385a8000 rw-p 00017000 08:03 2626273                    /lib/x86_64-linux-gnu/libgcc_s.so.1
7fb0385a8000-7fb038745000 r-xp 00000000 08:03 2626339                    /lib/x86_64-linux-gnu/libm-2.27.so
7fb038745000-7fb038944000 ---p 0019d000 08:03 2626339                    /lib/x86_64-linux-gnu/libm-2.27.so
7fb038944000-7fb038945000 r--p 0019c000 08:03 2626339                    /lib/x86_64-linux-gnu/libm-2.27.so
7fb038945000-7fb038946000 rw-p 0019d000 08:03 2626339                    /lib/x86_64-linux-gnu/libm-2.27.so
7fb038946000-7fb038abf000 r-xp 00000000 08:03 7085948                    /usr/lib/x86_64-linux-gnu/libstdc++.so.6.0.25
7fb038abf000-7fb038cbf000 ---p 00179000 08:03 7085948                    /usr/lib/x86_64-linux-gnu/libstdc++.so.6.0.25
7fb038cbf000-7fb038cc9000 r--p 00179000 08:03 7085948                    /usr/lib/x86_64-linux-gnu/libstdc++.so.6.0.25
7fb038cc9000-7fb038ccb000 rw-p 00183000 08:03 7085948                    /usr/lib/x86_64-linux-gnu/libstdc++.so.6.0.25
7fb038ccb000-7fb038ccf000 rw-p 00000000 00:00 0 
7fb038ccf000-7fb039da8000 r-xp 00000000 08:03 7098230                    /usr/lib/jvm/java-11-openjdk-amd64/lib/server/libjvm.so
7fb039da8000-7fb039fa7000 ---p 010d9000 08:03 7098230                    /usr/lib/jvm/java-11-openjdk-amd64/lib/server/libjvm.so
7fb039fa7000-7fb03a064000 r--p 010d8000 08:03 7098230                    /usr/lib/jvm/java-11-openjdk-amd64/lib/server/libjvm.so
7fb03a064000-7fb03a09e000 rw-p 01195000 08:03 7098230                    /usr/lib/jvm/java-11-openjdk-amd64/lib/server/libjvm.so
7fb03a09e000-7fb03a0f4000 rw-p 00000000 00:00 0 
7fb03a0f4000-7fb03a10e000 r-xp 00000000 08:03 2626409                    /lib/x86_64-linux-gnu/libpthread-2.27.so
7fb03a10e000-7fb03a30d000 ---p 0001a000 08:03 2626409                    /lib/x86_64-linux-gnu/libpthread-2.27.so
7fb03a30d000-7fb03a30e000 r--p 00019000 08:03 2626409                    /lib/x86_64-linux-gnu/libpthread-2.27.so
7fb03a30e000-7fb03a30f000 rw-p 0001a000 08:03 2626409                    /lib/x86_64-linux-gnu/libpthread-2.27.so
7fb03a30f000-7fb03a313000 rw-p 00000000 00:00 0 
7fb03a313000-7fb03a316000 r-xp 00000000 08:03 2626299                    /lib/x86_64-linux-gnu/libdl-2.27.so
7fb03a316000-7fb03a515000 ---p 00003000 08:03 2626299                    /lib/x86_64-linux-gnu/libdl-2.27.so
7fb03a515000-7fb03a516000 r--p 00002000 08:03 2626299                    /lib/x86_64-linux-gnu/libdl-2.27.so
7fb03a516000-7fb03a517000 rw-p 00003000 08:03 2626299                    /lib/x86_64-linux-gnu/libdl-2.27.so
7fb03a517000-7fb03a533000 r-xp 00000000 08:03 2626448                    /lib/x86_64-linux-gnu/libz.so.1.2.11
7fb03a533000-7fb03a732000 ---p 0001c000 08:03 2626448                    /lib/x86_64-linux-gnu/libz.so.1.2.11
7fb03a732000-7fb03a733000 r--p 0001b000 08:03 2626448                    /lib/x86_64-linux-gnu/libz.so.1.2.11
7fb03a733000-7fb03a734000 rw-p 0001c000 08:03 2626448                    /lib/x86_64-linux-gnu/libz.so.1.2.11
7fb03a734000-7fb03a91b000 r-xp 00000000 08:03 2626276                    /lib/x86_64-linux-gnu/libc-2.27.so
7fb03a91b000-7fb03ab1b000 ---p 001e7000 08:03 2626276                    /lib/x86_64-linux-gnu/libc-2.27.so
7fb03ab1b000-7fb03ab1f000 r--p 001e7000 08:03 2626276                    /lib/x86_64-linux-gnu/libc-2.27.so
7fb03ab1f000-7fb03ab21000 rw-p 001eb000 08:03 2626276                    /lib/x86_64-linux-gnu/libc-2.27.so
7fb03ab21000-7fb03ab25000 rw-p 00000000 00:00 0 
7fb03ab25000-7fb03ab35000 r-xp 00000000 08:03 7098189                    /usr/lib/jvm/java-11-openjdk-amd64/lib/jli/libjli.so
7fb03ab35000-7fb03ad34000 ---p 00010000 08:03 7098189                    /usr/lib/jvm/java-11-openjdk-amd64/lib/jli/libjli.so
7fb03ad34000-7fb03ad35000 r--p 0000f000 08:03 7098189                    /usr/lib/jvm/java-11-openjdk-amd64/lib/jli/libjli.so
7fb03ad35000-7fb03ad36000 rw-p 00010000 08:03 7098189                    /usr/lib/jvm/java-11-openjdk-amd64/lib/jli/libjli.so
7fb03ad36000-7fb03ad5d000 r-xp 00000000 08:03 2626248                    /lib/x86_64-linux-gnu/ld-2.27.so
7fb03ad5e000-7fb03ad62000 rw-s 00000000 00:2d 692                        /i915 (deleted)
7fb03ad62000-7fb03ad66000 rw-s 00000000 00:2d 689                        /i915 (deleted)
7fb03ad66000-7fb03ad6b000 rw-s 00000000 00:2d 687                        /i915 (deleted)
7fb03ad6b000-7fb03ad72000 r--s 00000000 08:03 7344616                    /usr/lib/x86_64-linux-gnu/gconv/gconv-modules.cache
7fb03ad72000-7fb03ae3d000 rw-p 00000000 00:00 0 
7fb03ae3d000-7fb03ae41000 ---p 00000000 00:00 0 
7fb03ae41000-7fb03af40000 rw-p 00000000 00:00 0 
7fb03af43000-7fb03af48000 rw-p 00000000 00:00 0 
7fb03af48000-7fb03af4f000 ---p 00000000 00:00 0 
7fb03af4f000-7fb03af51000 r--s 00007000 08:03 7605536                    /usr/share/java/java-atk-wrapper.jar
7fb03af51000-7fb03af59000 rw-s 00000000 08:03 7089388                    /tmp/hsperfdata_artur/11776
7fb03af59000-7fb03af5a000 ---p 00000000 00:00 0 
7fb03af5a000-7fb03af5b000 r--p 00000000 00:00 0 
7fb03af5b000-7fb03af5d000 rw-p 00000000 00:00 0 
7fb03af5d000-7fb03af5e000 r--p 00027000 08:03 2626248                    /lib/x86_64-linux-gnu/ld-2.27.so
7fb03af5e000-7fb03af5f000 rw-p 00028000 08:03 2626248                    /lib/x86_64-linux-gnu/ld-2.27.so
7fb03af5f000-7fb03af60000 rw-p 00000000 00:00 0 
7ffff9cfc000-7ffff9d1d000 rw-p 00000000 00:00 0                          [stack]
7ffff9ddd000-7ffff9de0000 r--p 00000000 00:00 0                          [vvar]
7ffff9de0000-7ffff9de1000 r-xp 00000000 00:00 0                          [vdso]
ffffffffff600000-ffffffffff601000 --xp 00000000 00:00 0                  [vsyscall]


VM Arguments:
jvm_args: -Dfile.encoding=UTF-8 
java_command: com.firstJogo.main.Main
java_class_path (initial): /home/artur/eclipse-workspaces/Jogo/firstJogo/bin:/home/artur/Downloads/lwjgl/lwjgl.jar:/home/artur/Downloads/lwjgl/lwjgl-assimp.jar:/home/artur/Downloads/lwjgl/lwjgl-assimp-javadoc.jar:/home/artur/Downloads/lwjgl/lwjgl-assimp-natives-linux.jar:/home/artur/Downloads/lwjgl/lwjgl-assimp-sources.jar:/home/artur/Downloads/lwjgl/lwjgl-glfw.jar:/home/artur/Downloads/lwjgl/lwjgl-glfw-javadoc.jar:/home/artur/Downloads/lwjgl/lwjgl-glfw-natives-linux.jar:/home/artur/Downloads/lwjgl/lwjgl-glfw-sources.jar:/home/artur/Downloads/lwjgl/lwjgl-natives-linux.jar:/home/artur/Downloads/lwjgl/lwjgl-openal.jar:/home/artur/Downloads/lwjgl/lwjgl-openal-javadoc.jar:/home/artur/Downloads/lwjgl/lwjgl-openal-natives-linux.jar:/home/artur/Downloads/lwjgl/lwjgl-openal-sources.jar:/home/artur/Downloads/lwjgl/lwjgl-opengl.jar:/home/artur/Downloads/lwjgl/lwjgl-opengl-javadoc.jar:/home/artur/Downloads/lwjgl/lwjgl-opengl-natives-linux.jar:/home/artur/Downloads/lwjgl/lwjgl-opengl-sources.jar:/home/artur/Downloads/lwjgl/lwjgl-stb.jar:/home/artur/Downloads/lwjgl/lwjgl-stb-javadoc.jar:/home/artur/Downloads/lwjgl/lwjgl-stb-natives-linux.jar:/home/artur/Downloads/lwjgl/lwjgl-stb-sources.jar
Launcher Type: SUN_STANDARD

[Global flags]
     intx CICompilerCount                          = 3                                         {product} {ergonomic}
     uint ConcGCThreads                            = 1                                         {product} {ergonomic}
     uint G1ConcRefinementThreads                  = 4                                         {product} {ergonomic}
   size_t G1HeapRegionSize                         = 1048576                                   {product} {ergonomic}
    uintx GCDrainStackTargetSize                   = 64                                        {product} {ergonomic}
   size_t InitialHeapSize                          = 96468992                                  {product} {ergonomic}
   size_t MarkStackSize                            = 4194304                                   {product} {ergonomic}
   size_t MaxHeapSize                              = 1512046592                                {product} {ergonomic}
   size_t MaxNewSize                               = 907018240                                 {product} {ergonomic}
   size_t MinHeapDeltaBytes                        = 1048576                                   {product} {ergonomic}
    uintx NonNMethodCodeHeapSize                   = 5830732                                {pd product} {ergonomic}
    uintx NonProfiledCodeHeapSize                  = 122913754                              {pd product} {ergonomic}
    uintx ProfiledCodeHeapSize                     = 122913754                              {pd product} {ergonomic}
    uintx ReservedCodeCacheSize                    = 251658240                              {pd product} {ergonomic}
     bool SegmentedCodeCache                       = true                                      {product} {ergonomic}
     bool UseCompressedClassPointers               = true                                 {lp64_product} {ergonomic}
     bool UseCompressedOops                        = true                                 {lp64_product} {ergonomic}
     bool UseG1GC                                  = true                                      {product} {ergonomic}

Logging:
Log output configuration:
 #0: stdout all=warning uptime,level,tags
 #1: stderr all=off uptime,level,tags

Environment Variables:
PATH=/home/artur/.local/bin:/usr/local/sbin:/usr/local/bin:/usr/sbin:/usr/bin:/sbin:/bin:/usr/games:/usr/local/games:/snap/bin
USERNAME=artur
SHELL=/bin/bash
DISPLAY=:0

Signal Handlers:
SIGSEGV: [libjvm.so+0xdf1470], sa_mask[0]=11111111011111111101111111111110, sa_flags=SA_RESTART|SA_SIGINFO
SIGBUS: [libjvm.so+0xdf1470], sa_mask[0]=11111111011111111101111111111110, sa_flags=SA_RESTART|SA_SIGINFO
SIGFPE: [libjvm.so+0xdf1470], sa_mask[0]=11111111011111111101111111111110, sa_flags=SA_RESTART|SA_SIGINFO
SIGPIPE: [libjvm.so+0xbc5560], sa_mask[0]=11111111011111111101111111111110, sa_flags=SA_RESTART|SA_SIGINFO
SIGXFSZ: [libjvm.so+0xbc5560], sa_mask[0]=11111111011111111101111111111110, sa_flags=SA_RESTART|SA_SIGINFO
SIGILL: [libjvm.so+0xdf1470], sa_mask[0]=11111111011111111101111111111110, sa_flags=SA_RESTART|SA_SIGINFO
SIGUSR2: [libjvm.so+0xbc5400], sa_mask[0]=00100000000000000000000000000000, sa_flags=SA_RESTART|SA_SIGINFO
SIGHUP: [libjvm.so+0xbc5760], sa_mask[0]=11111111011111111101111111111110, sa_flags=SA_RESTART|SA_SIGINFO
SIGINT: [libjvm.so+0xbc5760], sa_mask[0]=11111111011111111101111111111110, sa_flags=SA_RESTART|SA_SIGINFO
SIGTERM: [libjvm.so+0xbc5760], sa_mask[0]=11111111011111111101111111111110, sa_flags=SA_RESTART|SA_SIGINFO
SIGQUIT: [libjvm.so+0xbc5760], sa_mask[0]=11111111011111111101111111111110, sa_flags=SA_RESTART|SA_SIGINFO


---------------  S Y S T E M  ---------------

OS:DISTRIB_ID=Ubuntu
DISTRIB_RELEASE=18.04
DISTRIB_CODENAME=bionic
DISTRIB_DESCRIPTION="Ubuntu 18.04.4 LTS"
uname:Linux 5.3.0-28-generic #30~18.04.1-Ubuntu SMP Fri Jan 17 06:14:09 UTC 2020 x86_64
libc:glibc 2.27 NPTL 2.27 
rlimit: STACK 8192k, CORE 0k, NPROC 22869, NOFILE 1048576, AS infinity, DATA infinity, FSIZE infinity
load average:1,56 1,10 0,99

/proc/meminfo:
MemTotal:        5903108 kB
MemFree:          565188 kB
MemAvailable:    2201716 kB
Buffers:          367488 kB
Cached:          1724204 kB
SwapCached:        21836 kB
Active:          3693368 kB
Inactive:        1075028 kB
Active(anon):    2752840 kB
Inactive(anon):   322088 kB
Active(file):     940528 kB
Inactive(file):   752940 kB
Unevictable:      123904 kB
Mlocked:              96 kB
SwapTotal:      28649464 kB
SwapFree:       28627192 kB
Dirty:               408 kB
Writeback:             0 kB
AnonPages:       2778880 kB
Mapped:           725600 kB
Shmem:            398228 kB
KReclaimable:     241680 kB
Slab:             302956 kB
SReclaimable:     241680 kB
SUnreclaim:        61276 kB
KernelStack:       16992 kB
PageTables:        62108 kB
NFS_Unstable:          0 kB
Bounce:                0 kB
WritebackTmp:          0 kB
CommitLimit:    31601016 kB
Committed_AS:    8496020 kB
VmallocTotal:   34359738367 kB
VmallocUsed:       38172 kB
VmallocChunk:          0 kB
Percpu:             2976 kB
HardwareCorrupted:     0 kB
AnonHugePages:         0 kB
ShmemHugePages:        0 kB
ShmemPmdMapped:        0 kB
CmaTotal:              0 kB
CmaFree:               0 kB
HugePages_Total:       0
HugePages_Free:        0
HugePages_Rsvd:        0
HugePages_Surp:        0
Hugepagesize:       2048 kB
Hugetlb:               0 kB
DirectMap4k:      231164 kB
DirectMap2M:     5873664 kB


/proc/sys/kernel/threads-max (system-wide limit on the number of threads):
45738


/proc/sys/vm/max_map_count (maximum number of memory map areas a process may have):
65530


/proc/sys/kernel/pid_max (system-wide limit on number of process identifiers):
32768



container (cgroup) information:
container_type: cgroupv1
cpu_cpuset_cpus: 0-3
cpu_memory_nodes: 0
active_processor_count: 4
cpu_quota: -1
cpu_period: 100000
cpu_shares: -1
memory_limit_in_bytes: -1
memory_and_swap_limit_in_bytes: -2
memory_soft_limit_in_bytes: -1
memory_usage_in_bytes: 5009903616
memory_max_usage_in_bytes: 6291456

Steal ticks since vm start: 0
Steal ticks percentage since vm start:  0,000

CPU:total 4 (initial active 4) (2 cores per cpu, 2 threads per core) family 6 model 58 stepping 9, cmov, cx8, fxsr, mmx, sse, sse2, sse3, ssse3, sse4.1, sse4.2, popcnt, avx, aes, clmul, erms, ht, tsc, tscinvbit, tscinv
CPU Model and flags from /proc/cpuinfo:
model name	: Intel(R) Core(TM) i5-3337U CPU @ 1.80GHz
flags		: fpu vme de pse tsc msr pae mce cx8 apic sep mtrr pge mca cmov pat pse36 clflush dts acpi mmx fxsr sse sse2 ss ht tm pbe syscall nx rdtscp lm constant_tsc arch_perfmon pebs bts rep_good nopl xtopology nonstop_tsc cpuid aperfmperf pni pclmulqdq dtes64 monitor ds_cpl vmx est tm2 ssse3 cx16 xtpr pdcm pcid sse4_1 sse4_2 x2apic popcnt tsc_deadline_timer aes xsave avx f16c rdrand lahf_lm cpuid_fault epb pti ssbd ibrs ibpb stibp tpr_shadow vnmi flexpriority ept vpid fsgsbase smep erms xsaveopt dtherm ida arat pln pts md_clear flush_l1d

Memory: 4k page, physical 5903108k(565188k free), swap 28649464k(28627192k free)

vm_info: OpenJDK 64-Bit Server VM (11.0.6+10-post-Ubuntu-1ubuntu118.04.1) for linux-amd64 JRE (11.0.6+10-post-Ubuntu-1ubuntu118.04.1), built on Jan 15 2020 15:14:00 by "unknown" with gcc 7.4.0

END.
