#
# A fatal error has been detected by the Java Runtime Environment:
#
#  SIGSEGV (0xb) at pc=0x00007fb9e42d8800, pid=15107, tid=15113
#
# JRE version: OpenJDK Runtime Environment (11.0.6+10) (build 11.0.6+10-post-Ubuntu-1ubuntu118.04.1)
# Java VM: OpenJDK 64-Bit Server VM (11.0.6+10-post-Ubuntu-1ubuntu118.04.1, mixed mode, sharing, tiered, compressed oops, g1 gc, linux-amd64)
# Problematic frame:
# C  [libglfw.so+0x14800]
#
# Core dump will be written. Default location: Core dumps may be processed with "/usr/share/apport/apport %p %s %c %d %P" (or dumping to /home/artur/eclipse-workspaces/Jogo/firstJogo/core.15107)
#
# If you would like to submit a bug report, please visit:
#   https://bugs.launchpad.net/ubuntu/+source/openjdk-lts
# The crash happened outside the Java Virtual Machine in native code.
# See problematic frame for where to report the bug.
#

---------------  S U M M A R Y ------------

Command Line: -Dfile.encoding=UTF-8 com.firstJogo.main.Main

Host: Intel(R) Core(TM) i5-3337U CPU @ 1.80GHz, 4 cores, 5G, Ubuntu 18.04.4 LTS
Time: Fri Feb 28 13:26:54 2020 -03 elapsed time: 0 seconds (0d 0h 0m 0s)

---------------  T H R E A D  ---------------

Current thread (0x00007fba0c015000):  JavaThread "main" [_thread_in_native, id=15113, stack(0x00007fba1413e000,0x00007fba1423f000)]

Stack: [0x00007fba1413e000,0x00007fba1423f000],  sp=0x00007fba1423cfe0,  free space=1019k
Native frames: (J=compiled Java code, A=aot compiled Java code, j=interpreted, Vv=VM code, C=native code)
C  [libglfw.so+0x14800]

Java frames: (J=compiled Java code, j=interpreted, Vv=VM code)
j  org.lwjgl.system.JNI.invokePPPP(IIJJJJ)J+0
j  org.lwjgl.glfw.GLFW.nglfwCreateWindow(IIJJJ)J+14
j  org.lwjgl.glfw.GLFW.glfwCreateWindow(IILjava/lang/CharSequence;JJ)J+37
j  com.firstJogo.main.Main.initvisual()V+51
j  com.firstJogo.main.Main.main([Ljava/lang/String;)V+0
v  ~StubRoutines::call_stub

siginfo: si_signo: 11 (SIGSEGV), si_code: 1 (SEGV_MAPERR), si_addr: 0x00000000000000a1

Register to memory mapping:

RAX=0x0000000000000001 is an unknown value
RBX=0x00007fb9e4508260: <offset 0x0000000000244260> in /tmp/lwjglartur/3.2.3-build-13/libglfw.so at 0x00007fb9e42c4000
RCX=0x0 is NULL
RDX=0x00000000000001e6 is an unknown value
RSP=0x00007fba1423cfe0 is pointing into the stack for thread: 0x00007fba0c015000
RBP=0x00007fba0c2fc480 points into unknown readable memory: 00 00 00 00 00 00 00 00
RSI=0x0000000000000001 is an unknown value
RDI=0x00007fba0c2fc480 points into unknown readable memory: 00 00 00 00 00 00 00 00
R8 =0x0 is NULL
R9 =0x000000000000000c is an unknown value
R10=0x00007fba0c0008d0 points into unknown readable memory: 04 06 00 02 06 00 01 00
R11=0x0 is NULL
R12=0x00007fba1423d1c0 is pointing into the stack for thread: 0x00007fba0c015000
R13=0x00007fba1423d2a0 is pointing into the stack for thread: 0x00007fba0c015000
R14=0x00007fba0c3035c0 points into unknown readable memory: 00 00 00 00 ba 7f 00 00
R15=0x00007fb9e4508260: <offset 0x0000000000244260> in /tmp/lwjglartur/3.2.3-build-13/libglfw.so at 0x00007fb9e42c4000


Registers:
RAX=0x0000000000000001, RBX=0x00007fb9e4508260, RCX=0x0000000000000000, RDX=0x00000000000001e6
RSP=0x00007fba1423cfe0, RBP=0x00007fba0c2fc480, RSI=0x0000000000000001, RDI=0x00007fba0c2fc480
R8 =0x0000000000000000, R9 =0x000000000000000c, R10=0x00007fba0c0008d0, R11=0x0000000000000000
R12=0x00007fba1423d1c0, R13=0x00007fba1423d2a0, R14=0x00007fba0c3035c0, R15=0x00007fb9e4508260
RIP=0x00007fb9e42d8800, EFLAGS=0x0000000000010202, CSGSFS=0x002b000000000033, ERR=0x0000000000000004
  TRAPNO=0x000000000000000e

Top of Stack: (sp=0x00007fba1423cfe0)
0x00007fba1423cfe0:   000000000000013f 0000000000000001
0x00007fba1423cff0:   0000000000000001 00000000ffffffff
0x00007fba1423d000:   0000000000000000 00007fba00000000
0x00007fba1423d010:   0000000005e00008 0000000000000000 

Instructions: (pc=0x00007fb9e42d8800)
0x00007fb9e42d8700:   89 34 24 41 b8 08 00 00 00 e8 c2 2e ff ff 48 8b
0x00007fb9e42d8710:   55 40 48 8b 45 30 4c 8b 6d 38 e9 27 fd ff ff e8
0x00007fb9e42d8720:   ac 2a ff ff 66 90 66 2e 0f 1f 84 00 00 00 00 00
0x00007fb9e42d8730:   55 48 89 fd 53 48 81 ec 58 01 00 00 48 8d 1d 1d
0x00007fb9e42d8740:   fb 22 00 64 48 8b 04 25 28 00 00 00 48 89 84 24
0x00007fb9e42d8750:   48 01 00 00 31 c0 48 8b 47 40 48 85 c0 0f 84 0d
0x00007fb9e42d8760:   02 00 00 8b b3 a0 06 02 00 85 f6 0f 85 7f 00 00
0x00007fb9e42d8770:   00 48 8b 93 50 04 02 00 48 85 d2 74 10 48 8b b3
0x00007fb9e42d8780:   60 04 02 00 48 85 f6 0f 85 53 01 00 00 48 8b b5
0x00007fb9e42d8790:   48 03 00 00 48 8b bb c0 fe 01 00 48 8d 4c 24 10
0x00007fb9e42d87a0:   ba 00 02 00 00 c7 44 24 68 01 00 00 00 e8 2e 2b
0x00007fb9e42d87b0:   ff ff c7 85 58 03 00 00 01 00 00 00 8b 8d 64 03
0x00007fb9e42d87c0:   00 00 85 c9 0f 84 c6 00 00 00 48 8b 84 24 48 01
0x00007fb9e42d87d0:   00 00 64 48 33 04 25 28 00 00 00 0f 85 b7 02 00
0x00007fb9e42d87e0:   00 48 81 c4 58 01 00 00 5b 5d c3 0f 1f 44 00 00
0x00007fb9e42d87f0:   48 8b 93 88 04 02 00 48 85 d2 0f 84 71 ff ff ff
0x00007fb9e42d8800:   48 63 b0 a0 00 00 00 4c 8b 87 48 03 00 00 48 8d
0x00007fb9e42d8810:   bc 24 80 00 00 00 31 c0 b9 18 00 00 00 f3 48 ab
0x00007fb9e42d8820:   48 8b bb c0 fe 01 00 4c 89 84 24 a0 00 00 00 4c
0x00007fb9e42d8830:   8d 84 24 80 00 00 00 48 89 b4 24 b8 00 00 00 48
0x00007fb9e42d8840:   89 b4 24 c0 00 00 00 b9 00 00 18 00 48 89 b4 24
0x00007fb9e42d8850:   c8 00 00 00 48 89 b4 24 d0 00 00 00 48 8b b3 d0
0x00007fb9e42d8860:   fe 01 00 48 89 94 24 a8 00 00 00 31 d2 c7 84 24
0x00007fb9e42d8870:   80 00 00 00 21 00 00 00 c7 84 24 b0 00 00 00 20
0x00007fb9e42d8880:   00 00 00 e8 f8 26 ff ff e9 e4 fe ff ff 0f 1f 00
0x00007fb9e42d8890:   48 8b 93 80 04 02 00 48 8b b5 48 03 00 00 48 8d
0x00007fb9e42d88a0:   44 24 10 48 8b bb c0 fe 01 00 45 31 c9 c7 44 24
0x00007fb9e42d88b0:   08 01 00 00 00 48 89 04 24 41 b8 20 00 00 00 b9
0x00007fb9e42d88c0:   06 00 00 00 48 c7 44 24 10 01 00 00 00 e8 fe 2c
0x00007fb9e42d88d0:   ff ff e9 f3 fe ff ff 66 0f 1f 84 00 00 00 00 00
0x00007fb9e42d88e0:   4c 8b 85 48 03 00 00 48 8d bc 24 80 00 00 00 31
0x00007fb9e42d88f0:   c0 b9 18 00 00 00 f3 48 ab 48 89 b4 24 c0 00 00 


Stack slot to memory mapping:
stack at sp + 0 slots: 0x000000000000013f is an unknown value
stack at sp + 1 slots: 0x0000000000000001 is an unknown value
stack at sp + 2 slots: 0x0000000000000001 is an unknown value
stack at sp + 3 slots: 0x00000000ffffffff is an unallocated location in the heap
stack at sp + 4 slots: 0x0 is NULL
stack at sp + 5 slots: 0x00007fba00000000 is an unknown value
stack at sp + 6 slots: 0x0000000005e00008 is an unknown value
stack at sp + 7 slots: 0x0 is NULL


---------------  P R O C E S S  ---------------

Threads class SMR info:
_java_thread_list=0x00007fba0c140c20, length=9, elements={
0x00007fba0c015000, 0x00007fba0c0e4800, 0x00007fba0c0ee800, 0x00007fba0c0f5000,
0x00007fba0c0f7000, 0x00007fba0c0f9000, 0x00007fba0c0fb000, 0x00007fba0c13a800,
0x00007fba0c13f800
}

Java Threads: ( => current thread )
=>0x00007fba0c015000 JavaThread "main" [_thread_in_native, id=15113, stack(0x00007fba1413e000,0x00007fba1423f000)]
  0x00007fba0c0e4800 JavaThread "Reference Handler" daemon [_thread_blocked, id=15120, stack(0x00007fb9e5d7c000,0x00007fb9e5e7d000)]
  0x00007fba0c0ee800 JavaThread "Finalizer" daemon [_thread_blocked, id=15121, stack(0x00007fb9e5c7b000,0x00007fb9e5d7c000)]
  0x00007fba0c0f5000 JavaThread "Signal Dispatcher" daemon [_thread_blocked, id=15122, stack(0x00007fb9e51ab000,0x00007fb9e52ac000)]
  0x00007fba0c0f7000 JavaThread "C2 CompilerThread0" daemon [_thread_blocked, id=15123, stack(0x00007fb9e50aa000,0x00007fb9e51ab000)]
  0x00007fba0c0f9000 JavaThread "C1 CompilerThread0" daemon [_thread_blocked, id=15124, stack(0x00007fb9e4fa9000,0x00007fb9e50aa000)]
  0x00007fba0c0fb000 JavaThread "Sweeper thread" daemon [_thread_blocked, id=15125, stack(0x00007fb9e4ea8000,0x00007fb9e4fa9000)]
  0x00007fba0c13a800 JavaThread "Service Thread" daemon [_thread_blocked, id=15126, stack(0x00007fb9e4da7000,0x00007fb9e4ea8000)]
  0x00007fba0c13f800 JavaThread "Common-Cleaner" daemon [_thread_blocked, id=15128, stack(0x00007fb9e4ba4000,0x00007fb9e4ca5000)]

Other Threads:
  0x00007fba0c0e1800 VMThread "VM Thread" [stack: 0x00007fb9e5e7f000,0x00007fb9e5f7f000] [id=15119]
  0x00007fba0c13d000 WatcherThread [stack: 0x00007fb9e4ca7000,0x00007fb9e4da7000] [id=15127]
  0x00007fba0c02d800 GCTaskThread "GC Thread#0" [stack: 0x00007fba10129000,0x00007fba10229000] [id=15114]
  0x00007fba0c053000 ConcurrentGCThread "G1 Main Marker" [stack: 0x00007fb9ecf1f000,0x00007fb9ed01f000] [id=15115]
  0x00007fba0c055000 ConcurrentGCThread "G1 Conc#0" [stack: 0x00007fb9ece1d000,0x00007fb9ecf1d000] [id=15116]
  0x00007fba0c0b1000 ConcurrentGCThread "G1 Refine#0" [stack: 0x00007fb9ec917000,0x00007fb9eca17000] [id=15117]
  0x00007fba0c0b3000 ConcurrentGCThread "G1 Young RemSet Sampling" [stack: 0x00007fb9ec815000,0x00007fb9ec915000] [id=15118]

Threads with active compile tasks:

VM state:not at safepoint (normal execution)

VM Mutex/Monitor currently owned by a thread: None

Heap address: 0x00000000a5e00000, size: 1442 MB, Compressed Oops mode: 32-bit
Narrow klass base: 0x0000000800000000, Narrow klass shift: 3
Compressed class space size: 1073741824 Address: 0x0000000840000000

Heap:
 garbage-first heap   total 96256K, used 4804K [0x00000000a5e00000, 0x0000000100000000)
  region size 1024K, 5 young (5120K), 0 survivors (0K)
 Metaspace       used 2064K, capacity 5475K, committed 5632K, reserved 1056768K
  class space    used 163K, capacity 463K, committed 512K, reserved 1048576K
Heap Regions: E=young(eden), S=young(survivor), O=old, HS=humongous(starts), HC=humongous(continues), CS=collection set, F=free, A=archive, TAMS=top-at-mark-start (previous, next)
|   0|0x00000000a5e00000, 0x00000000a5e00000, 0x00000000a5f00000|  0%| F|  |TAMS 0x00000000a5e00000, 0x00000000a5e00000| Untracked 
|   1|0x00000000a5f00000, 0x00000000a5f00000, 0x00000000a6000000|  0%| F|  |TAMS 0x00000000a5f00000, 0x00000000a5f00000| Untracked 
|   2|0x00000000a6000000, 0x00000000a6000000, 0x00000000a6100000|  0%| F|  |TAMS 0x00000000a6000000, 0x00000000a6000000| Untracked 
|   3|0x00000000a6100000, 0x00000000a6100000, 0x00000000a6200000|  0%| F|  |TAMS 0x00000000a6100000, 0x00000000a6100000| Untracked 
|   4|0x00000000a6200000, 0x00000000a6200000, 0x00000000a6300000|  0%| F|  |TAMS 0x00000000a6200000, 0x00000000a6200000| Untracked 
|   5|0x00000000a6300000, 0x00000000a6300000, 0x00000000a6400000|  0%| F|  |TAMS 0x00000000a6300000, 0x00000000a6300000| Untracked 
|   6|0x00000000a6400000, 0x00000000a6400000, 0x00000000a6500000|  0%| F|  |TAMS 0x00000000a6400000, 0x00000000a6400000| Untracked 
|   7|0x00000000a6500000, 0x00000000a6500000, 0x00000000a6600000|  0%| F|  |TAMS 0x00000000a6500000, 0x00000000a6500000| Untracked 
|   8|0x00000000a6600000, 0x00000000a6600000, 0x00000000a6700000|  0%| F|  |TAMS 0x00000000a6600000, 0x00000000a6600000| Untracked 
|   9|0x00000000a6700000, 0x00000000a6700000, 0x00000000a6800000|  0%| F|  |TAMS 0x00000000a6700000, 0x00000000a6700000| Untracked 
|  10|0x00000000a6800000, 0x00000000a6800000, 0x00000000a6900000|  0%| F|  |TAMS 0x00000000a6800000, 0x00000000a6800000| Untracked 
|  11|0x00000000a6900000, 0x00000000a6900000, 0x00000000a6a00000|  0%| F|  |TAMS 0x00000000a6900000, 0x00000000a6900000| Untracked 
|  12|0x00000000a6a00000, 0x00000000a6a00000, 0x00000000a6b00000|  0%| F|  |TAMS 0x00000000a6a00000, 0x00000000a6a00000| Untracked 
|  13|0x00000000a6b00000, 0x00000000a6b00000, 0x00000000a6c00000|  0%| F|  |TAMS 0x00000000a6b00000, 0x00000000a6b00000| Untracked 
|  14|0x00000000a6c00000, 0x00000000a6c00000, 0x00000000a6d00000|  0%| F|  |TAMS 0x00000000a6c00000, 0x00000000a6c00000| Untracked 
|  15|0x00000000a6d00000, 0x00000000a6d00000, 0x00000000a6e00000|  0%| F|  |TAMS 0x00000000a6d00000, 0x00000000a6d00000| Untracked 
|  16|0x00000000a6e00000, 0x00000000a6e00000, 0x00000000a6f00000|  0%| F|  |TAMS 0x00000000a6e00000, 0x00000000a6e00000| Untracked 
|  17|0x00000000a6f00000, 0x00000000a6f00000, 0x00000000a7000000|  0%| F|  |TAMS 0x00000000a6f00000, 0x00000000a6f00000| Untracked 
|  18|0x00000000a7000000, 0x00000000a7000000, 0x00000000a7100000|  0%| F|  |TAMS 0x00000000a7000000, 0x00000000a7000000| Untracked 
|  19|0x00000000a7100000, 0x00000000a7100000, 0x00000000a7200000|  0%| F|  |TAMS 0x00000000a7100000, 0x00000000a7100000| Untracked 
|  20|0x00000000a7200000, 0x00000000a7200000, 0x00000000a7300000|  0%| F|  |TAMS 0x00000000a7200000, 0x00000000a7200000| Untracked 
|  21|0x00000000a7300000, 0x00000000a7300000, 0x00000000a7400000|  0%| F|  |TAMS 0x00000000a7300000, 0x00000000a7300000| Untracked 
|  22|0x00000000a7400000, 0x00000000a7400000, 0x00000000a7500000|  0%| F|  |TAMS 0x00000000a7400000, 0x00000000a7400000| Untracked 
|  23|0x00000000a7500000, 0x00000000a7500000, 0x00000000a7600000|  0%| F|  |TAMS 0x00000000a7500000, 0x00000000a7500000| Untracked 
|  24|0x00000000a7600000, 0x00000000a7600000, 0x00000000a7700000|  0%| F|  |TAMS 0x00000000a7600000, 0x00000000a7600000| Untracked 
|  25|0x00000000a7700000, 0x00000000a7700000, 0x00000000a7800000|  0%| F|  |TAMS 0x00000000a7700000, 0x00000000a7700000| Untracked 
|  26|0x00000000a7800000, 0x00000000a7800000, 0x00000000a7900000|  0%| F|  |TAMS 0x00000000a7800000, 0x00000000a7800000| Untracked 
|  27|0x00000000a7900000, 0x00000000a7900000, 0x00000000a7a00000|  0%| F|  |TAMS 0x00000000a7900000, 0x00000000a7900000| Untracked 
|  28|0x00000000a7a00000, 0x00000000a7a00000, 0x00000000a7b00000|  0%| F|  |TAMS 0x00000000a7a00000, 0x00000000a7a00000| Untracked 
|  29|0x00000000a7b00000, 0x00000000a7b00000, 0x00000000a7c00000|  0%| F|  |TAMS 0x00000000a7b00000, 0x00000000a7b00000| Untracked 
|  30|0x00000000a7c00000, 0x00000000a7c00000, 0x00000000a7d00000|  0%| F|  |TAMS 0x00000000a7c00000, 0x00000000a7c00000| Untracked 
|  31|0x00000000a7d00000, 0x00000000a7d00000, 0x00000000a7e00000|  0%| F|  |TAMS 0x00000000a7d00000, 0x00000000a7d00000| Untracked 
|  32|0x00000000a7e00000, 0x00000000a7e00000, 0x00000000a7f00000|  0%| F|  |TAMS 0x00000000a7e00000, 0x00000000a7e00000| Untracked 
|  33|0x00000000a7f00000, 0x00000000a7f00000, 0x00000000a8000000|  0%| F|  |TAMS 0x00000000a7f00000, 0x00000000a7f00000| Untracked 
|  34|0x00000000a8000000, 0x00000000a8000000, 0x00000000a8100000|  0%| F|  |TAMS 0x00000000a8000000, 0x00000000a8000000| Untracked 
|  35|0x00000000a8100000, 0x00000000a8100000, 0x00000000a8200000|  0%| F|  |TAMS 0x00000000a8100000, 0x00000000a8100000| Untracked 
|  36|0x00000000a8200000, 0x00000000a8200000, 0x00000000a8300000|  0%| F|  |TAMS 0x00000000a8200000, 0x00000000a8200000| Untracked 
|  37|0x00000000a8300000, 0x00000000a8300000, 0x00000000a8400000|  0%| F|  |TAMS 0x00000000a8300000, 0x00000000a8300000| Untracked 
|  38|0x00000000a8400000, 0x00000000a8400000, 0x00000000a8500000|  0%| F|  |TAMS 0x00000000a8400000, 0x00000000a8400000| Untracked 
|  39|0x00000000a8500000, 0x00000000a8500000, 0x00000000a8600000|  0%| F|  |TAMS 0x00000000a8500000, 0x00000000a8500000| Untracked 
|  40|0x00000000a8600000, 0x00000000a8600000, 0x00000000a8700000|  0%| F|  |TAMS 0x00000000a8600000, 0x00000000a8600000| Untracked 
|  41|0x00000000a8700000, 0x00000000a8700000, 0x00000000a8800000|  0%| F|  |TAMS 0x00000000a8700000, 0x00000000a8700000| Untracked 
|  42|0x00000000a8800000, 0x00000000a8800000, 0x00000000a8900000|  0%| F|  |TAMS 0x00000000a8800000, 0x00000000a8800000| Untracked 
|  43|0x00000000a8900000, 0x00000000a8900000, 0x00000000a8a00000|  0%| F|  |TAMS 0x00000000a8900000, 0x00000000a8900000| Untracked 
|  44|0x00000000a8a00000, 0x00000000a8a00000, 0x00000000a8b00000|  0%| F|  |TAMS 0x00000000a8a00000, 0x00000000a8a00000| Untracked 
|  45|0x00000000a8b00000, 0x00000000a8b00000, 0x00000000a8c00000|  0%| F|  |TAMS 0x00000000a8b00000, 0x00000000a8b00000| Untracked 
|  46|0x00000000a8c00000, 0x00000000a8c00000, 0x00000000a8d00000|  0%| F|  |TAMS 0x00000000a8c00000, 0x00000000a8c00000| Untracked 
|  47|0x00000000a8d00000, 0x00000000a8d00000, 0x00000000a8e00000|  0%| F|  |TAMS 0x00000000a8d00000, 0x00000000a8d00000| Untracked 
|  48|0x00000000a8e00000, 0x00000000a8e00000, 0x00000000a8f00000|  0%| F|  |TAMS 0x00000000a8e00000, 0x00000000a8e00000| Untracked 
|  49|0x00000000a8f00000, 0x00000000a8f00000, 0x00000000a9000000|  0%| F|  |TAMS 0x00000000a8f00000, 0x00000000a8f00000| Untracked 
|  50|0x00000000a9000000, 0x00000000a9000000, 0x00000000a9100000|  0%| F|  |TAMS 0x00000000a9000000, 0x00000000a9000000| Untracked 
|  51|0x00000000a9100000, 0x00000000a9100000, 0x00000000a9200000|  0%| F|  |TAMS 0x00000000a9100000, 0x00000000a9100000| Untracked 
|  52|0x00000000a9200000, 0x00000000a9200000, 0x00000000a9300000|  0%| F|  |TAMS 0x00000000a9200000, 0x00000000a9200000| Untracked 
|  53|0x00000000a9300000, 0x00000000a9300000, 0x00000000a9400000|  0%| F|  |TAMS 0x00000000a9300000, 0x00000000a9300000| Untracked 
|  54|0x00000000a9400000, 0x00000000a9400000, 0x00000000a9500000|  0%| F|  |TAMS 0x00000000a9400000, 0x00000000a9400000| Untracked 
|  55|0x00000000a9500000, 0x00000000a9500000, 0x00000000a9600000|  0%| F|  |TAMS 0x00000000a9500000, 0x00000000a9500000| Untracked 
|  56|0x00000000a9600000, 0x00000000a9600000, 0x00000000a9700000|  0%| F|  |TAMS 0x00000000a9600000, 0x00000000a9600000| Untracked 
|  57|0x00000000a9700000, 0x00000000a9700000, 0x00000000a9800000|  0%| F|  |TAMS 0x00000000a9700000, 0x00000000a9700000| Untracked 
|  58|0x00000000a9800000, 0x00000000a9800000, 0x00000000a9900000|  0%| F|  |TAMS 0x00000000a9800000, 0x00000000a9800000| Untracked 
|  59|0x00000000a9900000, 0x00000000a9900000, 0x00000000a9a00000|  0%| F|  |TAMS 0x00000000a9900000, 0x00000000a9900000| Untracked 
|  60|0x00000000a9a00000, 0x00000000a9a00000, 0x00000000a9b00000|  0%| F|  |TAMS 0x00000000a9a00000, 0x00000000a9a00000| Untracked 
|  61|0x00000000a9b00000, 0x00000000a9b00000, 0x00000000a9c00000|  0%| F|  |TAMS 0x00000000a9b00000, 0x00000000a9b00000| Untracked 
|  62|0x00000000a9c00000, 0x00000000a9c00000, 0x00000000a9d00000|  0%| F|  |TAMS 0x00000000a9c00000, 0x00000000a9c00000| Untracked 
|  63|0x00000000a9d00000, 0x00000000a9d00000, 0x00000000a9e00000|  0%| F|  |TAMS 0x00000000a9d00000, 0x00000000a9d00000| Untracked 
|  64|0x00000000a9e00000, 0x00000000a9e00000, 0x00000000a9f00000|  0%| F|  |TAMS 0x00000000a9e00000, 0x00000000a9e00000| Untracked 
|  65|0x00000000a9f00000, 0x00000000a9f00000, 0x00000000aa000000|  0%| F|  |TAMS 0x00000000a9f00000, 0x00000000a9f00000| Untracked 
|  66|0x00000000aa000000, 0x00000000aa000000, 0x00000000aa100000|  0%| F|  |TAMS 0x00000000aa000000, 0x00000000aa000000| Untracked 
|  67|0x00000000aa100000, 0x00000000aa100000, 0x00000000aa200000|  0%| F|  |TAMS 0x00000000aa100000, 0x00000000aa100000| Untracked 
|  68|0x00000000aa200000, 0x00000000aa200000, 0x00000000aa300000|  0%| F|  |TAMS 0x00000000aa200000, 0x00000000aa200000| Untracked 
|  69|0x00000000aa300000, 0x00000000aa300000, 0x00000000aa400000|  0%| F|  |TAMS 0x00000000aa300000, 0x00000000aa300000| Untracked 
|  70|0x00000000aa400000, 0x00000000aa400000, 0x00000000aa500000|  0%| F|  |TAMS 0x00000000aa400000, 0x00000000aa400000| Untracked 
|  71|0x00000000aa500000, 0x00000000aa500000, 0x00000000aa600000|  0%| F|  |TAMS 0x00000000aa500000, 0x00000000aa500000| Untracked 
|  72|0x00000000aa600000, 0x00000000aa600000, 0x00000000aa700000|  0%| F|  |TAMS 0x00000000aa600000, 0x00000000aa600000| Untracked 
|  73|0x00000000aa700000, 0x00000000aa700000, 0x00000000aa800000|  0%| F|  |TAMS 0x00000000aa700000, 0x00000000aa700000| Untracked 
|  74|0x00000000aa800000, 0x00000000aa800000, 0x00000000aa900000|  0%| F|  |TAMS 0x00000000aa800000, 0x00000000aa800000| Untracked 
|  75|0x00000000aa900000, 0x00000000aa900000, 0x00000000aaa00000|  0%| F|  |TAMS 0x00000000aa900000, 0x00000000aa900000| Untracked 
|  76|0x00000000aaa00000, 0x00000000aaa00000, 0x00000000aab00000|  0%| F|  |TAMS 0x00000000aaa00000, 0x00000000aaa00000| Untracked 
|  77|0x00000000aab00000, 0x00000000aab00000, 0x00000000aac00000|  0%| F|  |TAMS 0x00000000aab00000, 0x00000000aab00000| Untracked 
|  78|0x00000000aac00000, 0x00000000aac00000, 0x00000000aad00000|  0%| F|  |TAMS 0x00000000aac00000, 0x00000000aac00000| Untracked 
|  79|0x00000000aad00000, 0x00000000aad00000, 0x00000000aae00000|  0%| F|  |TAMS 0x00000000aad00000, 0x00000000aad00000| Untracked 
|  80|0x00000000aae00000, 0x00000000aae00000, 0x00000000aaf00000|  0%| F|  |TAMS 0x00000000aae00000, 0x00000000aae00000| Untracked 
|  81|0x00000000aaf00000, 0x00000000aaf00000, 0x00000000ab000000|  0%| F|  |TAMS 0x00000000aaf00000, 0x00000000aaf00000| Untracked 
|  82|0x00000000ab000000, 0x00000000ab000000, 0x00000000ab100000|  0%| F|  |TAMS 0x00000000ab000000, 0x00000000ab000000| Untracked 
|  83|0x00000000ab100000, 0x00000000ab100000, 0x00000000ab200000|  0%| F|  |TAMS 0x00000000ab100000, 0x00000000ab100000| Untracked 
|  84|0x00000000ab200000, 0x00000000ab200000, 0x00000000ab300000|  0%| F|  |TAMS 0x00000000ab200000, 0x00000000ab200000| Untracked 
|  85|0x00000000ab300000, 0x00000000ab300000, 0x00000000ab400000|  0%| F|  |TAMS 0x00000000ab300000, 0x00000000ab300000| Untracked 
|  86|0x00000000ab400000, 0x00000000ab400000, 0x00000000ab500000|  0%| F|  |TAMS 0x00000000ab400000, 0x00000000ab400000| Untracked 
|  87|0x00000000ab500000, 0x00000000ab591668, 0x00000000ab600000| 56%| E|  |TAMS 0x00000000ab500000, 0x00000000ab500000| Complete 
|  88|0x00000000ab600000, 0x00000000ab700000, 0x00000000ab700000|100%| E|CS|TAMS 0x00000000ab600000, 0x00000000ab600000| Complete 
|  89|0x00000000ab700000, 0x00000000ab800000, 0x00000000ab800000|100%| E|CS|TAMS 0x00000000ab700000, 0x00000000ab700000| Complete 
|  90|0x00000000ab800000, 0x00000000ab900000, 0x00000000ab900000|100%| E|CS|TAMS 0x00000000ab800000, 0x00000000ab800000| Complete 
|  91|0x00000000ab900000, 0x00000000aba00000, 0x00000000aba00000|100%| E|CS|TAMS 0x00000000ab900000, 0x00000000ab900000| Complete 
|1440|0x00000000ffe00000, 0x00000000ffe47000, 0x00000000fff00000| 27%|OA|  |TAMS 0x00000000ffe00000, 0x00000000ffe00000| Untracked 
|1441|0x00000000fff00000, 0x00000000fff6a000, 0x0000000100000000| 41%|CA|  |TAMS 0x00000000fff00000, 0x00000000fff00000| Untracked 

Card table byte_map: [0x00007fb9f406b000,0x00007fb9f433c000] _byte_map_base: 0x00007fb9f3b3c000

Marking Bits (Prev, Next): (CMBitMap*) 0x00007fba0c04c618, (CMBitMap*) 0x00007fba0c04c650
 Prev Bits: [0x00007fb9ee6a7000, 0x00007fb9efd2f000)
 Next Bits: [0x00007fb9ed01f000, 0x00007fb9ee6a7000)

Polling page: 0x00007fba1425a000

Metaspace:

Usage:
  Non-class:      4,89 MB capacity,     1,86 MB ( 38%) used,     3,03 MB ( 62%) free+waste,     5,00 KB ( <1%) overhead. 
      Class:    463,00 KB capacity,   163,79 KB ( 35%) used,   296,46 KB ( 64%) free+waste,     2,75 KB ( <1%) overhead. 
       Both:      5,35 MB capacity,     2,02 MB ( 38%) used,     3,32 MB ( 62%) free+waste,     7,75 KB ( <1%) overhead. 

Virtual space:
  Non-class space:        8,00 MB reserved,       5,00 MB ( 62%) committed 
      Class space:        1,00 GB reserved,     512,00 KB ( <1%) committed 
             Both:        1,01 GB reserved,       5,50 MB ( <1%) committed 

Chunk freelists:
   Non-Class:  32,00 KB
       Class:  0 bytes
        Both:  32,00 KB

MaxMetaspaceSize: unlimited
CompressedClassSpaceSize: 1,00 GB

CodeHeap 'non-profiled nmethods': size=120032Kb used=102Kb max_used=102Kb free=119929Kb
 bounds [0x00007fb9fc3d8000, 0x00007fb9fc648000, 0x00007fba03910000]
CodeHeap 'profiled nmethods': size=120032Kb used=496Kb max_used=496Kb free=119535Kb
 bounds [0x00007fb9f4ea0000, 0x00007fb9f5110000, 0x00007fb9fc3d8000]
CodeHeap 'non-nmethods': size=5696Kb used=1366Kb max_used=1366Kb free=4329Kb
 bounds [0x00007fb9f4910000, 0x00007fb9f4b80000, 0x00007fb9f4ea0000]
 total_blobs=1286 nmethods=375 adapters=739
 compilation: enabled
              stopped_count=0, restarted_count=0
 full_count=0

Compilation events (20 events):
Event: 0,281 Thread 0x00007fba0c0f9000  361       1       java.lang.reflect.Field::getRoot (5 bytes)
Event: 0,282 Thread 0x00007fba0c0f9000 nmethod 361 0x00007fb9fc3f0090 code [0x00007fb9fc3f0240, 0x00007fb9fc3f0370]
Event: 0,282 Thread 0x00007fba0c0f9000  362       1       java.lang.reflect.Field::getDeclaringClass (5 bytes)
Event: 0,282 Thread 0x00007fba0c0f9000 nmethod 362 0x00007fb9fc3f0810 code [0x00007fb9fc3f09c0, 0x00007fb9fc3f0af0]
Event: 0,282 Thread 0x00007fba0c0f9000  364       3       java.lang.reflect.Field::setFieldAccessor (34 bytes)
Event: 0,282 Thread 0x00007fba0c0f9000 nmethod 364 0x00007fb9f4f19110 code [0x00007fb9f4f19300, 0x00007fb9f4f197a8]
Event: 0,283 Thread 0x00007fba0c0f9000  368       3       java.lang.Integer::valueOf (32 bytes)
Event: 0,283 Thread 0x00007fba0c0f9000 nmethod 368 0x00007fb9f4f19890 code [0x00007fb9f4f19a60, 0x00007fb9f4f19dd0]
Event: 0,283 Thread 0x00007fba0c0f9000  366       3       jdk.internal.misc.Unsafe::ensureClassInitialized (18 bytes)
Event: 0,283 Thread 0x00007fba0c0f9000 nmethod 366 0x00007fb9f4f19f10 code [0x00007fb9f4f1a0e0, 0x00007fb9f4f1a398]
Event: 0,283 Thread 0x00007fba0c0f9000  367   !   3       jdk.internal.reflect.ReflectionFactory::checkInitted (94 bytes)
Event: 0,285 Thread 0x00007fba0c0f9000 nmethod 367 0x00007fb9f4f1a490 code [0x00007fb9f4f1a760, 0x00007fb9f4f1b2d8]
Event: 0,285 Thread 0x00007fba0c0f9000  370       3       jdk.internal.misc.Unsafe::putByte (8 bytes)
Event: 0,285 Thread 0x00007fba0c0f9000 nmethod 370 0x00007fb9f4f1b690 code [0x00007fb9f4f1b840, 0x00007fb9f4f1b9d0]
Event: 0,285 Thread 0x00007fba0c0f9000  372       3       sun.misc.Unsafe::putByte (9 bytes)
Event: 0,285 Thread 0x00007fba0c0f9000 nmethod 372 0x00007fb9f4f1ba90 code [0x00007fb9f4f1bc40, 0x00007fb9f4f1be30]
Event: 0,287 Thread 0x00007fba0c0f9000  373       3       sun.misc.Unsafe::putInt (11 bytes)
Event: 0,287 Thread 0x00007fba0c0f9000 nmethod 373 0x00007fb9f4f1bf10 code [0x00007fb9f4f1c0c0, 0x00007fb9f4f1c230]
Event: 0,288 Thread 0x00007fba0c0f9000  375       1       java.security.CodeSource::getLocation (5 bytes)
Event: 0,288 Thread 0x00007fba0c0f9000 nmethod 375 0x00007fb9fc3f1790 code [0x00007fb9fc3f1940, 0x00007fb9fc3f1a70]

GC Heap History (0 events):
No events

Deoptimization events (4 events):
Event: 0,223 Thread 0x00007fba0c015000 Uncommon trap: trap_request=0xffffff4d fr.pc=0x00007fb9fc3dcb1c relative=0x000000000000007c
Event: 0,223 Thread 0x00007fba0c015000 Uncommon trap: reason=unstable_if action=reinterpret pc=0x00007fb9fc3dcb1c method=java.lang.String.isLatin1()Z @ 10 c2
Event: 0,223 Thread 0x00007fba0c015000 DEOPT PACKING pc=0x00007fb9fc3dcb1c sp=0x00007fba1423b1c0
Event: 0,223 Thread 0x00007fba0c015000 DEOPT UNPACKING pc=0x00007fb9f49389a5 sp=0x00007fba1423b120 mode 2

Classes redefined (0 events):
No events

Internal exceptions (4 events):
Event: 0,160 Thread 0x00007fba0c015000 Exception <a 'java/lang/NoSuchMethodError'{0x00000000ab738b90}: 'void java.lang.invoke.DelegatingMethodHandle$Holder.delegate(java.lang.Object, java.lang.Object, int, java.lang.Object)'> (0x00000000ab738b90) thrown at [/build/openjdk-lts-iuKaMP/openjdk-lt
Event: 0,163 Thread 0x00007fba0c015000 Exception <a 'java/lang/NoSuchMethodError'{0x00000000ab740140}: 'java.lang.Object java.lang.invoke.DirectMethodHandle$Holder.invokeStaticInit(java.lang.Object, java.lang.Object, java.lang.Object)'> (0x00000000ab740140) thrown at [/build/openjdk-lts-iuKaMP
Event: 0,204 Thread 0x00007fba0c015000 Exception <a 'sun/nio/fs/UnixException'{0x00000000ab7c1d80}> (0x00000000ab7c1d80) thrown at [/build/openjdk-lts-iuKaMP/openjdk-lts-11.0.6+10/src/hotspot/share/prims/jni.cpp, line 615]
Event: 0,272 Thread 0x00007fba0c015000 Exception <a 'sun/nio/fs/UnixException'{0x00000000ab5229b8}> (0x00000000ab5229b8) thrown at [/build/openjdk-lts-iuKaMP/openjdk-lts-11.0.6+10/src/hotspot/share/prims/jni.cpp, line 615]

Events (20 events):
Event: 0,265 loading class org/lwjgl/system/StructBuffer
Event: 0,265 loading class org/lwjgl/system/StructBuffer done
Event: 0,272 loading class org/lwjgl/system/APIUtil$1
Event: 0,272 loading class org/lwjgl/system/APIUtil$1 done
Event: 0,273 loading class java/lang/NoSuchFieldError
Event: 0,273 loading class java/lang/NoSuchFieldError done
Event: 0,273 loading class org/lwjgl/system/linux/LinuxLibrary
Event: 0,273 loading class org/lwjgl/system/linux/LinuxLibrary done
Event: 0,273 loading class org/lwjgl/system/SharedLibrary$Default
Event: 0,273 loading class org/lwjgl/system/SharedLibrary$Default done
Event: 0,274 loading class org/lwjgl/system/linux/DynamicLinkLoader
Event: 0,274 loading class org/lwjgl/system/linux/DynamicLinkLoader done
Event: 0,278 loading class jdk/internal/reflect/UnsafeQualifiedStaticIntegerFieldAccessorImpl
Event: 0,278 loading class jdk/internal/reflect/UnsafeQualifiedStaticIntegerFieldAccessorImpl done
Event: 0,283 loading class org/lwjgl/glfw/GLFW$Functions
Event: 0,283 loading class org/lwjgl/glfw/GLFW$Functions done
Event: 0,287 loading class org/lwjgl/system/JNI
Event: 0,287 loading class org/lwjgl/system/JNI done
Event: 0,320 loading class org/lwjgl/glfw/EventLoop$OffScreen
Event: 0,320 loading class org/lwjgl/glfw/EventLoop$OffScreen done


Dynamic libraries:
a5e00000-aba00000 rw-p 00000000 00:00 0 
aba00000-ffe00000 ---p 00000000 00:00 0 
ffe00000-ffe47000 rw-p 01105000 08:03 7081445                            /usr/lib/jvm/java-11-openjdk-amd64/lib/server/classes.jsa
ffe47000-fff00000 rw-p 00000000 00:00 0 
fff00000-fff6a000 rw-p 0109b000 08:03 7081445                            /usr/lib/jvm/java-11-openjdk-amd64/lib/server/classes.jsa
fff6a000-100000000 rw-p 00000000 00:00 0 
800000000-800002000 rwxp 00001000 08:03 7081445                          /usr/lib/jvm/java-11-openjdk-amd64/lib/server/classes.jsa
800002000-8003b8000 rw-p 00003000 08:03 7081445                          /usr/lib/jvm/java-11-openjdk-amd64/lib/server/classes.jsa
8003b8000-800a8d000 r--p 003b9000 08:03 7081445                          /usr/lib/jvm/java-11-openjdk-amd64/lib/server/classes.jsa
800a8d000-800a8e000 rw-p 00a8e000 08:03 7081445                          /usr/lib/jvm/java-11-openjdk-amd64/lib/server/classes.jsa
800a8e000-80109a000 r--p 00a8f000 08:03 7081445                          /usr/lib/jvm/java-11-openjdk-amd64/lib/server/classes.jsa
840000000-840080000 rw-p 00000000 00:00 0 
840080000-880000000 ---p 00000000 00:00 0 
5613c5430000-5613c5431000 r-xp 00000000 08:03 7092002                    /usr/lib/jvm/java-11-openjdk-amd64/bin/java
5613c5631000-5613c5632000 r--p 00001000 08:03 7092002                    /usr/lib/jvm/java-11-openjdk-amd64/bin/java
5613c5632000-5613c5633000 rw-p 00002000 08:03 7092002                    /usr/lib/jvm/java-11-openjdk-amd64/bin/java
5613c60ff000-5613c6120000 rw-p 00000000 00:00 0                          [heap]
7fb9a4000000-7fb9a4021000 rw-p 00000000 00:00 0 
7fb9a4021000-7fb9a8000000 ---p 00000000 00:00 0 
7fb9a91a4000-7fb9aa555000 rw-p 00000000 00:00 0 
7fb9aa555000-7fb9aa556000 ---p 00000000 00:00 0 
7fb9aa556000-7fb9aad56000 rw-p 00000000 00:00 0 
7fb9aad56000-7fb9aad5e000 r-xp 00000000 08:03 7086630                    /usr/lib/x86_64-linux-gnu/libpciaccess.so.0.11.1
7fb9aad5e000-7fb9aaf5d000 ---p 00008000 08:03 7086630                    /usr/lib/x86_64-linux-gnu/libpciaccess.so.0.11.1
7fb9aaf5d000-7fb9aaf5e000 r--p 00007000 08:03 7086630                    /usr/lib/x86_64-linux-gnu/libpciaccess.so.0.11.1
7fb9aaf5e000-7fb9aaf5f000 rw-p 00008000 08:03 7086630                    /usr/lib/x86_64-linux-gnu/libpciaccess.so.0.11.1
7fb9aaf5f000-7fb9aaf66000 r-xp 00000000 08:03 7080076                    /usr/lib/x86_64-linux-gnu/libdrm_nouveau.so.2.0.0
7fb9aaf66000-7fb9ab165000 ---p 00007000 08:03 7080076                    /usr/lib/x86_64-linux-gnu/libdrm_nouveau.so.2.0.0
7fb9ab165000-7fb9ab166000 r--p 00006000 08:03 7080076                    /usr/lib/x86_64-linux-gnu/libdrm_nouveau.so.2.0.0
7fb9ab166000-7fb9ab167000 rw-p 00007000 08:03 7080076                    /usr/lib/x86_64-linux-gnu/libdrm_nouveau.so.2.0.0
7fb9ab167000-7fb9abc51000 r-xp 00000000 08:03 7342211                    /usr/lib/x86_64-linux-gnu/dri/i965_dri.so
7fb9abc51000-7fb9abe51000 ---p 00aea000 08:03 7342211                    /usr/lib/x86_64-linux-gnu/dri/i965_dri.so
7fb9abe51000-7fb9abee6000 r--p 00aea000 08:03 7342211                    /usr/lib/x86_64-linux-gnu/dri/i965_dri.so
7fb9abee6000-7fb9abf2d000 rw-p 00b7f000 08:03 7342211                    /usr/lib/x86_64-linux-gnu/dri/i965_dri.so
7fb9abf2d000-7fb9ac000000 rw-p 00000000 00:00 0 
7fb9ac000000-7fb9ac021000 rw-p 00000000 00:00 0 
7fb9ac021000-7fb9b0000000 ---p 00000000 00:00 0 
7fb9b0051000-7fb9b0192000 rw-s 00000000 08:03 9962764                    /home/artur/.cache/mesa_shader_cache/index
7fb9b0192000-7fb9b019d000 r-xp 00000000 08:03 7080072                    /usr/lib/x86_64-linux-gnu/libdrm_radeon.so.1.0.1
7fb9b019d000-7fb9b039c000 ---p 0000b000 08:03 7080072                    /usr/lib/x86_64-linux-gnu/libdrm_radeon.so.1.0.1
7fb9b039c000-7fb9b039d000 r--p 0000a000 08:03 7080072                    /usr/lib/x86_64-linux-gnu/libdrm_radeon.so.1.0.1
7fb9b039d000-7fb9b039e000 rw-p 0000b000 08:03 7080072                    /usr/lib/x86_64-linux-gnu/libdrm_radeon.so.1.0.1
7fb9b039e000-7fb9b03c0000 r-xp 00000000 08:03 7080871                    /usr/lib/x86_64-linux-gnu/libdrm_intel.so.1.0.0
7fb9b03c0000-7fb9b05bf000 ---p 00022000 08:03 7080871                    /usr/lib/x86_64-linux-gnu/libdrm_intel.so.1.0.0
7fb9b05bf000-7fb9b05c0000 r--p 00021000 08:03 7080871                    /usr/lib/x86_64-linux-gnu/libdrm_intel.so.1.0.0
7fb9b05c0000-7fb9b05c1000 rw-p 00022000 08:03 7080871                    /usr/lib/x86_64-linux-gnu/libdrm_intel.so.1.0.0
7fb9b05c1000-7fb9b05c2000 r-xp 00000000 08:03 7087013                    /usr/lib/x86_64-linux-gnu/libxshmfence.so.1.0.0
7fb9b05c2000-7fb9b07c1000 ---p 00001000 08:03 7087013                    /usr/lib/x86_64-linux-gnu/libxshmfence.so.1.0.0
7fb9b07c1000-7fb9b07c2000 r--p 00000000 08:03 7087013                    /usr/lib/x86_64-linux-gnu/libxshmfence.so.1.0.0
7fb9b07c2000-7fb9b07c3000 rw-p 00001000 08:03 7087013                    /usr/lib/x86_64-linux-gnu/libxshmfence.so.1.0.0
7fb9b07c3000-7fb9b07c8000 r-xp 00000000 08:03 7080057                    /usr/lib/x86_64-linux-gnu/libxcb-sync.so.1.0.0
7fb9b07c8000-7fb9b09c8000 ---p 00005000 08:03 7080057                    /usr/lib/x86_64-linux-gnu/libxcb-sync.so.1.0.0
7fb9b09c8000-7fb9b09c9000 r--p 00005000 08:03 7080057                    /usr/lib/x86_64-linux-gnu/libxcb-sync.so.1.0.0
7fb9b09c9000-7fb9b09ca000 rw-p 00006000 08:03 7080057                    /usr/lib/x86_64-linux-gnu/libxcb-sync.so.1.0.0
7fb9b09ca000-7fb9b09cc000 r-xp 00000000 08:03 7080046                    /usr/lib/x86_64-linux-gnu/libxcb-present.so.0.0.0
7fb9b09cc000-7fb9b0bcb000 ---p 00002000 08:03 7080046                    /usr/lib/x86_64-linux-gnu/libxcb-present.so.0.0.0
7fb9b0bcb000-7fb9b0bcc000 r--p 00001000 08:03 7080046                    /usr/lib/x86_64-linux-gnu/libxcb-present.so.0.0.0
7fb9b0bcc000-7fb9b0bcd000 rw-p 00002000 08:03 7080046                    /usr/lib/x86_64-linux-gnu/libxcb-present.so.0.0.0
7fb9b0bcd000-7fb9b0bd0000 r-xp 00000000 08:03 7080042                    /usr/lib/x86_64-linux-gnu/libxcb-dri3.so.0.0.0
7fb9b0bd0000-7fb9b0dcf000 ---p 00003000 08:03 7080042                    /usr/lib/x86_64-linux-gnu/libxcb-dri3.so.0.0.0
7fb9b0dcf000-7fb9b0dd0000 r--p 00002000 08:03 7080042                    /usr/lib/x86_64-linux-gnu/libxcb-dri3.so.0.0.0
7fb9b0dd0000-7fb9b0dd1000 rw-p 00003000 08:03 7080042                    /usr/lib/x86_64-linux-gnu/libxcb-dri3.so.0.0.0
7fb9b0dd1000-7fb9b0e00000 r-xp 00000000 08:03 2626193                    /lib/x86_64-linux-gnu/libexpat.so.1.6.7
7fb9b0e00000-7fb9b1000000 ---p 0002f000 08:03 2626193                    /lib/x86_64-linux-gnu/libexpat.so.1.6.7
7fb9b1000000-7fb9b1002000 r--p 0002f000 08:03 2626193                    /lib/x86_64-linux-gnu/libexpat.so.1.6.7
7fb9b1002000-7fb9b1003000 rw-p 00031000 08:03 2626193                    /lib/x86_64-linux-gnu/libexpat.so.1.6.7
7fb9b1003000-7fb9b1005000 r-xp 00000000 08:03 7085793                    /usr/lib/x86_64-linux-gnu/libXdamage.so.1.1.0
7fb9b1005000-7fb9b1204000 ---p 00002000 08:03 7085793                    /usr/lib/x86_64-linux-gnu/libXdamage.so.1.1.0
7fb9b1204000-7fb9b1205000 r--p 00001000 08:03 7085793                    /usr/lib/x86_64-linux-gnu/libXdamage.so.1.1.0
7fb9b1205000-7fb9b1206000 rw-p 00002000 08:03 7085793                    /usr/lib/x86_64-linux-gnu/libXdamage.so.1.1.0
7fb9b1206000-7fb9b120a000 r-xp 00000000 08:03 7080039                    /usr/lib/x86_64-linux-gnu/libxcb-dri2.so.0.0.0
7fb9b120a000-7fb9b1409000 ---p 00004000 08:03 7080039                    /usr/lib/x86_64-linux-gnu/libxcb-dri2.so.0.0.0
7fb9b1409000-7fb9b140a000 r--p 00003000 08:03 7080039                    /usr/lib/x86_64-linux-gnu/libxcb-dri2.so.0.0.0
7fb9b140a000-7fb9b140b000 rw-p 00004000 08:03 7080039                    /usr/lib/x86_64-linux-gnu/libxcb-dri2.so.0.0.0
7fb9b140b000-7fb9b1423000 r-xp 00000000 08:03 7080044                    /usr/lib/x86_64-linux-gnu/libxcb-glx.so.0.0.0
7fb9b1423000-7fb9b1623000 ---p 00018000 08:03 7080044                    /usr/lib/x86_64-linux-gnu/libxcb-glx.so.0.0.0
7fb9b1623000-7fb9b1625000 r--p 00018000 08:03 7080044                    /usr/lib/x86_64-linux-gnu/libxcb-glx.so.0.0.0
7fb9b1625000-7fb9b1626000 rw-p 0001a000 08:03 7080044                    /usr/lib/x86_64-linux-gnu/libxcb-glx.so.0.0.0
7fb9b1626000-7fb9b1636000 r-xp 00000000 08:03 7084478                    /usr/lib/x86_64-linux-gnu/libdrm.so.2.4.0
7fb9b1636000-7fb9b1835000 ---p 00010000 08:03 7084478                    /usr/lib/x86_64-linux-gnu/libdrm.so.2.4.0
7fb9b1835000-7fb9b1836000 r--p 0000f000 08:03 7084478                    /usr/lib/x86_64-linux-gnu/libdrm.so.2.4.0
7fb9b1836000-7fb9b1837000 rw-p 00010000 08:03 7084478                    /usr/lib/x86_64-linux-gnu/libdrm.so.2.4.0
7fb9b1837000-7fb9b1866000 r-xp 00000000 08:03 7081000                    /usr/lib/x86_64-linux-gnu/libglapi.so.0.0.0
7fb9b1866000-7fb9b1a66000 ---p 0002f000 08:03 7081000                    /usr/lib/x86_64-linux-gnu/libglapi.so.0.0.0
7fb9b1a66000-7fb9b1a6a000 r--p 0002f000 08:03 7081000                    /usr/lib/x86_64-linux-gnu/libglapi.so.0.0.0
7fb9b1a6a000-7fb9b1a6b000 rw-p 00033000 08:03 7081000                    /usr/lib/x86_64-linux-gnu/libglapi.so.0.0.0
7fb9b1a6b000-7fb9b1a6c000 rw-p 00000000 00:00 0 
7fb9b1a6c000-7fb9b1adf000 r-xp 00000000 08:03 7084898                    /usr/lib/x86_64-linux-gnu/libGLX_mesa.so.0.0.0
7fb9b1adf000-7fb9b1cdf000 ---p 00073000 08:03 7084898                    /usr/lib/x86_64-linux-gnu/libGLX_mesa.so.0.0.0
7fb9b1cdf000-7fb9b1ce2000 r--p 00073000 08:03 7084898                    /usr/lib/x86_64-linux-gnu/libGLX_mesa.so.0.0.0
7fb9b1ce2000-7fb9b1ce3000 rw-p 00076000 08:03 7084898                    /usr/lib/x86_64-linux-gnu/libGLX_mesa.so.0.0.0
7fb9b1ce3000-7fb9b1ce4000 rw-p 00000000 00:00 0 
7fb9b1ce4000-7fb9b1d52000 r-xp 00000000 08:03 7080795                    /usr/lib/x86_64-linux-gnu/libGLdispatch.so.0.0.0
7fb9b1d52000-7fb9b1f51000 ---p 0006e000 08:03 7080795                    /usr/lib/x86_64-linux-gnu/libGLdispatch.so.0.0.0
7fb9b1f51000-7fb9b1f79000 r--p 0006d000 08:03 7080795                    /usr/lib/x86_64-linux-gnu/libGLdispatch.so.0.0.0
7fb9b1f79000-7fb9b1f7a000 rw-p 00095000 08:03 7080795                    /usr/lib/x86_64-linux-gnu/libGLdispatch.so.0.0.0
7fb9b1f7a000-7fb9b1f9a000 rw-p 00000000 00:00 0 
7fb9b1f9a000-7fb9b1faa000 r-xp 00000000 08:03 7080079                    /usr/lib/x86_64-linux-gnu/libGLX.so.0.0.0
7fb9b1faa000-7fb9b21a9000 ---p 00010000 08:03 7080079                    /usr/lib/x86_64-linux-gnu/libGLX.so.0.0.0
7fb9b21a9000-7fb9b21aa000 r--p 0000f000 08:03 7080079                    /usr/lib/x86_64-linux-gnu/libGLX.so.0.0.0
7fb9b21aa000-7fb9b21ab000 rw-p 00010000 08:03 7080079                    /usr/lib/x86_64-linux-gnu/libGLX.so.0.0.0
7fb9b21ab000-7fb9b21cb000 rw-p 00000000 00:00 0 
7fb9b21cb000-7fb9b223c000 r-xp 00000000 08:03 7080017                    /usr/lib/x86_64-linux-gnu/libGL.so.1.0.0
7fb9b223c000-7fb9b243b000 ---p 00071000 08:03 7080017                    /usr/lib/x86_64-linux-gnu/libGL.so.1.0.0
7fb9b243b000-7fb9b2455000 r--p 00070000 08:03 7080017                    /usr/lib/x86_64-linux-gnu/libGL.so.1.0.0
7fb9b2455000-7fb9b2456000 rw-p 0008a000 08:03 7080017                    /usr/lib/x86_64-linux-gnu/libGL.so.1.0.0
7fb9b2456000-7fb9b2457000 rw-p 00000000 00:00 0 
7fb9b2457000-7fb9b2458000 r-xp 00000000 08:03 7080033                    /usr/lib/x86_64-linux-gnu/libX11-xcb.so.1.0.0
7fb9b2458000-7fb9b2657000 ---p 00001000 08:03 7080033                    /usr/lib/x86_64-linux-gnu/libX11-xcb.so.1.0.0
7fb9b2657000-7fb9b2658000 r--p 00000000 08:03 7080033                    /usr/lib/x86_64-linux-gnu/libX11-xcb.so.1.0.0
7fb9b2658000-7fb9b2659000 rw-p 00001000 08:03 7080033                    /usr/lib/x86_64-linux-gnu/libX11-xcb.so.1.0.0
7fb9b2659000-7fb9b265b000 r-xp 00000000 08:03 7085807                    /usr/lib/x86_64-linux-gnu/libXinerama.so.1.0.0
7fb9b265b000-7fb9b285a000 ---p 00002000 08:03 7085807                    /usr/lib/x86_64-linux-gnu/libXinerama.so.1.0.0
7fb9b285a000-7fb9b285b000 r--p 00001000 08:03 7085807                    /usr/lib/x86_64-linux-gnu/libXinerama.so.1.0.0
7fb9b285b000-7fb9b285c000 rw-p 00002000 08:03 7085807                    /usr/lib/x86_64-linux-gnu/libXinerama.so.1.0.0
7fb9b285c000-7fb9b2861000 r-xp 00000000 08:03 7085799                    /usr/lib/x86_64-linux-gnu/libXfixes.so.3.1.0
7fb9b2861000-7fb9b2a60000 ---p 00005000 08:03 7085799                    /usr/lib/x86_64-linux-gnu/libXfixes.so.3.1.0
7fb9b2a60000-7fb9b2a61000 r--p 00004000 08:03 7085799                    /usr/lib/x86_64-linux-gnu/libXfixes.so.3.1.0
7fb9b2a61000-7fb9b2a62000 rw-p 00005000 08:03 7085799                    /usr/lib/x86_64-linux-gnu/libXfixes.so.3.1.0
7fb9b2a62000-7fb9b2a6b000 r-xp 00000000 08:03 7085791                    /usr/lib/x86_64-linux-gnu/libXcursor.so.1.0.2
7fb9b2a6b000-7fb9b2c6a000 ---p 00009000 08:03 7085791                    /usr/lib/x86_64-linux-gnu/libXcursor.so.1.0.2
7fb9b2c6a000-7fb9b2c6b000 r--p 00008000 08:03 7085791                    /usr/lib/x86_64-linux-gnu/libXcursor.so.1.0.2
7fb9b2c6b000-7fb9b2c6c000 rw-p 00009000 08:03 7085791                    /usr/lib/x86_64-linux-gnu/libXcursor.so.1.0.2
7fb9b2c6c000-7fb9b2c75000 r-xp 00000000 08:03 7085817                    /usr/lib/x86_64-linux-gnu/libXrender.so.1.3.0
7fb9b2c75000-7fb9b2e74000 ---p 00009000 08:03 7085817                    /usr/lib/x86_64-linux-gnu/libXrender.so.1.3.0
7fb9b2e74000-7fb9b2e75000 r--p 00008000 08:03 7085817                    /usr/lib/x86_64-linux-gnu/libXrender.so.1.3.0
7fb9b2e75000-7fb9b2e76000 rw-p 00009000 08:03 7085817                    /usr/lib/x86_64-linux-gnu/libXrender.so.1.3.0
7fb9b2e76000-7fb9b2e80000 r-xp 00000000 08:03 7085815                    /usr/lib/x86_64-linux-gnu/libXrandr.so.2.2.0
7fb9b2e80000-7fb9b307f000 ---p 0000a000 08:03 7085815                    /usr/lib/x86_64-linux-gnu/libXrandr.so.2.2.0
7fb9b307f000-7fb9b3080000 r--p 00009000 08:03 7085815                    /usr/lib/x86_64-linux-gnu/libXrandr.so.2.2.0
7fb9b3080000-7fb9b3081000 rw-p 0000a000 08:03 7085815                    /usr/lib/x86_64-linux-gnu/libXrandr.so.2.2.0
7fb9b3081000-7fb9b3090000 r-xp 00000000 08:03 7085805                    /usr/lib/x86_64-linux-gnu/libXi.so.6.1.0
7fb9b3090000-7fb9b328f000 ---p 0000f000 08:03 7085805                    /usr/lib/x86_64-linux-gnu/libXi.so.6.1.0
7fb9b328f000-7fb9b3290000 r--p 0000e000 08:03 7085805                    /usr/lib/x86_64-linux-gnu/libXi.so.6.1.0
7fb9b3290000-7fb9b3291000 rw-p 0000f000 08:03 7085805                    /usr/lib/x86_64-linux-gnu/libXi.so.6.1.0
7fb9b3291000-7fb9b32a2000 r-xp 00000000 08:03 7085797                    /usr/lib/x86_64-linux-gnu/libXext.so.6.4.0
7fb9b32a2000-7fb9b34a1000 ---p 00011000 08:03 7085797                    /usr/lib/x86_64-linux-gnu/libXext.so.6.4.0
7fb9b34a1000-7fb9b34a2000 r--p 00010000 08:03 7085797                    /usr/lib/x86_64-linux-gnu/libXext.so.6.4.0
7fb9b34a2000-7fb9b34a3000 rw-p 00011000 08:03 7085797                    /usr/lib/x86_64-linux-gnu/libXext.so.6.4.0
7fb9b34a3000-7fb9b34a8000 r-xp 00000000 08:03 7085833                    /usr/lib/x86_64-linux-gnu/libXxf86vm.so.1.0.0
7fb9b34a8000-7fb9b36a7000 ---p 00005000 08:03 7085833                    /usr/lib/x86_64-linux-gnu/libXxf86vm.so.1.0.0
7fb9b36a7000-7fb9b36a8000 r--p 00004000 08:03 7085833                    /usr/lib/x86_64-linux-gnu/libXxf86vm.so.1.0.0
7fb9b36a8000-7fb9b36a9000 rw-p 00005000 08:03 7085833                    /usr/lib/x86_64-linux-gnu/libXxf86vm.so.1.0.0
7fb9b36a9000-7fb9b36bc000 r-xp 00000000 08:03 2622493                    /lib/x86_64-linux-gnu/libbsd.so.0.8.7
7fb9b36bc000-7fb9b38bb000 ---p 00013000 08:03 2622493                    /lib/x86_64-linux-gnu/libbsd.so.0.8.7
7fb9b38bb000-7fb9b38bc000 r--p 00012000 08:03 2622493                    /lib/x86_64-linux-gnu/libbsd.so.0.8.7
7fb9b38bc000-7fb9b38bd000 rw-p 00013000 08:03 2622493                    /lib/x86_64-linux-gnu/libbsd.so.0.8.7
7fb9b38bd000-7fb9b38be000 rw-p 00000000 00:00 0 
7fb9b38be000-7fb9b38c3000 r-xp 00000000 08:03 7085795                    /usr/lib/x86_64-linux-gnu/libXdmcp.so.6.0.0
7fb9b38c3000-7fb9b3ac2000 ---p 00005000 08:03 7085795                    /usr/lib/x86_64-linux-gnu/libXdmcp.so.6.0.0
7fb9b3ac2000-7fb9b3ac3000 r--p 00004000 08:03 7085795                    /usr/lib/x86_64-linux-gnu/libXdmcp.so.6.0.0
7fb9b3ac3000-7fb9b3ac4000 rw-p 00005000 08:03 7085795                    /usr/lib/x86_64-linux-gnu/libXdmcp.so.6.0.0
7fb9b3ac4000-7fb9b3ac6000 r-xp 00000000 08:03 7085784                    /usr/lib/x86_64-linux-gnu/libXau.so.6.0.0
7fb9b3ac6000-7fb9b3cc6000 ---p 00002000 08:03 7085784                    /usr/lib/x86_64-linux-gnu/libXau.so.6.0.0
7fb9b3cc6000-7fb9b3cc7000 r--p 00002000 08:03 7085784                    /usr/lib/x86_64-linux-gnu/libXau.so.6.0.0
7fb9b3cc7000-7fb9b3cc8000 rw-p 00003000 08:03 7085784                    /usr/lib/x86_64-linux-gnu/libXau.so.6.0.0
7fb9b3cc8000-7fb9b3dfb000 r-xp 00000000 08:03 7078250                    /usr/lib/x86_64-linux-gnu/libX11.so.6.3.0
7fb9b3dfb000-7fb9b3ffb000 ---p 00133000 08:03 7078250                    /usr/lib/x86_64-linux-gnu/libX11.so.6.3.0
7fb9b3ffb000-7fb9b3ffc000 r--p 00133000 08:03 7078250                    /usr/lib/x86_64-linux-gnu/libX11.so.6.3.0
7fb9b3ffc000-7fb9b4000000 rw-p 00134000 08:03 7078250                    /usr/lib/x86_64-linux-gnu/libX11.so.6.3.0
7fb9b4000000-7fb9b4021000 rw-p 00000000 00:00 0 
7fb9b4021000-7fb9b8000000 ---p 00000000 00:00 0 
7fb9b8000000-7fb9b8021000 rw-p 00000000 00:00 0 
7fb9b8021000-7fb9bc000000 ---p 00000000 00:00 0 
7fb9bc000000-7fb9bc060000 rw-p 00000000 00:00 0 
7fb9bc060000-7fb9c0000000 ---p 00000000 00:00 0 
7fb9c0000000-7fb9c0021000 rw-p 00000000 00:00 0 
7fb9c0021000-7fb9c4000000 ---p 00000000 00:00 0 
7fb9c4000000-7fb9c4021000 rw-p 00000000 00:00 0 
7fb9c4021000-7fb9c8000000 ---p 00000000 00:00 0 
7fb9c8000000-7fb9c810a000 rw-p 00000000 00:00 0 
7fb9c810a000-7fb9cc000000 ---p 00000000 00:00 0 
7fb9cc000000-7fb9cc021000 rw-p 00000000 00:00 0 
7fb9cc021000-7fb9d0000000 ---p 00000000 00:00 0 
7fb9d0000000-7fb9d0021000 rw-p 00000000 00:00 0 
7fb9d0021000-7fb9d4000000 ---p 00000000 00:00 0 
7fb9d4000000-7fb9d4021000 rw-p 00000000 00:00 0 
7fb9d4021000-7fb9d8000000 ---p 00000000 00:00 0 
7fb9d8000000-7fb9d8021000 rw-p 00000000 00:00 0 
7fb9d8021000-7fb9dc000000 ---p 00000000 00:00 0 
7fb9dc000000-7fb9dc021000 rw-p 00000000 00:00 0 
7fb9dc021000-7fb9e0000000 ---p 00000000 00:00 0 
7fb9e0000000-7fb9e0021000 rw-p 00000000 00:00 0 
7fb9e0021000-7fb9e4000000 ---p 00000000 00:00 0 
7fb9e409c000-7fb9e40c2000 r-xp 00000000 08:03 7078152                    /usr/lib/x86_64-linux-gnu/libxcb.so.1.1.0
7fb9e40c2000-7fb9e42c2000 ---p 00026000 08:03 7078152                    /usr/lib/x86_64-linux-gnu/libxcb.so.1.1.0
7fb9e42c2000-7fb9e42c3000 r--p 00026000 08:03 7078152                    /usr/lib/x86_64-linux-gnu/libxcb.so.1.1.0
7fb9e42c3000-7fb9e42c4000 rw-p 00027000 08:03 7078152                    /usr/lib/x86_64-linux-gnu/libxcb.so.1.1.0
7fb9e42c4000-7fb9e4307000 r-xp 00000000 08:03 7082363                    /tmp/lwjglartur/3.2.3-build-13/libglfw.so
7fb9e4307000-7fb9e4506000 ---p 00043000 08:03 7082363                    /tmp/lwjglartur/3.2.3-build-13/libglfw.so
7fb9e4506000-7fb9e4507000 r--p 00042000 08:03 7082363                    /tmp/lwjglartur/3.2.3-build-13/libglfw.so
7fb9e4507000-7fb9e4509000 rw-p 00043000 08:03 7082363                    /tmp/lwjglartur/3.2.3-build-13/libglfw.so
7fb9e4509000-7fb9e452a000 rw-p 00000000 00:00 0 
7fb9e452a000-7fb9e457b000 r-xp 00000000 08:03 7082349                    /tmp/lwjglartur/3.2.3-build-13/liblwjgl.so
7fb9e457b000-7fb9e477a000 ---p 00051000 08:03 7082349                    /tmp/lwjglartur/3.2.3-build-13/liblwjgl.so
7fb9e477a000-7fb9e477b000 r--p 00050000 08:03 7082349                    /tmp/lwjglartur/3.2.3-build-13/liblwjgl.so
7fb9e477b000-7fb9e477c000 rw-p 00051000 08:03 7082349                    /tmp/lwjglartur/3.2.3-build-13/liblwjgl.so
7fb9e477c000-7fb9e4792000 r-xp 00000000 08:03 7098217                    /usr/lib/jvm/java-11-openjdk-amd64/lib/libnet.so
7fb9e4792000-7fb9e4991000 ---p 00016000 08:03 7098217                    /usr/lib/jvm/java-11-openjdk-amd64/lib/libnet.so
7fb9e4991000-7fb9e4992000 r--p 00015000 08:03 7098217                    /usr/lib/jvm/java-11-openjdk-amd64/lib/libnet.so
7fb9e4992000-7fb9e4993000 rw-p 00016000 08:03 7098217                    /usr/lib/jvm/java-11-openjdk-amd64/lib/libnet.so
7fb9e4993000-7fb9e49a3000 r-xp 00000000 08:03 7098218                    /usr/lib/jvm/java-11-openjdk-amd64/lib/libnio.so
7fb9e49a3000-7fb9e4ba2000 ---p 00010000 08:03 7098218                    /usr/lib/jvm/java-11-openjdk-amd64/lib/libnio.so
7fb9e4ba2000-7fb9e4ba3000 r--p 0000f000 08:03 7098218                    /usr/lib/jvm/java-11-openjdk-amd64/lib/libnio.so
7fb9e4ba3000-7fb9e4ba4000 rw-p 00010000 08:03 7098218                    /usr/lib/jvm/java-11-openjdk-amd64/lib/libnio.so
7fb9e4ba4000-7fb9e4ba8000 ---p 00000000 00:00 0 
7fb9e4ba8000-7fb9e4ca5000 rw-p 00000000 00:00 0 
7fb9e4ca5000-7fb9e4ca6000 ---p 00000000 00:00 0 
7fb9e4ca6000-7fb9e4da7000 rw-p 00000000 00:00 0 
7fb9e4da7000-7fb9e4dab000 ---p 00000000 00:00 0 
7fb9e4dab000-7fb9e4ea8000 rw-p 00000000 00:00 0 
7fb9e4ea8000-7fb9e4eac000 ---p 00000000 00:00 0 
7fb9e4eac000-7fb9e4fa9000 rw-p 00000000 00:00 0 
7fb9e4fa9000-7fb9e4fad000 ---p 00000000 00:00 0 
7fb9e4fad000-7fb9e50aa000 rw-p 00000000 00:00 0 
7fb9e50aa000-7fb9e50ae000 ---p 00000000 00:00 0 
7fb9e50ae000-7fb9e51ab000 rw-p 00000000 00:00 0 
7fb9e51ab000-7fb9e51af000 ---p 00000000 00:00 0 
7fb9e51af000-7fb9e52ac000 rw-p 00000000 00:00 0 
7fb9e52ac000-7fb9e5c7b000 r--p 00000000 08:03 7084688                    /usr/lib/locale/locale-archive
7fb9e5c7b000-7fb9e5c7f000 ---p 00000000 00:00 0 
7fb9e5c7f000-7fb9e5d7c000 rw-p 00000000 00:00 0 
7fb9e5d7c000-7fb9e5d80000 ---p 00000000 00:00 0 
7fb9e5d80000-7fb9e5e7d000 rw-p 00000000 00:00 0 
7fb9e5e7d000-7fb9e5e7e000 ---p 00000000 00:00 0 
7fb9e5e7e000-7fb9e8000000 rw-p 00000000 00:00 0 
7fb9e8000000-7fb9e8021000 rw-p 00000000 00:00 0 
7fb9e8021000-7fb9ec000000 ---p 00000000 00:00 0 
7fb9ec013000-7fb9ec513000 rw-p 00000000 00:00 0 
7fb9ec513000-7fb9ec813000 ---p 00000000 00:00 0 
7fb9ec813000-7fb9ec814000 ---p 00000000 00:00 0 
7fb9ec814000-7fb9ec915000 rw-p 00000000 00:00 0 
7fb9ec915000-7fb9ec916000 ---p 00000000 00:00 0 
7fb9ec916000-7fb9ece1b000 rw-p 00000000 00:00 0 
7fb9ece1b000-7fb9ece1c000 ---p 00000000 00:00 0 
7fb9ece1c000-7fb9ecf1d000 rw-p 00000000 00:00 0 
7fb9ecf1d000-7fb9ecf1e000 ---p 00000000 00:00 0 
7fb9ecf1e000-7fb9ed18f000 rw-p 00000000 00:00 0 
7fb9ed18f000-7fb9ee69f000 ---p 00000000 00:00 0 
7fb9ee69f000-7fb9ee817000 rw-p 00000000 00:00 0 
7fb9ee817000-7fb9efd27000 ---p 00000000 00:00 0 
7fb9efd27000-7fb9efd5d000 rw-p 00000000 00:00 0 
7fb9efd5d000-7fb9effff000 ---p 00000000 00:00 0 
7fb9effff000-7fb9f0000000 rw-p 00000000 00:00 0 
7fb9f0000000-7fb9f0021000 rw-p 00000000 00:00 0 
7fb9f0021000-7fb9f4000000 ---p 00000000 00:00 0 
7fb9f4010000-7fb9f4099000 rw-p 00000000 00:00 0 
7fb9f4099000-7fb9f433b000 ---p 00000000 00:00 0 
7fb9f433b000-7fb9f436a000 rw-p 00000000 00:00 0 
7fb9f436a000-7fb9f460c000 ---p 00000000 00:00 0 
7fb9f460c000-7fb9f4910000 rw-p 00000000 00:00 0 
7fb9f4910000-7fb9f4b80000 rwxp 00000000 00:00 0 
7fb9f4b80000-7fb9f4ea0000 ---p 00000000 00:00 0 
7fb9f4ea0000-7fb9f5110000 rwxp 00000000 00:00 0 
7fb9f5110000-7fb9fc3d8000 ---p 00000000 00:00 0 
7fb9fc3d8000-7fb9fc648000 rwxp 00000000 00:00 0 
7fb9fc648000-7fba03910000 ---p 00000000 00:00 0 
7fba03910000-7fba0c000000 r--s 00000000 08:03 7098227                    /usr/lib/jvm/java-11-openjdk-amd64/lib/modules
7fba0c000000-7fba0c612000 rw-p 00000000 00:00 0 
7fba0c612000-7fba10000000 ---p 00000000 00:00 0 
7fba10026000-7fba10127000 rw-p 00000000 00:00 0 
7fba10127000-7fba10128000 ---p 00000000 00:00 0 
7fba10128000-7fba1022e000 rw-p 00000000 00:00 0 
7fba1022e000-7fba10314000 ---p 00000000 00:00 0 
7fba10314000-7fba10319000 rw-p 00000000 00:00 0 
7fba10319000-7fba103ff000 ---p 00000000 00:00 0 
7fba103ff000-7fba10404000 r-xp 00000000 08:03 7098209                    /usr/lib/jvm/java-11-openjdk-amd64/lib/libjimage.so
7fba10404000-7fba10603000 ---p 00005000 08:03 7098209                    /usr/lib/jvm/java-11-openjdk-amd64/lib/libjimage.so
7fba10603000-7fba10604000 r--p 00004000 08:03 7098209                    /usr/lib/jvm/java-11-openjdk-amd64/lib/libjimage.so
7fba10604000-7fba10605000 rw-p 00005000 08:03 7098209                    /usr/lib/jvm/java-11-openjdk-amd64/lib/libjimage.so
7fba10605000-7fba1060c000 r-xp 00000000 08:03 7098226                    /usr/lib/jvm/java-11-openjdk-amd64/lib/libzip.so
7fba1060c000-7fba1080b000 ---p 00007000 08:03 7098226                    /usr/lib/jvm/java-11-openjdk-amd64/lib/libzip.so
7fba1080b000-7fba1080c000 r--p 00006000 08:03 7098226                    /usr/lib/jvm/java-11-openjdk-amd64/lib/libzip.so
7fba1080c000-7fba1080d000 rw-p 00007000 08:03 7098226                    /usr/lib/jvm/java-11-openjdk-amd64/lib/libzip.so
7fba1080d000-7fba10818000 r-xp 00000000 08:03 2626366                    /lib/x86_64-linux-gnu/libnss_files-2.27.so
7fba10818000-7fba10a17000 ---p 0000b000 08:03 2626366                    /lib/x86_64-linux-gnu/libnss_files-2.27.so
7fba10a17000-7fba10a18000 r--p 0000a000 08:03 2626366                    /lib/x86_64-linux-gnu/libnss_files-2.27.so
7fba10a18000-7fba10a19000 rw-p 0000b000 08:03 2626366                    /lib/x86_64-linux-gnu/libnss_files-2.27.so
7fba10a19000-7fba10a1f000 rw-p 00000000 00:00 0 
7fba10a1f000-7fba10a36000 r-xp 00000000 08:03 2626360                    /lib/x86_64-linux-gnu/libnsl-2.27.so
7fba10a36000-7fba10c35000 ---p 00017000 08:03 2626360                    /lib/x86_64-linux-gnu/libnsl-2.27.so
7fba10c35000-7fba10c36000 r--p 00016000 08:03 2626360                    /lib/x86_64-linux-gnu/libnsl-2.27.so
7fba10c36000-7fba10c37000 rw-p 00017000 08:03 2626360                    /lib/x86_64-linux-gnu/libnsl-2.27.so
7fba10c37000-7fba10c39000 rw-p 00000000 00:00 0 
7fba10c39000-7fba10c44000 r-xp 00000000 08:03 2626377                    /lib/x86_64-linux-gnu/libnss_nis-2.27.so
7fba10c44000-7fba10e43000 ---p 0000b000 08:03 2626377                    /lib/x86_64-linux-gnu/libnss_nis-2.27.so
7fba10e43000-7fba10e44000 r--p 0000a000 08:03 2626377                    /lib/x86_64-linux-gnu/libnss_nis-2.27.so
7fba10e44000-7fba10e45000 rw-p 0000b000 08:03 2626377                    /lib/x86_64-linux-gnu/libnss_nis-2.27.so
7fba10e45000-7fba10e4d000 r-xp 00000000 08:03 2626362                    /lib/x86_64-linux-gnu/libnss_compat-2.27.so
7fba10e4d000-7fba1104d000 ---p 00008000 08:03 2626362                    /lib/x86_64-linux-gnu/libnss_compat-2.27.so
7fba1104d000-7fba1104e000 r--p 00008000 08:03 2626362                    /lib/x86_64-linux-gnu/libnss_compat-2.27.so
7fba1104e000-7fba1104f000 rw-p 00009000 08:03 2626362                    /lib/x86_64-linux-gnu/libnss_compat-2.27.so
7fba1104f000-7fba11078000 r-xp 00000000 08:03 7098205                    /usr/lib/jvm/java-11-openjdk-amd64/lib/libjava.so
7fba11078000-7fba11277000 ---p 00029000 08:03 7098205                    /usr/lib/jvm/java-11-openjdk-amd64/lib/libjava.so
7fba11277000-7fba11278000 r--p 00028000 08:03 7098205                    /usr/lib/jvm/java-11-openjdk-amd64/lib/libjava.so
7fba11278000-7fba1127a000 rw-p 00029000 08:03 7098205                    /usr/lib/jvm/java-11-openjdk-amd64/lib/libjava.so
7fba1127a000-7fba11287000 r-xp 00000000 08:03 7098225                    /usr/lib/jvm/java-11-openjdk-amd64/lib/libverify.so
7fba11287000-7fba11486000 ---p 0000d000 08:03 7098225                    /usr/lib/jvm/java-11-openjdk-amd64/lib/libverify.so
7fba11486000-7fba11488000 r--p 0000c000 08:03 7098225                    /usr/lib/jvm/java-11-openjdk-amd64/lib/libverify.so
7fba11488000-7fba11489000 rw-p 0000e000 08:03 7098225                    /usr/lib/jvm/java-11-openjdk-amd64/lib/libverify.so
7fba11489000-7fba11490000 r-xp 00000000 08:03 2626417                    /lib/x86_64-linux-gnu/librt-2.27.so
7fba11490000-7fba1168f000 ---p 00007000 08:03 2626417                    /lib/x86_64-linux-gnu/librt-2.27.so
7fba1168f000-7fba11690000 r--p 00006000 08:03 2626417                    /lib/x86_64-linux-gnu/librt-2.27.so
7fba11690000-7fba11691000 rw-p 00007000 08:03 2626417                    /lib/x86_64-linux-gnu/librt-2.27.so
7fba11691000-7fba116a8000 r-xp 00000000 08:03 2626273                    /lib/x86_64-linux-gnu/libgcc_s.so.1
7fba116a8000-7fba118a7000 ---p 00017000 08:03 2626273                    /lib/x86_64-linux-gnu/libgcc_s.so.1
7fba118a7000-7fba118a8000 r--p 00016000 08:03 2626273                    /lib/x86_64-linux-gnu/libgcc_s.so.1
7fba118a8000-7fba118a9000 rw-p 00017000 08:03 2626273                    /lib/x86_64-linux-gnu/libgcc_s.so.1
7fba118a9000-7fba11a46000 r-xp 00000000 08:03 2626339                    /lib/x86_64-linux-gnu/libm-2.27.so
7fba11a46000-7fba11c45000 ---p 0019d000 08:03 2626339                    /lib/x86_64-linux-gnu/libm-2.27.so
7fba11c45000-7fba11c46000 r--p 0019c000 08:03 2626339                    /lib/x86_64-linux-gnu/libm-2.27.so
7fba11c46000-7fba11c47000 rw-p 0019d000 08:03 2626339                    /lib/x86_64-linux-gnu/libm-2.27.so
7fba11c47000-7fba11dc0000 r-xp 00000000 08:03 7085948                    /usr/lib/x86_64-linux-gnu/libstdc++.so.6.0.25
7fba11dc0000-7fba11fc0000 ---p 00179000 08:03 7085948                    /usr/lib/x86_64-linux-gnu/libstdc++.so.6.0.25
7fba11fc0000-7fba11fca000 r--p 00179000 08:03 7085948                    /usr/lib/x86_64-linux-gnu/libstdc++.so.6.0.25
7fba11fca000-7fba11fcc000 rw-p 00183000 08:03 7085948                    /usr/lib/x86_64-linux-gnu/libstdc++.so.6.0.25
7fba11fcc000-7fba11fd0000 rw-p 00000000 00:00 0 
7fba11fd0000-7fba130a9000 r-xp 00000000 08:03 7098230                    /usr/lib/jvm/java-11-openjdk-amd64/lib/server/libjvm.so
7fba130a9000-7fba132a8000 ---p 010d9000 08:03 7098230                    /usr/lib/jvm/java-11-openjdk-amd64/lib/server/libjvm.so
7fba132a8000-7fba13365000 r--p 010d8000 08:03 7098230                    /usr/lib/jvm/java-11-openjdk-amd64/lib/server/libjvm.so
7fba13365000-7fba1339f000 rw-p 01195000 08:03 7098230                    /usr/lib/jvm/java-11-openjdk-amd64/lib/server/libjvm.so
7fba1339f000-7fba133f5000 rw-p 00000000 00:00 0 
7fba133f5000-7fba1340f000 r-xp 00000000 08:03 2626409                    /lib/x86_64-linux-gnu/libpthread-2.27.so
7fba1340f000-7fba1360e000 ---p 0001a000 08:03 2626409                    /lib/x86_64-linux-gnu/libpthread-2.27.so
7fba1360e000-7fba1360f000 r--p 00019000 08:03 2626409                    /lib/x86_64-linux-gnu/libpthread-2.27.so
7fba1360f000-7fba13610000 rw-p 0001a000 08:03 2626409                    /lib/x86_64-linux-gnu/libpthread-2.27.so
7fba13610000-7fba13614000 rw-p 00000000 00:00 0 
7fba13614000-7fba13617000 r-xp 00000000 08:03 2626299                    /lib/x86_64-linux-gnu/libdl-2.27.so
7fba13617000-7fba13816000 ---p 00003000 08:03 2626299                    /lib/x86_64-linux-gnu/libdl-2.27.so
7fba13816000-7fba13817000 r--p 00002000 08:03 2626299                    /lib/x86_64-linux-gnu/libdl-2.27.so
7fba13817000-7fba13818000 rw-p 00003000 08:03 2626299                    /lib/x86_64-linux-gnu/libdl-2.27.so
7fba13818000-7fba13834000 r-xp 00000000 08:03 2626448                    /lib/x86_64-linux-gnu/libz.so.1.2.11
7fba13834000-7fba13a33000 ---p 0001c000 08:03 2626448                    /lib/x86_64-linux-gnu/libz.so.1.2.11
7fba13a33000-7fba13a34000 r--p 0001b000 08:03 2626448                    /lib/x86_64-linux-gnu/libz.so.1.2.11
7fba13a34000-7fba13a35000 rw-p 0001c000 08:03 2626448                    /lib/x86_64-linux-gnu/libz.so.1.2.11
7fba13a35000-7fba13c1c000 r-xp 00000000 08:03 2626276                    /lib/x86_64-linux-gnu/libc-2.27.so
7fba13c1c000-7fba13e1c000 ---p 001e7000 08:03 2626276                    /lib/x86_64-linux-gnu/libc-2.27.so
7fba13e1c000-7fba13e20000 r--p 001e7000 08:03 2626276                    /lib/x86_64-linux-gnu/libc-2.27.so
7fba13e20000-7fba13e22000 rw-p 001eb000 08:03 2626276                    /lib/x86_64-linux-gnu/libc-2.27.so
7fba13e22000-7fba13e26000 rw-p 00000000 00:00 0 
7fba13e26000-7fba13e36000 r-xp 00000000 08:03 7098189                    /usr/lib/jvm/java-11-openjdk-amd64/lib/jli/libjli.so
7fba13e36000-7fba14035000 ---p 00010000 08:03 7098189                    /usr/lib/jvm/java-11-openjdk-amd64/lib/jli/libjli.so
7fba14035000-7fba14036000 r--p 0000f000 08:03 7098189                    /usr/lib/jvm/java-11-openjdk-amd64/lib/jli/libjli.so
7fba14036000-7fba14037000 rw-p 00010000 08:03 7098189                    /usr/lib/jvm/java-11-openjdk-amd64/lib/jli/libjli.so
7fba14037000-7fba1405e000 r-xp 00000000 08:03 2626248                    /lib/x86_64-linux-gnu/ld-2.27.so
7fba1405f000-7fba14063000 rw-s 00000000 00:2d 835                        /i915 (deleted)
7fba14063000-7fba14067000 rw-s 00000000 00:2d 829                        /i915 (deleted)
7fba14067000-7fba1406c000 rw-s 00000000 00:2d 776                        /i915 (deleted)
7fba1406c000-7fba14073000 r--s 00000000 08:03 7344616                    /usr/lib/x86_64-linux-gnu/gconv/gconv-modules.cache
7fba14073000-7fba1413e000 rw-p 00000000 00:00 0 
7fba1413e000-7fba14142000 ---p 00000000 00:00 0 
7fba14142000-7fba14241000 rw-p 00000000 00:00 0 
7fba14243000-7fba14244000 r-xp 00000000 00:00 0 
7fba14244000-7fba14249000 rw-p 00000000 00:00 0 
7fba14249000-7fba14250000 ---p 00000000 00:00 0 
7fba14250000-7fba14252000 r--s 00007000 08:03 7605536                    /usr/share/java/java-atk-wrapper.jar
7fba14252000-7fba1425a000 rw-s 00000000 08:03 7081308                    /tmp/hsperfdata_artur/15107
7fba1425a000-7fba1425b000 ---p 00000000 00:00 0 
7fba1425b000-7fba1425c000 r--p 00000000 00:00 0 
7fba1425c000-7fba1425e000 rw-p 00000000 00:00 0 
7fba1425e000-7fba1425f000 r--p 00027000 08:03 2626248                    /lib/x86_64-linux-gnu/ld-2.27.so
7fba1425f000-7fba14260000 rw-p 00028000 08:03 2626248                    /lib/x86_64-linux-gnu/ld-2.27.so
7fba14260000-7fba14261000 rw-p 00000000 00:00 0 
7ffe59355000-7ffe59376000 rw-p 00000000 00:00 0                          [stack]
7ffe59392000-7ffe59395000 r--p 00000000 00:00 0                          [vvar]
7ffe59395000-7ffe59396000 r-xp 00000000 00:00 0                          [vdso]
ffffffffff600000-ffffffffff601000 --xp 00000000 00:00 0                  [vsyscall]


VM Arguments:
jvm_args: -Dfile.encoding=UTF-8 
java_command: com.firstJogo.main.Main
java_class_path (initial): /home/artur/eclipse-workspaces/Jogo/firstJogo/bin:/home/artur/Downloads/lwjgl/lwjgl.jar:/home/artur/Downloads/lwjgl/lwjgl-assimp.jar:/home/artur/Downloads/lwjgl/lwjgl-assimp-javadoc.jar:/home/artur/Downloads/lwjgl/lwjgl-assimp-natives-linux.jar:/home/artur/Downloads/lwjgl/lwjgl-assimp-sources.jar:/home/artur/Downloads/lwjgl/lwjgl-glfw.jar:/home/artur/Downloads/lwjgl/lwjgl-glfw-javadoc.jar:/home/artur/Downloads/lwjgl/lwjgl-glfw-natives-linux.jar:/home/artur/Downloads/lwjgl/lwjgl-glfw-sources.jar:/home/artur/Downloads/lwjgl/lwjgl-natives-linux.jar:/home/artur/Downloads/lwjgl/lwjgl-openal.jar:/home/artur/Downloads/lwjgl/lwjgl-openal-javadoc.jar:/home/artur/Downloads/lwjgl/lwjgl-openal-natives-linux.jar:/home/artur/Downloads/lwjgl/lwjgl-openal-sources.jar:/home/artur/Downloads/lwjgl/lwjgl-opengl.jar:/home/artur/Downloads/lwjgl/lwjgl-opengl-javadoc.jar:/home/artur/Downloads/lwjgl/lwjgl-opengl-natives-linux.jar:/home/artur/Downloads/lwjgl/lwjgl-opengl-sources.jar:/home/artur/Downloads/lwjgl/lwjgl-stb.jar:/home/artur/Downloads/lwjgl/lwjgl-stb-javadoc.jar:/home/artur/Downloads/lwjgl/lwjgl-stb-natives-linux.jar:/home/artur/Downloads/lwjgl/lwjgl-stb-sources.jar
Launcher Type: SUN_STANDARD

[Global flags]
     intx CICompilerCount                          = 3                                         {product} {ergonomic}
     uint ConcGCThreads                            = 1                                         {product} {ergonomic}
     uint G1ConcRefinementThreads                  = 4                                         {product} {ergonomic}
   size_t G1HeapRegionSize                         = 1048576                                   {product} {ergonomic}
    uintx GCDrainStackTargetSize                   = 64                                        {product} {ergonomic}
   size_t InitialHeapSize                          = 96468992                                  {product} {ergonomic}
   size_t MarkStackSize                            = 4194304                                   {product} {ergonomic}
   size_t MaxHeapSize                              = 1512046592                                {product} {ergonomic}
   size_t MaxNewSize                               = 907018240                                 {product} {ergonomic}
   size_t MinHeapDeltaBytes                        = 1048576                                   {product} {ergonomic}
    uintx NonNMethodCodeHeapSize                   = 5830732                                {pd product} {ergonomic}
    uintx NonProfiledCodeHeapSize                  = 122913754                              {pd product} {ergonomic}
    uintx ProfiledCodeHeapSize                     = 122913754                              {pd product} {ergonomic}
    uintx ReservedCodeCacheSize                    = 251658240                              {pd product} {ergonomic}
     bool SegmentedCodeCache                       = true                                      {product} {ergonomic}
     bool UseCompressedClassPointers               = true                                 {lp64_product} {ergonomic}
     bool UseCompressedOops                        = true                                 {lp64_product} {ergonomic}
     bool UseG1GC                                  = true                                      {product} {ergonomic}

Logging:
Log output configuration:
 #0: stdout all=warning uptime,level,tags
 #1: stderr all=off uptime,level,tags

Environment Variables:
PATH=/home/artur/.local/bin:/usr/local/sbin:/usr/local/bin:/usr/sbin:/usr/bin:/sbin:/bin:/usr/games:/usr/local/games:/snap/bin
USERNAME=artur
SHELL=/bin/bash
DISPLAY=:0

Signal Handlers:
SIGSEGV: [libjvm.so+0xdf1470], sa_mask[0]=11111111011111111101111111111110, sa_flags=SA_RESTART|SA_SIGINFO
SIGBUS: [libjvm.so+0xdf1470], sa_mask[0]=11111111011111111101111111111110, sa_flags=SA_RESTART|SA_SIGINFO
SIGFPE: [libjvm.so+0xdf1470], sa_mask[0]=11111111011111111101111111111110, sa_flags=SA_RESTART|SA_SIGINFO
SIGPIPE: [libjvm.so+0xbc5560], sa_mask[0]=11111111011111111101111111111110, sa_flags=SA_RESTART|SA_SIGINFO
SIGXFSZ: [libjvm.so+0xbc5560], sa_mask[0]=11111111011111111101111111111110, sa_flags=SA_RESTART|SA_SIGINFO
SIGILL: [libjvm.so+0xdf1470], sa_mask[0]=11111111011111111101111111111110, sa_flags=SA_RESTART|SA_SIGINFO
SIGUSR2: [libjvm.so+0xbc5400], sa_mask[0]=00100000000000000000000000000000, sa_flags=SA_RESTART|SA_SIGINFO
SIGHUP: [libjvm.so+0xbc5760], sa_mask[0]=11111111011111111101111111111110, sa_flags=SA_RESTART|SA_SIGINFO
SIGINT: [libjvm.so+0xbc5760], sa_mask[0]=11111111011111111101111111111110, sa_flags=SA_RESTART|SA_SIGINFO
SIGTERM: [libjvm.so+0xbc5760], sa_mask[0]=11111111011111111101111111111110, sa_flags=SA_RESTART|SA_SIGINFO
SIGQUIT: [libjvm.so+0xbc5760], sa_mask[0]=11111111011111111101111111111110, sa_flags=SA_RESTART|SA_SIGINFO


---------------  S Y S T E M  ---------------

OS:DISTRIB_ID=Ubuntu
DISTRIB_RELEASE=18.04
DISTRIB_CODENAME=bionic
DISTRIB_DESCRIPTION="Ubuntu 18.04.4 LTS"
uname:Linux 5.3.0-28-generic #30~18.04.1-Ubuntu SMP Fri Jan 17 06:14:09 UTC 2020 x86_64
libc:glibc 2.27 NPTL 2.27 
rlimit: STACK 8192k, CORE 0k, NPROC 22869, NOFILE 1048576, AS infinity, DATA infinity, FSIZE infinity
load average:1,11 1,18 1,19

/proc/meminfo:
MemTotal:        5903108 kB
MemFree:          432904 kB
MemAvailable:    1941828 kB
Buffers:          366880 kB
Cached:          1597400 kB
SwapCached:        70028 kB
Active:          3882520 kB
Inactive:        1149092 kB
Active(anon):    2863648 kB
Inactive(anon):   528172 kB
Active(file):    1018872 kB
Inactive(file):   620920 kB
Unevictable:       55984 kB
Mlocked:             128 kB
SwapTotal:      28649464 kB
SwapFree:       28568568 kB
Dirty:              1956 kB
Writeback:             0 kB
AnonPages:       3053580 kB
Mapped:           912808 kB
Shmem:            324272 kB
KReclaimable:     166576 kB
Slab:             228488 kB
SReclaimable:     166576 kB
SUnreclaim:        61912 kB
KernelStack:       18232 kB
PageTables:        68096 kB
NFS_Unstable:          0 kB
Bounce:                0 kB
WritebackTmp:          0 kB
CommitLimit:    31601016 kB
Committed_AS:   10015464 kB
VmallocTotal:   34359738367 kB
VmallocUsed:       39484 kB
VmallocChunk:          0 kB
Percpu:             2976 kB
HardwareCorrupted:     0 kB
AnonHugePages:         0 kB
ShmemHugePages:        0 kB
ShmemPmdMapped:        0 kB
CmaTotal:              0 kB
CmaFree:               0 kB
HugePages_Total:       0
HugePages_Free:        0
HugePages_Rsvd:        0
HugePages_Surp:        0
Hugepagesize:       2048 kB
Hugetlb:               0 kB
DirectMap4k:      235260 kB
DirectMap2M:     5869568 kB


/proc/sys/kernel/threads-max (system-wide limit on the number of threads):
45738


/proc/sys/vm/max_map_count (maximum number of memory map areas a process may have):
65530


/proc/sys/kernel/pid_max (system-wide limit on number of process identifiers):
32768



container (cgroup) information:
container_type: cgroupv1
cpu_cpuset_cpus: 0-3
cpu_memory_nodes: 0
active_processor_count: 4
cpu_quota: -1
cpu_period: 100000
cpu_shares: -1
memory_limit_in_bytes: -1
memory_and_swap_limit_in_bytes: -2
memory_soft_limit_in_bytes: -1
memory_usage_in_bytes: 5209763840
memory_max_usage_in_bytes: 48328704

Steal ticks since vm start: 0
Steal ticks percentage since vm start:  0,000

CPU:total 4 (initial active 4) (2 cores per cpu, 2 threads per core) family 6 model 58 stepping 9, cmov, cx8, fxsr, mmx, sse, sse2, sse3, ssse3, sse4.1, sse4.2, popcnt, avx, aes, clmul, erms, ht, tsc, tscinvbit, tscinv
CPU Model and flags from /proc/cpuinfo:
model name	: Intel(R) Core(TM) i5-3337U CPU @ 1.80GHz
flags		: fpu vme de pse tsc msr pae mce cx8 apic sep mtrr pge mca cmov pat pse36 clflush dts acpi mmx fxsr sse sse2 ss ht tm pbe syscall nx rdtscp lm constant_tsc arch_perfmon pebs bts rep_good nopl xtopology nonstop_tsc cpuid aperfmperf pni pclmulqdq dtes64 monitor ds_cpl vmx est tm2 ssse3 cx16 xtpr pdcm pcid sse4_1 sse4_2 x2apic popcnt tsc_deadline_timer aes xsave avx f16c rdrand lahf_lm cpuid_fault epb pti ssbd ibrs ibpb stibp tpr_shadow vnmi flexpriority ept vpid fsgsbase smep erms xsaveopt dtherm ida arat pln pts md_clear flush_l1d

Memory: 4k page, physical 5903108k(432904k free), swap 28649464k(28568568k free)

vm_info: OpenJDK 64-Bit Server VM (11.0.6+10-post-Ubuntu-1ubuntu118.04.1) for linux-amd64 JRE (11.0.6+10-post-Ubuntu-1ubuntu118.04.1), built on Jan 15 2020 15:14:00 by "unknown" with gcc 7.4.0

END.
